Start testing: Jun 11 11:18 WEST
----------------------------------------------------------
1/17 Testing: DateConstructorTest.ValidDate
1/17 Test: DateConstructorTest.ValidDate
Command: "/Users/vitorteixeira/Desktop/FSOFT/PL3/fsoft2025_1DA_2/ProjectTester/FleetManagerTest/cmake-build-debug/runTests" "--gtest_filter=DateConstructorTest.ValidDate" "--gtest_also_run_disabled_tests"
Directory: /Users/vitorteixeira/Desktop/FSOFT/PL3/fsoft2025_1DA_2/ProjectTester/FleetManagerTest/cmake-build-debug
"DateConstructorTest.ValidDate" start time: Jun 11 11:18 WEST
Output:
----------------------------------------------------------
Running main() from /Users/vitorteixeira/Desktop/FSOFT/PL3/fsoft2025_1DA_2/ProjectTester/FleetManagerTest/googleTestLib/googletest-main/googletest/src/gtest_main.cc
Note: Google Test filter = DateConstructorTest.ValidDate
[==========] Running 1 test from 1 test suite.
[----------] Global test environment set-up.
[----------] 1 test from DateConstructorTest
[ RUN      ] DateConstructorTest.ValidDate
[       OK ] DateConstructorTest.ValidDate (0 ms)
[----------] 1 test from DateConstructorTest (0 ms total)

[----------] Global test environment tear-down
[==========] 1 test from 1 test suite ran. (0 ms total)
[  PASSED  ] 1 test.
<end of output>
Test time =   0.01 sec
----------------------------------------------------------
Test Passed.
"DateConstructorTest.ValidDate" end time: Jun 11 11:18 WEST
"DateConstructorTest.ValidDate" time elapsed: 00:00:00
----------------------------------------------------------

2/17 Testing: DateConstructorTest.InvalidDate
2/17 Test: DateConstructorTest.InvalidDate
Command: "/Users/vitorteixeira/Desktop/FSOFT/PL3/fsoft2025_1DA_2/ProjectTester/FleetManagerTest/cmake-build-debug/runTests" "--gtest_filter=DateConstructorTest.InvalidDate" "--gtest_also_run_disabled_tests"
Directory: /Users/vitorteixeira/Desktop/FSOFT/PL3/fsoft2025_1DA_2/ProjectTester/FleetManagerTest/cmake-build-debug
"DateConstructorTest.InvalidDate" start time: Jun 11 11:18 WEST
Output:
----------------------------------------------------------
Running main() from /Users/vitorteixeira/Desktop/FSOFT/PL3/fsoft2025_1DA_2/ProjectTester/FleetManagerTest/googleTestLib/googletest-main/googletest/src/gtest_main.cc
Note: Google Test filter = DateConstructorTest.InvalidDate
[==========] Running 1 test from 1 test suite.
[----------] Global test environment set-up.
[----------] 1 test from DateConstructorTest
[ RUN      ] DateConstructorTest.InvalidDate
[       OK ] DateConstructorTest.InvalidDate (0 ms)
[----------] 1 test from DateConstructorTest (0 ms total)

[----------] Global test environment tear-down
[==========] 1 test from 1 test suite ran. (0 ms total)
[  PASSED  ] 1 test.
<end of output>
Test time =   0.01 sec
----------------------------------------------------------
Test Passed.
"DateConstructorTest.InvalidDate" end time: Jun 11 11:18 WEST
"DateConstructorTest.InvalidDate" time elapsed: 00:00:00
----------------------------------------------------------

3/17 Testing: DateSetTest.ValidDate
3/17 Test: DateSetTest.ValidDate
Command: "/Users/vitorteixeira/Desktop/FSOFT/PL3/fsoft2025_1DA_2/ProjectTester/FleetManagerTest/cmake-build-debug/runTests" "--gtest_filter=DateSetTest.ValidDate" "--gtest_also_run_disabled_tests"
Directory: /Users/vitorteixeira/Desktop/FSOFT/PL3/fsoft2025_1DA_2/ProjectTester/FleetManagerTest/cmake-build-debug
"DateSetTest.ValidDate" start time: Jun 11 11:18 WEST
Output:
----------------------------------------------------------
Running main() from /Users/vitorteixeira/Desktop/FSOFT/PL3/fsoft2025_1DA_2/ProjectTester/FleetManagerTest/googleTestLib/googletest-main/googletest/src/gtest_main.cc
Note: Google Test filter = DateSetTest.ValidDate
[==========] Running 1 test from 1 test suite.
[----------] Global test environment set-up.
[----------] 1 test from DateSetTest
[ RUN      ] DateSetTest.ValidDate
[       OK ] DateSetTest.ValidDate (0 ms)
[----------] 1 test from DateSetTest (0 ms total)

[----------] Global test environment tear-down
[==========] 1 test from 1 test suite ran. (0 ms total)
[  PASSED  ] 1 test.
<end of output>
Test time =   0.01 sec
----------------------------------------------------------
Test Passed.
"DateSetTest.ValidDate" end time: Jun 11 11:18 WEST
"DateSetTest.ValidDate" time elapsed: 00:00:00
----------------------------------------------------------

4/17 Testing: DateSetTest.InvalidDate
4/17 Test: DateSetTest.InvalidDate
Command: "/Users/vitorteixeira/Desktop/FSOFT/PL3/fsoft2025_1DA_2/ProjectTester/FleetManagerTest/cmake-build-debug/runTests" "--gtest_filter=DateSetTest.InvalidDate" "--gtest_also_run_disabled_tests"
Directory: /Users/vitorteixeira/Desktop/FSOFT/PL3/fsoft2025_1DA_2/ProjectTester/FleetManagerTest/cmake-build-debug
"DateSetTest.InvalidDate" start time: Jun 11 11:18 WEST
Output:
----------------------------------------------------------
Running main() from /Users/vitorteixeira/Desktop/FSOFT/PL3/fsoft2025_1DA_2/ProjectTester/FleetManagerTest/googleTestLib/googletest-main/googletest/src/gtest_main.cc
Note: Google Test filter = DateSetTest.InvalidDate
[==========] Running 1 test from 1 test suite.
[----------] Global test environment set-up.
[----------] 1 test from DateSetTest
[ RUN      ] DateSetTest.InvalidDate
[       OK ] DateSetTest.InvalidDate (0 ms)
[----------] 1 test from DateSetTest (0 ms total)

[----------] Global test environment tear-down
[==========] 1 test from 1 test suite ran. (0 ms total)
[  PASSED  ] 1 test.
<end of output>
Test time =   0.01 sec
----------------------------------------------------------
Test Passed.
"DateSetTest.InvalidDate" end time: Jun 11 11:18 WEST
"DateSetTest.InvalidDate" time elapsed: 00:00:00
----------------------------------------------------------

5/17 Testing: DateEqualTest.EqualDate
5/17 Test: DateEqualTest.EqualDate
Command: "/Users/vitorteixeira/Desktop/FSOFT/PL3/fsoft2025_1DA_2/ProjectTester/FleetManagerTest/cmake-build-debug/runTests" "--gtest_filter=DateEqualTest.EqualDate" "--gtest_also_run_disabled_tests"
Directory: /Users/vitorteixeira/Desktop/FSOFT/PL3/fsoft2025_1DA_2/ProjectTester/FleetManagerTest/cmake-build-debug
"DateEqualTest.EqualDate" start time: Jun 11 11:18 WEST
Output:
----------------------------------------------------------
Running main() from /Users/vitorteixeira/Desktop/FSOFT/PL3/fsoft2025_1DA_2/ProjectTester/FleetManagerTest/googleTestLib/googletest-main/googletest/src/gtest_main.cc
Note: Google Test filter = DateEqualTest.EqualDate
[==========] Running 1 test from 1 test suite.
[----------] Global test environment set-up.
[----------] 1 test from DateEqualTest
[ RUN      ] DateEqualTest.EqualDate
[       OK ] DateEqualTest.EqualDate (0 ms)
[----------] 1 test from DateEqualTest (0 ms total)

[----------] Global test environment tear-down
[==========] 1 test from 1 test suite ran. (0 ms total)
[  PASSED  ] 1 test.
<end of output>
Test time =   0.01 sec
----------------------------------------------------------
Test Passed.
"DateEqualTest.EqualDate" end time: Jun 11 11:18 WEST
"DateEqualTest.EqualDate" time elapsed: 00:00:00
----------------------------------------------------------

6/17 Testing: DateOperatorHigherTest.HigherDate
6/17 Test: DateOperatorHigherTest.HigherDate
Command: "/Users/vitorteixeira/Desktop/FSOFT/PL3/fsoft2025_1DA_2/ProjectTester/FleetManagerTest/cmake-build-debug/runTests" "--gtest_filter=DateOperatorHigherTest.HigherDate" "--gtest_also_run_disabled_tests"
Directory: /Users/vitorteixeira/Desktop/FSOFT/PL3/fsoft2025_1DA_2/ProjectTester/FleetManagerTest/cmake-build-debug
"DateOperatorHigherTest.HigherDate" start time: Jun 11 11:18 WEST
Output:
----------------------------------------------------------
Running main() from /Users/vitorteixeira/Desktop/FSOFT/PL3/fsoft2025_1DA_2/ProjectTester/FleetManagerTest/googleTestLib/googletest-main/googletest/src/gtest_main.cc
Note: Google Test filter = DateOperatorHigherTest.HigherDate
[==========] Running 1 test from 1 test suite.
[----------] Global test environment set-up.
[----------] 1 test from DateOperatorHigherTest
[ RUN      ] DateOperatorHigherTest.HigherDate
[       OK ] DateOperatorHigherTest.HigherDate (0 ms)
[----------] 1 test from DateOperatorHigherTest (0 ms total)

[----------] Global test environment tear-down
[==========] 1 test from 1 test suite ran. (0 ms total)
[  PASSED  ] 1 test.
<end of output>
Test time =   0.01 sec
----------------------------------------------------------
Test Passed.
"DateOperatorHigherTest.HigherDate" end time: Jun 11 11:18 WEST
"DateOperatorHigherTest.HigherDate" time elapsed: 00:00:00
----------------------------------------------------------

7/17 Testing: DateOperatorHigherTest.LowerDate
7/17 Test: DateOperatorHigherTest.LowerDate
Command: "/Users/vitorteixeira/Desktop/FSOFT/PL3/fsoft2025_1DA_2/ProjectTester/FleetManagerTest/cmake-build-debug/runTests" "--gtest_filter=DateOperatorHigherTest.LowerDate" "--gtest_also_run_disabled_tests"
Directory: /Users/vitorteixeira/Desktop/FSOFT/PL3/fsoft2025_1DA_2/ProjectTester/FleetManagerTest/cmake-build-debug
"DateOperatorHigherTest.LowerDate" start time: Jun 11 11:18 WEST
Output:
----------------------------------------------------------
Running main() from /Users/vitorteixeira/Desktop/FSOFT/PL3/fsoft2025_1DA_2/ProjectTester/FleetManagerTest/googleTestLib/googletest-main/googletest/src/gtest_main.cc
Note: Google Test filter = DateOperatorHigherTest.LowerDate
[==========] Running 1 test from 1 test suite.
[----------] Global test environment set-up.
[----------] 1 test from DateOperatorHigherTest
[ RUN      ] DateOperatorHigherTest.LowerDate
[       OK ] DateOperatorHigherTest.LowerDate (0 ms)
[----------] 1 test from DateOperatorHigherTest (0 ms total)

[----------] Global test environment tear-down
[==========] 1 test from 1 test suite ran. (0 ms total)
[  PASSED  ] 1 test.
<end of output>
Test time =   0.01 sec
----------------------------------------------------------
Test Passed.
"DateOperatorHigherTest.LowerDate" end time: Jun 11 11:18 WEST
"DateOperatorHigherTest.LowerDate" time elapsed: 00:00:00
----------------------------------------------------------

8/17 Testing: DateOperatorLowerTest.HigherDate
8/17 Test: DateOperatorLowerTest.HigherDate
Command: "/Users/vitorteixeira/Desktop/FSOFT/PL3/fsoft2025_1DA_2/ProjectTester/FleetManagerTest/cmake-build-debug/runTests" "--gtest_filter=DateOperatorLowerTest.HigherDate" "--gtest_also_run_disabled_tests"
Directory: /Users/vitorteixeira/Desktop/FSOFT/PL3/fsoft2025_1DA_2/ProjectTester/FleetManagerTest/cmake-build-debug
"DateOperatorLowerTest.HigherDate" start time: Jun 11 11:18 WEST
Output:
----------------------------------------------------------
Running main() from /Users/vitorteixeira/Desktop/FSOFT/PL3/fsoft2025_1DA_2/ProjectTester/FleetManagerTest/googleTestLib/googletest-main/googletest/src/gtest_main.cc
Note: Google Test filter = DateOperatorLowerTest.HigherDate
[==========] Running 1 test from 1 test suite.
[----------] Global test environment set-up.
[----------] 1 test from DateOperatorLowerTest
[ RUN      ] DateOperatorLowerTest.HigherDate
[       OK ] DateOperatorLowerTest.HigherDate (0 ms)
[----------] 1 test from DateOperatorLowerTest (0 ms total)

[----------] Global test environment tear-down
[==========] 1 test from 1 test suite ran. (0 ms total)
[  PASSED  ] 1 test.
<end of output>
Test time =   0.01 sec
----------------------------------------------------------
Test Passed.
"DateOperatorLowerTest.HigherDate" end time: Jun 11 11:18 WEST
"DateOperatorLowerTest.HigherDate" time elapsed: 00:00:00
----------------------------------------------------------

9/17 Testing: DateOperatorLowerTest.LowerDate
9/17 Test: DateOperatorLowerTest.LowerDate
Command: "/Users/vitorteixeira/Desktop/FSOFT/PL3/fsoft2025_1DA_2/ProjectTester/FleetManagerTest/cmake-build-debug/runTests" "--gtest_filter=DateOperatorLowerTest.LowerDate" "--gtest_also_run_disabled_tests"
Directory: /Users/vitorteixeira/Desktop/FSOFT/PL3/fsoft2025_1DA_2/ProjectTester/FleetManagerTest/cmake-build-debug
"DateOperatorLowerTest.LowerDate" start time: Jun 11 11:18 WEST
Output:
----------------------------------------------------------
Running main() from /Users/vitorteixeira/Desktop/FSOFT/PL3/fsoft2025_1DA_2/ProjectTester/FleetManagerTest/googleTestLib/googletest-main/googletest/src/gtest_main.cc
Note: Google Test filter = DateOperatorLowerTest.LowerDate
[==========] Running 1 test from 1 test suite.
[----------] Global test environment set-up.
[----------] 1 test from DateOperatorLowerTest
[ RUN      ] DateOperatorLowerTest.LowerDate
[       OK ] DateOperatorLowerTest.LowerDate (0 ms)
[----------] 1 test from DateOperatorLowerTest (0 ms total)

[----------] Global test environment tear-down
[==========] 1 test from 1 test suite ran. (0 ms total)
[  PASSED  ] 1 test.
<end of output>
Test time =   0.01 sec
----------------------------------------------------------
Test Passed.
"DateOperatorLowerTest.LowerDate" end time: Jun 11 11:18 WEST
"DateOperatorLowerTest.LowerDate" time elapsed: 00:00:00
----------------------------------------------------------

10/17 Testing: TripTest.ConstructorAndInicialization
10/17 Test: TripTest.ConstructorAndInicialization
Command: "/Users/vitorteixeira/Desktop/FSOFT/PL3/fsoft2025_1DA_2/ProjectTester/FleetManagerTest/cmake-build-debug/runTests" "--gtest_filter=TripTest.ConstructorAndInicialization" "--gtest_also_run_disabled_tests"
Directory: /Users/vitorteixeira/Desktop/FSOFT/PL3/fsoft2025_1DA_2/ProjectTester/FleetManagerTest/cmake-build-debug
"TripTest.ConstructorAndInicialization" start time: Jun 11 11:18 WEST
Output:
----------------------------------------------------------
Running main() from /Users/vitorteixeira/Desktop/FSOFT/PL3/fsoft2025_1DA_2/ProjectTester/FleetManagerTest/googleTestLib/googletest-main/googletest/src/gtest_main.cc
Note: Google Test filter = TripTest.ConstructorAndInicialization
[==========] Running 1 test from 1 test suite.
[----------] Global test environment set-up.
[----------] 1 test from TripTest
[ RUN      ] TripTest.ConstructorAndInicialization
[       OK ] TripTest.ConstructorAndInicialization (0 ms)
[----------] 1 test from TripTest (0 ms total)

[----------] Global test environment tear-down
[==========] 1 test from 1 test suite ran. (0 ms total)
[  PASSED  ] 1 test.
<end of output>
Test time =   0.01 sec
----------------------------------------------------------
Test Passed.
"TripTest.ConstructorAndInicialization" end time: Jun 11 11:18 WEST
"TripTest.ConstructorAndInicialization" time elapsed: 00:00:00
----------------------------------------------------------

11/17 Testing: TripTest.TestSetTrip
11/17 Test: TripTest.TestSetTrip
Command: "/Users/vitorteixeira/Desktop/FSOFT/PL3/fsoft2025_1DA_2/ProjectTester/FleetManagerTest/cmake-build-debug/runTests" "--gtest_filter=TripTest.TestSetTrip" "--gtest_also_run_disabled_tests"
Directory: /Users/vitorteixeira/Desktop/FSOFT/PL3/fsoft2025_1DA_2/ProjectTester/FleetManagerTest/cmake-build-debug
"TripTest.TestSetTrip" start time: Jun 11 11:18 WEST
Output:
----------------------------------------------------------
Running main() from /Users/vitorteixeira/Desktop/FSOFT/PL3/fsoft2025_1DA_2/ProjectTester/FleetManagerTest/googleTestLib/googletest-main/googletest/src/gtest_main.cc
Note: Google Test filter = TripTest.TestSetTrip
[==========] Running 1 test from 1 test suite.
[----------] Global test environment set-up.
[----------] 1 test from TripTest
[ RUN      ] TripTest.TestSetTrip
[       OK ] TripTest.TestSetTrip (0 ms)
[----------] 1 test from TripTest (0 ms total)

[----------] Global test environment tear-down
[==========] 1 test from 1 test suite ran. (0 ms total)
[  PASSED  ] 1 test.
<end of output>
Test time =   0.01 sec
----------------------------------------------------------
Test Passed.
"TripTest.TestSetTrip" end time: Jun 11 11:18 WEST
"TripTest.TestSetTrip" time elapsed: 00:00:00
----------------------------------------------------------

12/17 Testing: TripTest.TripSuppressedState
12/17 Test: TripTest.TripSuppressedState
Command: "/Users/vitorteixeira/Desktop/FSOFT/PL3/fsoft2025_1DA_2/ProjectTester/FleetManagerTest/cmake-build-debug/runTests" "--gtest_filter=TripTest.TripSuppressedState" "--gtest_also_run_disabled_tests"
Directory: /Users/vitorteixeira/Desktop/FSOFT/PL3/fsoft2025_1DA_2/ProjectTester/FleetManagerTest/cmake-build-debug
"TripTest.TripSuppressedState" start time: Jun 11 11:18 WEST
Output:
----------------------------------------------------------
Running main() from /Users/vitorteixeira/Desktop/FSOFT/PL3/fsoft2025_1DA_2/ProjectTester/FleetManagerTest/googleTestLib/googletest-main/googletest/src/gtest_main.cc
Note: Google Test filter = TripTest.TripSuppressedState
[==========] Running 1 test from 1 test suite.
[----------] Global test environment set-up.
[----------] 1 test from TripTest
[ RUN      ] TripTest.TripSuppressedState
[       OK ] TripTest.TripSuppressedState (0 ms)
[----------] 1 test from TripTest (0 ms total)

[----------] Global test environment tear-down
[==========] 1 test from 1 test suite ran. (0 ms total)
[  PASSED  ] 1 test.
<end of output>
Test time =   0.01 sec
----------------------------------------------------------
Test Passed.
"TripTest.TripSuppressedState" end time: Jun 11 11:18 WEST
"TripTest.TripSuppressedState" time elapsed: 00:00:00
----------------------------------------------------------

13/17 Testing: TripTest.TripIncomingState
13/17 Test: TripTest.TripIncomingState
Command: "/Users/vitorteixeira/Desktop/FSOFT/PL3/fsoft2025_1DA_2/ProjectTester/FleetManagerTest/cmake-build-debug/runTests" "--gtest_filter=TripTest.TripIncomingState" "--gtest_also_run_disabled_tests"
Directory: /Users/vitorteixeira/Desktop/FSOFT/PL3/fsoft2025_1DA_2/ProjectTester/FleetManagerTest/cmake-build-debug
"TripTest.TripIncomingState" start time: Jun 11 11:18 WEST
Output:
----------------------------------------------------------
Running main() from /Users/vitorteixeira/Desktop/FSOFT/PL3/fsoft2025_1DA_2/ProjectTester/FleetManagerTest/googleTestLib/googletest-main/googletest/src/gtest_main.cc
Note: Google Test filter = TripTest.TripIncomingState
[==========] Running 1 test from 1 test suite.
[----------] Global test environment set-up.
[----------] 1 test from TripTest
[ RUN      ] TripTest.TripIncomingState
[       OK ] TripTest.TripIncomingState (0 ms)
[----------] 1 test from TripTest (0 ms total)

[----------] Global test environment tear-down
[==========] 1 test from 1 test suite ran. (0 ms total)
[  PASSED  ] 1 test.
<end of output>
Test time =   0.01 sec
----------------------------------------------------------
Test Passed.
"TripTest.TripIncomingState" end time: Jun 11 11:18 WEST
"TripTest.TripIncomingState" time elapsed: 00:00:00
----------------------------------------------------------

14/17 Testing: TripTest.TripDeliveredState
14/17 Test: TripTest.TripDeliveredState
Command: "/Users/vitorteixeira/Desktop/FSOFT/PL3/fsoft2025_1DA_2/ProjectTester/FleetManagerTest/cmake-build-debug/runTests" "--gtest_filter=TripTest.TripDeliveredState" "--gtest_also_run_disabled_tests"
Directory: /Users/vitorteixeira/Desktop/FSOFT/PL3/fsoft2025_1DA_2/ProjectTester/FleetManagerTest/cmake-build-debug
"TripTest.TripDeliveredState" start time: Jun 11 11:18 WEST
Output:
----------------------------------------------------------
Running main() from /Users/vitorteixeira/Desktop/FSOFT/PL3/fsoft2025_1DA_2/ProjectTester/FleetManagerTest/googleTestLib/googletest-main/googletest/src/gtest_main.cc
Note: Google Test filter = TripTest.TripDeliveredState
[==========] Running 1 test from 1 test suite.
[----------] Global test environment set-up.
[----------] 1 test from TripTest
[ RUN      ] TripTest.TripDeliveredState
[       OK ] TripTest.TripDeliveredState (0 ms)
[----------] 1 test from TripTest (0 ms total)

[----------] Global test environment tear-down
[==========] 1 test from 1 test suite ran. (0 ms total)
[  PASSED  ] 1 test.
<end of output>
Test time =   0.01 sec
----------------------------------------------------------
Test Passed.
"TripTest.TripDeliveredState" end time: Jun 11 11:18 WEST
"TripTest.TripDeliveredState" time elapsed: 00:00:00
----------------------------------------------------------

15/17 Testing: TripTest.TripFailedState
15/17 Test: TripTest.TripFailedState
Command: "/Users/vitorteixeira/Desktop/FSOFT/PL3/fsoft2025_1DA_2/ProjectTester/FleetManagerTest/cmake-build-debug/runTests" "--gtest_filter=TripTest.TripFailedState" "--gtest_also_run_disabled_tests"
Directory: /Users/vitorteixeira/Desktop/FSOFT/PL3/fsoft2025_1DA_2/ProjectTester/FleetManagerTest/cmake-build-debug
"TripTest.TripFailedState" start time: Jun 11 11:18 WEST
Output:
----------------------------------------------------------
Running main() from /Users/vitorteixeira/Desktop/FSOFT/PL3/fsoft2025_1DA_2/ProjectTester/FleetManagerTest/googleTestLib/googletest-main/googletest/src/gtest_main.cc
Note: Google Test filter = TripTest.TripFailedState
[==========] Running 1 test from 1 test suite.
[----------] Global test environment set-up.
[----------] 1 test from TripTest
[ RUN      ] TripTest.TripFailedState
[       OK ] TripTest.TripFailedState (0 ms)
[----------] 1 test from TripTest (0 ms total)

[----------] Global test environment tear-down
[==========] 1 test from 1 test suite ran. (0 ms total)
[  PASSED  ] 1 test.
<end of output>
Test time =   0.01 sec
----------------------------------------------------------
Test Passed.
"TripTest.TripFailedState" end time: Jun 11 11:18 WEST
"TripTest.TripFailedState" time elapsed: 00:00:00
----------------------------------------------------------

16/17 Testing: driverTest.ConstructorAndInicialization
16/17 Test: driverTest.ConstructorAndInicialization
Command: "/Users/vitorteixeira/Desktop/FSOFT/PL3/fsoft2025_1DA_2/ProjectTester/FleetManagerTest/cmake-build-debug/runTests" "--gtest_filter=driverTest.ConstructorAndInicialization" "--gtest_also_run_disabled_tests"
Directory: /Users/vitorteixeira/Desktop/FSOFT/PL3/fsoft2025_1DA_2/ProjectTester/FleetManagerTest/cmake-build-debug
"driverTest.ConstructorAndInicialization" start time: Jun 11 11:18 WEST
Output:
----------------------------------------------------------
Running main() from /Users/vitorteixeira/Desktop/FSOFT/PL3/fsoft2025_1DA_2/ProjectTester/FleetManagerTest/googleTestLib/googletest-main/googletest/src/gtest_main.cc
Note: Google Test filter = driverTest.ConstructorAndInicialization
[==========] Running 1 test from 1 test suite.
[----------] Global test environment set-up.
[----------] 1 test from driverTest
[ RUN      ] driverTest.ConstructorAndInicialization
[       OK ] driverTest.ConstructorAndInicialization (0 ms)
[----------] 1 test from driverTest (0 ms total)

[----------] Global test environment tear-down
[==========] 1 test from 1 test suite ran. (0 ms total)
[  PASSED  ] 1 test.
<end of output>
Test time =   0.01 sec
----------------------------------------------------------
Test Passed.
"driverTest.ConstructorAndInicialization" end time: Jun 11 11:18 WEST
"driverTest.ConstructorAndInicialization" time elapsed: 00:00:00
----------------------------------------------------------

17/17 Testing: driverTest.TestSetDriver
17/17 Test: driverTest.TestSetDriver
Command: "/Users/vitorteixeira/Desktop/FSOFT/PL3/fsoft2025_1DA_2/ProjectTester/FleetManagerTest/cmake-build-debug/runTests" "--gtest_filter=driverTest.TestSetDriver" "--gtest_also_run_disabled_tests"
Directory: /Users/vitorteixeira/Desktop/FSOFT/PL3/fsoft2025_1DA_2/ProjectTester/FleetManagerTest/cmake-build-debug
"driverTest.TestSetDriver" start time: Jun 11 11:18 WEST
Output:
----------------------------------------------------------
Running main() from /Users/vitorteixeira/Desktop/FSOFT/PL3/fsoft2025_1DA_2/ProjectTester/FleetManagerTest/googleTestLib/googletest-main/googletest/src/gtest_main.cc
Note: Google Test filter = driverTest.TestSetDriver
[==========] Running 1 test from 1 test suite.
[----------] Global test environment set-up.
[----------] 1 test from driverTest
[ RUN      ] driverTest.TestSetDriver
[       OK ] driverTest.TestSetDriver (0 ms)
[----------] 1 test from driverTest (0 ms total)

[----------] Global test environment tear-down
[==========] 1 test from 1 test suite ran. (0 ms total)
[  PASSED  ] 1 test.
<end of output>
Test time =   0.01 sec
----------------------------------------------------------
Test Passed.
"driverTest.TestSetDriver" end time: Jun 11 11:18 WEST
"driverTest.TestSetDriver" time elapsed: 00:00:00
----------------------------------------------------------

End testing: Jun 11 11:18 WEST
