Start testing: Jun 12 11:02 WEST
----------------------------------------------------------
1/51 Testing: OrderTest.ConstructorAndInicialization
1/51 Test: OrderTest.ConstructorAndInicialization
Command: "/home/dinis/CLionProjects/fsoft2025_1DA_2_definitivo/ProjectTester/FleetManagerTest/cmake-build-debug/runTests" "--gtest_filter=OrderTest.ConstructorAndInicialization" "--gtest_also_run_disabled_tests"
Directory: /home/dinis/CLionProjects/fsoft2025_1DA_2_definitivo/ProjectTester/FleetManagerTest/cmake-build-debug
"OrderTest.ConstructorAndInicialization" start time: Jun 12 11:02 WEST
Output:
----------------------------------------------------------
Running main() from /home/dinis/CLionProjects/fsoft2025_1DA_2_definitivo/ProjectTester/FleetManagerTest/googleTestLib/googletest-main/googletest/src/gtest_main.cc
Note: Google Test filter = OrderTest.ConstructorAndInicialization
[==========] Running 1 test from 1 test suite.
[----------] Global test environment set-up.
[----------] 1 test from OrderTest
[ RUN      ] OrderTest.ConstructorAndInicialization
[       OK ] OrderTest.ConstructorAndInicialization (0 ms)
[----------] 1 test from OrderTest (0 ms total)

[----------] Global test environment tear-down
[==========] 1 test from 1 test suite ran. (0 ms total)
[  PASSED  ] 1 test.
<end of output>
Test time =   0.00 sec
----------------------------------------------------------
Test Passed.
"OrderTest.ConstructorAndInicialization" end time: Jun 12 11:02 WEST
"OrderTest.ConstructorAndInicialization" time elapsed: 00:00:00
----------------------------------------------------------

2/51 Testing: OrderTest.TestSetOrder
2/51 Test: OrderTest.TestSetOrder
Command: "/home/dinis/CLionProjects/fsoft2025_1DA_2_definitivo/ProjectTester/FleetManagerTest/cmake-build-debug/runTests" "--gtest_filter=OrderTest.TestSetOrder" "--gtest_also_run_disabled_tests"
Directory: /home/dinis/CLionProjects/fsoft2025_1DA_2_definitivo/ProjectTester/FleetManagerTest/cmake-build-debug
"OrderTest.TestSetOrder" start time: Jun 12 11:02 WEST
Output:
----------------------------------------------------------
Running main() from /home/dinis/CLionProjects/fsoft2025_1DA_2_definitivo/ProjectTester/FleetManagerTest/googleTestLib/googletest-main/googletest/src/gtest_main.cc
Note: Google Test filter = OrderTest.TestSetOrder
[==========] Running 1 test from 1 test suite.
[----------] Global test environment set-up.
[----------] 1 test from OrderTest
[ RUN      ] OrderTest.TestSetOrder
[       OK ] OrderTest.TestSetOrder (0 ms)
[----------] 1 test from OrderTest (0 ms total)

[----------] Global test environment tear-down
[==========] 1 test from 1 test suite ran. (0 ms total)
[  PASSED  ] 1 test.
<end of output>
Test time =   0.00 sec
----------------------------------------------------------
Test Passed.
"OrderTest.TestSetOrder" end time: Jun 12 11:02 WEST
"OrderTest.TestSetOrder" time elapsed: 00:00:00
----------------------------------------------------------

3/51 Testing: OrderTest.TestOrderStatusDefault
3/51 Test: OrderTest.TestOrderStatusDefault
Command: "/home/dinis/CLionProjects/fsoft2025_1DA_2_definitivo/ProjectTester/FleetManagerTest/cmake-build-debug/runTests" "--gtest_filter=OrderTest.TestOrderStatusDefault" "--gtest_also_run_disabled_tests"
Directory: /home/dinis/CLionProjects/fsoft2025_1DA_2_definitivo/ProjectTester/FleetManagerTest/cmake-build-debug
"OrderTest.TestOrderStatusDefault" start time: Jun 12 11:02 WEST
Output:
----------------------------------------------------------
Running main() from /home/dinis/CLionProjects/fsoft2025_1DA_2_definitivo/ProjectTester/FleetManagerTest/googleTestLib/googletest-main/googletest/src/gtest_main.cc
Note: Google Test filter = OrderTest.TestOrderStatusDefault
[==========] Running 1 test from 1 test suite.
[----------] Global test environment set-up.
[----------] 1 test from OrderTest
[ RUN      ] OrderTest.TestOrderStatusDefault
[       OK ] OrderTest.TestOrderStatusDefault (0 ms)
[----------] 1 test from OrderTest (0 ms total)

[----------] Global test environment tear-down
[==========] 1 test from 1 test suite ran. (0 ms total)
[  PASSED  ] 1 test.
<end of output>
Test time =   0.00 sec
----------------------------------------------------------
Test Passed.
"OrderTest.TestOrderStatusDefault" end time: Jun 12 11:02 WEST
"OrderTest.TestOrderStatusDefault" time elapsed: 00:00:00
----------------------------------------------------------

4/51 Testing: OrderTest.TestOrderStatusChange
4/51 Test: OrderTest.TestOrderStatusChange
Command: "/home/dinis/CLionProjects/fsoft2025_1DA_2_definitivo/ProjectTester/FleetManagerTest/cmake-build-debug/runTests" "--gtest_filter=OrderTest.TestOrderStatusChange" "--gtest_also_run_disabled_tests"
Directory: /home/dinis/CLionProjects/fsoft2025_1DA_2_definitivo/ProjectTester/FleetManagerTest/cmake-build-debug
"OrderTest.TestOrderStatusChange" start time: Jun 12 11:02 WEST
Output:
----------------------------------------------------------
Running main() from /home/dinis/CLionProjects/fsoft2025_1DA_2_definitivo/ProjectTester/FleetManagerTest/googleTestLib/googletest-main/googletest/src/gtest_main.cc
Note: Google Test filter = OrderTest.TestOrderStatusChange
[==========] Running 1 test from 1 test suite.
[----------] Global test environment set-up.
[----------] 1 test from OrderTest
[ RUN      ] OrderTest.TestOrderStatusChange
[       OK ] OrderTest.TestOrderStatusChange (0 ms)
[----------] 1 test from OrderTest (0 ms total)

[----------] Global test environment tear-down
[==========] 1 test from 1 test suite ran. (0 ms total)
[  PASSED  ] 1 test.
<end of output>
Test time =   0.00 sec
----------------------------------------------------------
Test Passed.
"OrderTest.TestOrderStatusChange" end time: Jun 12 11:02 WEST
"OrderTest.TestOrderStatusChange" time elapsed: 00:00:00
----------------------------------------------------------

5/51 Testing: OrderTest.TestRemoveOrderFromContainer
5/51 Test: OrderTest.TestRemoveOrderFromContainer
Command: "/home/dinis/CLionProjects/fsoft2025_1DA_2_definitivo/ProjectTester/FleetManagerTest/cmake-build-debug/runTests" "--gtest_filter=OrderTest.TestRemoveOrderFromContainer" "--gtest_also_run_disabled_tests"
Directory: /home/dinis/CLionProjects/fsoft2025_1DA_2_definitivo/ProjectTester/FleetManagerTest/cmake-build-debug
"OrderTest.TestRemoveOrderFromContainer" start time: Jun 12 11:02 WEST
Output:
----------------------------------------------------------
Running main() from /home/dinis/CLionProjects/fsoft2025_1DA_2_definitivo/ProjectTester/FleetManagerTest/googleTestLib/googletest-main/googletest/src/gtest_main.cc
Note: Google Test filter = OrderTest.TestRemoveOrderFromContainer
[==========] Running 1 test from 1 test suite.
[----------] Global test environment set-up.
[----------] 1 test from OrderTest
[ RUN      ] OrderTest.TestRemoveOrderFromContainer
[       OK ] OrderTest.TestRemoveOrderFromContainer (0 ms)
[----------] 1 test from OrderTest (0 ms total)

[----------] Global test environment tear-down
[==========] 1 test from 1 test suite ran. (0 ms total)
[  PASSED  ] 1 test.
<end of output>
Test time =   0.00 sec
----------------------------------------------------------
Test Passed.
"OrderTest.TestRemoveOrderFromContainer" end time: Jun 12 11:02 WEST
"OrderTest.TestRemoveOrderFromContainer" time elapsed: 00:00:00
----------------------------------------------------------

6/51 Testing: OrderTest.TestFindOrderInContainer
6/51 Test: OrderTest.TestFindOrderInContainer
Command: "/home/dinis/CLionProjects/fsoft2025_1DA_2_definitivo/ProjectTester/FleetManagerTest/cmake-build-debug/runTests" "--gtest_filter=OrderTest.TestFindOrderInContainer" "--gtest_also_run_disabled_tests"
Directory: /home/dinis/CLionProjects/fsoft2025_1DA_2_definitivo/ProjectTester/FleetManagerTest/cmake-build-debug
"OrderTest.TestFindOrderInContainer" start time: Jun 12 11:02 WEST
Output:
----------------------------------------------------------
Running main() from /home/dinis/CLionProjects/fsoft2025_1DA_2_definitivo/ProjectTester/FleetManagerTest/googleTestLib/googletest-main/googletest/src/gtest_main.cc
Note: Google Test filter = OrderTest.TestFindOrderInContainer
[==========] Running 1 test from 1 test suite.
[----------] Global test environment set-up.
[----------] 1 test from OrderTest
[ RUN      ] OrderTest.TestFindOrderInContainer
[       OK ] OrderTest.TestFindOrderInContainer (0 ms)
[----------] 1 test from OrderTest (0 ms total)

[----------] Global test environment tear-down
[==========] 1 test from 1 test suite ran. (0 ms total)
[  PASSED  ] 1 test.
<end of output>
Test time =   0.00 sec
----------------------------------------------------------
Test Passed.
"OrderTest.TestFindOrderInContainer" end time: Jun 12 11:02 WEST
"OrderTest.TestFindOrderInContainer" time elapsed: 00:00:00
----------------------------------------------------------

7/51 Testing: OrderTest.TestListOrders
7/51 Test: OrderTest.TestListOrders
Command: "/home/dinis/CLionProjects/fsoft2025_1DA_2_definitivo/ProjectTester/FleetManagerTest/cmake-build-debug/runTests" "--gtest_filter=OrderTest.TestListOrders" "--gtest_also_run_disabled_tests"
Directory: /home/dinis/CLionProjects/fsoft2025_1DA_2_definitivo/ProjectTester/FleetManagerTest/cmake-build-debug
"OrderTest.TestListOrders" start time: Jun 12 11:02 WEST
Output:
----------------------------------------------------------
Running main() from /home/dinis/CLionProjects/fsoft2025_1DA_2_definitivo/ProjectTester/FleetManagerTest/googleTestLib/googletest-main/googletest/src/gtest_main.cc
Note: Google Test filter = OrderTest.TestListOrders
[==========] Running 1 test from 1 test suite.
[----------] Global test environment set-up.
[----------] 1 test from OrderTest
[ RUN      ] OrderTest.TestListOrders
[       OK ] OrderTest.TestListOrders (0 ms)
[----------] 1 test from OrderTest (0 ms total)

[----------] Global test environment tear-down
[==========] 1 test from 1 test suite ran. (0 ms total)
[  PASSED  ] 1 test.
<end of output>
Test time =   0.00 sec
----------------------------------------------------------
Test Passed.
"OrderTest.TestListOrders" end time: Jun 12 11:02 WEST
"OrderTest.TestListOrders" time elapsed: 00:00:00
----------------------------------------------------------

8/51 Testing: OrderTest.TestListOrdersByClient
8/51 Test: OrderTest.TestListOrdersByClient
Command: "/home/dinis/CLionProjects/fsoft2025_1DA_2_definitivo/ProjectTester/FleetManagerTest/cmake-build-debug/runTests" "--gtest_filter=OrderTest.TestListOrdersByClient" "--gtest_also_run_disabled_tests"
Directory: /home/dinis/CLionProjects/fsoft2025_1DA_2_definitivo/ProjectTester/FleetManagerTest/cmake-build-debug
"OrderTest.TestListOrdersByClient" start time: Jun 12 11:02 WEST
Output:
----------------------------------------------------------
Running main() from /home/dinis/CLionProjects/fsoft2025_1DA_2_definitivo/ProjectTester/FleetManagerTest/googleTestLib/googletest-main/googletest/src/gtest_main.cc
Note: Google Test filter = OrderTest.TestListOrdersByClient
[==========] Running 1 test from 1 test suite.
[----------] Global test environment set-up.
[----------] 1 test from OrderTest
[ RUN      ] OrderTest.TestListOrdersByClient
[       OK ] OrderTest.TestListOrdersByClient (0 ms)
[----------] 1 test from OrderTest (0 ms total)

[----------] Global test environment tear-down
[==========] 1 test from 1 test suite ran. (0 ms total)
[  PASSED  ] 1 test.
<end of output>
Test time =   0.00 sec
----------------------------------------------------------
Test Passed.
"OrderTest.TestListOrdersByClient" end time: Jun 12 11:02 WEST
"OrderTest.TestListOrdersByClient" time elapsed: 00:00:00
----------------------------------------------------------

9/51 Testing: DateConstructorTest.ValidDate
9/51 Test: DateConstructorTest.ValidDate
Command: "/home/dinis/CLionProjects/fsoft2025_1DA_2_definitivo/ProjectTester/FleetManagerTest/cmake-build-debug/runTests" "--gtest_filter=DateConstructorTest.ValidDate" "--gtest_also_run_disabled_tests"
Directory: /home/dinis/CLionProjects/fsoft2025_1DA_2_definitivo/ProjectTester/FleetManagerTest/cmake-build-debug
"DateConstructorTest.ValidDate" start time: Jun 12 11:02 WEST
Output:
----------------------------------------------------------
Running main() from /home/dinis/CLionProjects/fsoft2025_1DA_2_definitivo/ProjectTester/FleetManagerTest/googleTestLib/googletest-main/googletest/src/gtest_main.cc
Note: Google Test filter = DateConstructorTest.ValidDate
[==========] Running 1 test from 1 test suite.
[----------] Global test environment set-up.
[----------] 1 test from DateConstructorTest
[ RUN      ] DateConstructorTest.ValidDate
[       OK ] DateConstructorTest.ValidDate (0 ms)
[----------] 1 test from DateConstructorTest (0 ms total)

[----------] Global test environment tear-down
[==========] 1 test from 1 test suite ran. (0 ms total)
[  PASSED  ] 1 test.
<end of output>
Test time =   0.00 sec
----------------------------------------------------------
Test Passed.
"DateConstructorTest.ValidDate" end time: Jun 12 11:02 WEST
"DateConstructorTest.ValidDate" time elapsed: 00:00:00
----------------------------------------------------------

10/51 Testing: DateConstructorTest.InvalidDate
10/51 Test: DateConstructorTest.InvalidDate
Command: "/home/dinis/CLionProjects/fsoft2025_1DA_2_definitivo/ProjectTester/FleetManagerTest/cmake-build-debug/runTests" "--gtest_filter=DateConstructorTest.InvalidDate" "--gtest_also_run_disabled_tests"
Directory: /home/dinis/CLionProjects/fsoft2025_1DA_2_definitivo/ProjectTester/FleetManagerTest/cmake-build-debug
"DateConstructorTest.InvalidDate" start time: Jun 12 11:02 WEST
Output:
----------------------------------------------------------
Running main() from /home/dinis/CLionProjects/fsoft2025_1DA_2_definitivo/ProjectTester/FleetManagerTest/googleTestLib/googletest-main/googletest/src/gtest_main.cc
Note: Google Test filter = DateConstructorTest.InvalidDate
[==========] Running 1 test from 1 test suite.
[----------] Global test environment set-up.
[----------] 1 test from DateConstructorTest
[ RUN      ] DateConstructorTest.InvalidDate
[       OK ] DateConstructorTest.InvalidDate (0 ms)
[----------] 1 test from DateConstructorTest (0 ms total)

[----------] Global test environment tear-down
[==========] 1 test from 1 test suite ran. (0 ms total)
[  PASSED  ] 1 test.
<end of output>
Test time =   0.00 sec
----------------------------------------------------------
Test Passed.
"DateConstructorTest.InvalidDate" end time: Jun 12 11:02 WEST
"DateConstructorTest.InvalidDate" time elapsed: 00:00:00
----------------------------------------------------------

11/51 Testing: DateSetTest.ValidDate
11/51 Test: DateSetTest.ValidDate
Command: "/home/dinis/CLionProjects/fsoft2025_1DA_2_definitivo/ProjectTester/FleetManagerTest/cmake-build-debug/runTests" "--gtest_filter=DateSetTest.ValidDate" "--gtest_also_run_disabled_tests"
Directory: /home/dinis/CLionProjects/fsoft2025_1DA_2_definitivo/ProjectTester/FleetManagerTest/cmake-build-debug
"DateSetTest.ValidDate" start time: Jun 12 11:02 WEST
Output:
----------------------------------------------------------
Running main() from /home/dinis/CLionProjects/fsoft2025_1DA_2_definitivo/ProjectTester/FleetManagerTest/googleTestLib/googletest-main/googletest/src/gtest_main.cc
Note: Google Test filter = DateSetTest.ValidDate
[==========] Running 1 test from 1 test suite.
[----------] Global test environment set-up.
[----------] 1 test from DateSetTest
[ RUN      ] DateSetTest.ValidDate
[       OK ] DateSetTest.ValidDate (0 ms)
[----------] 1 test from DateSetTest (0 ms total)

[----------] Global test environment tear-down
[==========] 1 test from 1 test suite ran. (0 ms total)
[  PASSED  ] 1 test.
<end of output>
Test time =   0.00 sec
----------------------------------------------------------
Test Passed.
"DateSetTest.ValidDate" end time: Jun 12 11:02 WEST
"DateSetTest.ValidDate" time elapsed: 00:00:00
----------------------------------------------------------

12/51 Testing: DateSetTest.InvalidDate
12/51 Test: DateSetTest.InvalidDate
Command: "/home/dinis/CLionProjects/fsoft2025_1DA_2_definitivo/ProjectTester/FleetManagerTest/cmake-build-debug/runTests" "--gtest_filter=DateSetTest.InvalidDate" "--gtest_also_run_disabled_tests"
Directory: /home/dinis/CLionProjects/fsoft2025_1DA_2_definitivo/ProjectTester/FleetManagerTest/cmake-build-debug
"DateSetTest.InvalidDate" start time: Jun 12 11:02 WEST
Output:
----------------------------------------------------------
Running main() from /home/dinis/CLionProjects/fsoft2025_1DA_2_definitivo/ProjectTester/FleetManagerTest/googleTestLib/googletest-main/googletest/src/gtest_main.cc
Note: Google Test filter = DateSetTest.InvalidDate
[==========] Running 1 test from 1 test suite.
[----------] Global test environment set-up.
[----------] 1 test from DateSetTest
[ RUN      ] DateSetTest.InvalidDate
[       OK ] DateSetTest.InvalidDate (0 ms)
[----------] 1 test from DateSetTest (0 ms total)

[----------] Global test environment tear-down
[==========] 1 test from 1 test suite ran. (0 ms total)
[  PASSED  ] 1 test.
<end of output>
Test time =   0.00 sec
----------------------------------------------------------
Test Passed.
"DateSetTest.InvalidDate" end time: Jun 12 11:02 WEST
"DateSetTest.InvalidDate" time elapsed: 00:00:00
----------------------------------------------------------

13/51 Testing: DateEqualTest.EqualDate
13/51 Test: DateEqualTest.EqualDate
Command: "/home/dinis/CLionProjects/fsoft2025_1DA_2_definitivo/ProjectTester/FleetManagerTest/cmake-build-debug/runTests" "--gtest_filter=DateEqualTest.EqualDate" "--gtest_also_run_disabled_tests"
Directory: /home/dinis/CLionProjects/fsoft2025_1DA_2_definitivo/ProjectTester/FleetManagerTest/cmake-build-debug
"DateEqualTest.EqualDate" start time: Jun 12 11:02 WEST
Output:
----------------------------------------------------------
Running main() from /home/dinis/CLionProjects/fsoft2025_1DA_2_definitivo/ProjectTester/FleetManagerTest/googleTestLib/googletest-main/googletest/src/gtest_main.cc
Note: Google Test filter = DateEqualTest.EqualDate
[==========] Running 1 test from 1 test suite.
[----------] Global test environment set-up.
[----------] 1 test from DateEqualTest
[ RUN      ] DateEqualTest.EqualDate
[       OK ] DateEqualTest.EqualDate (0 ms)
[----------] 1 test from DateEqualTest (0 ms total)

[----------] Global test environment tear-down
[==========] 1 test from 1 test suite ran. (0 ms total)
[  PASSED  ] 1 test.
<end of output>
Test time =   0.00 sec
----------------------------------------------------------
Test Passed.
"DateEqualTest.EqualDate" end time: Jun 12 11:02 WEST
"DateEqualTest.EqualDate" time elapsed: 00:00:00
----------------------------------------------------------

14/51 Testing: DateOperatorHigherTest.HigherDate
14/51 Test: DateOperatorHigherTest.HigherDate
Command: "/home/dinis/CLionProjects/fsoft2025_1DA_2_definitivo/ProjectTester/FleetManagerTest/cmake-build-debug/runTests" "--gtest_filter=DateOperatorHigherTest.HigherDate" "--gtest_also_run_disabled_tests"
Directory: /home/dinis/CLionProjects/fsoft2025_1DA_2_definitivo/ProjectTester/FleetManagerTest/cmake-build-debug
"DateOperatorHigherTest.HigherDate" start time: Jun 12 11:02 WEST
Output:
----------------------------------------------------------
Running main() from /home/dinis/CLionProjects/fsoft2025_1DA_2_definitivo/ProjectTester/FleetManagerTest/googleTestLib/googletest-main/googletest/src/gtest_main.cc
Note: Google Test filter = DateOperatorHigherTest.HigherDate
[==========] Running 1 test from 1 test suite.
[----------] Global test environment set-up.
[----------] 1 test from DateOperatorHigherTest
[ RUN      ] DateOperatorHigherTest.HigherDate
[       OK ] DateOperatorHigherTest.HigherDate (0 ms)
[----------] 1 test from DateOperatorHigherTest (0 ms total)

[----------] Global test environment tear-down
[==========] 1 test from 1 test suite ran. (0 ms total)
[  PASSED  ] 1 test.
<end of output>
Test time =   0.00 sec
----------------------------------------------------------
Test Passed.
"DateOperatorHigherTest.HigherDate" end time: Jun 12 11:02 WEST
"DateOperatorHigherTest.HigherDate" time elapsed: 00:00:00
----------------------------------------------------------

15/51 Testing: DateOperatorHigherTest.LowerDate
15/51 Test: DateOperatorHigherTest.LowerDate
Command: "/home/dinis/CLionProjects/fsoft2025_1DA_2_definitivo/ProjectTester/FleetManagerTest/cmake-build-debug/runTests" "--gtest_filter=DateOperatorHigherTest.LowerDate" "--gtest_also_run_disabled_tests"
Directory: /home/dinis/CLionProjects/fsoft2025_1DA_2_definitivo/ProjectTester/FleetManagerTest/cmake-build-debug
"DateOperatorHigherTest.LowerDate" start time: Jun 12 11:02 WEST
Output:
----------------------------------------------------------
Running main() from /home/dinis/CLionProjects/fsoft2025_1DA_2_definitivo/ProjectTester/FleetManagerTest/googleTestLib/googletest-main/googletest/src/gtest_main.cc
Note: Google Test filter = DateOperatorHigherTest.LowerDate
[==========] Running 1 test from 1 test suite.
[----------] Global test environment set-up.
[----------] 1 test from DateOperatorHigherTest
[ RUN      ] DateOperatorHigherTest.LowerDate
[       OK ] DateOperatorHigherTest.LowerDate (0 ms)
[----------] 1 test from DateOperatorHigherTest (0 ms total)

[----------] Global test environment tear-down
[==========] 1 test from 1 test suite ran. (0 ms total)
[  PASSED  ] 1 test.
<end of output>
Test time =   0.00 sec
----------------------------------------------------------
Test Passed.
"DateOperatorHigherTest.LowerDate" end time: Jun 12 11:02 WEST
"DateOperatorHigherTest.LowerDate" time elapsed: 00:00:00
----------------------------------------------------------

16/51 Testing: DateOperatorLowerTest.HigherDate
16/51 Test: DateOperatorLowerTest.HigherDate
Command: "/home/dinis/CLionProjects/fsoft2025_1DA_2_definitivo/ProjectTester/FleetManagerTest/cmake-build-debug/runTests" "--gtest_filter=DateOperatorLowerTest.HigherDate" "--gtest_also_run_disabled_tests"
Directory: /home/dinis/CLionProjects/fsoft2025_1DA_2_definitivo/ProjectTester/FleetManagerTest/cmake-build-debug
"DateOperatorLowerTest.HigherDate" start time: Jun 12 11:02 WEST
Output:
----------------------------------------------------------
Running main() from /home/dinis/CLionProjects/fsoft2025_1DA_2_definitivo/ProjectTester/FleetManagerTest/googleTestLib/googletest-main/googletest/src/gtest_main.cc
Note: Google Test filter = DateOperatorLowerTest.HigherDate
[==========] Running 1 test from 1 test suite.
[----------] Global test environment set-up.
[----------] 1 test from DateOperatorLowerTest
[ RUN      ] DateOperatorLowerTest.HigherDate
[       OK ] DateOperatorLowerTest.HigherDate (0 ms)
[----------] 1 test from DateOperatorLowerTest (0 ms total)

[----------] Global test environment tear-down
[==========] 1 test from 1 test suite ran. (0 ms total)
[  PASSED  ] 1 test.
<end of output>
Test time =   0.00 sec
----------------------------------------------------------
Test Passed.
"DateOperatorLowerTest.HigherDate" end time: Jun 12 11:02 WEST
"DateOperatorLowerTest.HigherDate" time elapsed: 00:00:00
----------------------------------------------------------

17/51 Testing: DateOperatorLowerTest.LowerDate
17/51 Test: DateOperatorLowerTest.LowerDate
Command: "/home/dinis/CLionProjects/fsoft2025_1DA_2_definitivo/ProjectTester/FleetManagerTest/cmake-build-debug/runTests" "--gtest_filter=DateOperatorLowerTest.LowerDate" "--gtest_also_run_disabled_tests"
Directory: /home/dinis/CLionProjects/fsoft2025_1DA_2_definitivo/ProjectTester/FleetManagerTest/cmake-build-debug
"DateOperatorLowerTest.LowerDate" start time: Jun 12 11:02 WEST
Output:
----------------------------------------------------------
Running main() from /home/dinis/CLionProjects/fsoft2025_1DA_2_definitivo/ProjectTester/FleetManagerTest/googleTestLib/googletest-main/googletest/src/gtest_main.cc
Note: Google Test filter = DateOperatorLowerTest.LowerDate
[==========] Running 1 test from 1 test suite.
[----------] Global test environment set-up.
[----------] 1 test from DateOperatorLowerTest
[ RUN      ] DateOperatorLowerTest.LowerDate
[       OK ] DateOperatorLowerTest.LowerDate (0 ms)
[----------] 1 test from DateOperatorLowerTest (0 ms total)

[----------] Global test environment tear-down
[==========] 1 test from 1 test suite ran. (0 ms total)
[  PASSED  ] 1 test.
<end of output>
Test time =   0.00 sec
----------------------------------------------------------
Test Passed.
"DateOperatorLowerTest.LowerDate" end time: Jun 12 11:02 WEST
"DateOperatorLowerTest.LowerDate" time elapsed: 00:00:00
----------------------------------------------------------

18/51 Testing: TripTest.ConstructorAndInicialization
18/51 Test: TripTest.ConstructorAndInicialization
Command: "/home/dinis/CLionProjects/fsoft2025_1DA_2_definitivo/ProjectTester/FleetManagerTest/cmake-build-debug/runTests" "--gtest_filter=TripTest.ConstructorAndInicialization" "--gtest_also_run_disabled_tests"
Directory: /home/dinis/CLionProjects/fsoft2025_1DA_2_definitivo/ProjectTester/FleetManagerTest/cmake-build-debug
"TripTest.ConstructorAndInicialization" start time: Jun 12 11:02 WEST
Output:
----------------------------------------------------------
Running main() from /home/dinis/CLionProjects/fsoft2025_1DA_2_definitivo/ProjectTester/FleetManagerTest/googleTestLib/googletest-main/googletest/src/gtest_main.cc
Note: Google Test filter = TripTest.ConstructorAndInicialization
[==========] Running 1 test from 1 test suite.
[----------] Global test environment set-up.
[----------] 1 test from TripTest
[ RUN      ] TripTest.ConstructorAndInicialization
[       OK ] TripTest.ConstructorAndInicialization (0 ms)
[----------] 1 test from TripTest (0 ms total)

[----------] Global test environment tear-down
[==========] 1 test from 1 test suite ran. (0 ms total)
[  PASSED  ] 1 test.
<end of output>
Test time =   0.00 sec
----------------------------------------------------------
Test Passed.
"TripTest.ConstructorAndInicialization" end time: Jun 12 11:02 WEST
"TripTest.ConstructorAndInicialization" time elapsed: 00:00:00
----------------------------------------------------------

19/51 Testing: TripTest.TestSetTrip
19/51 Test: TripTest.TestSetTrip
Command: "/home/dinis/CLionProjects/fsoft2025_1DA_2_definitivo/ProjectTester/FleetManagerTest/cmake-build-debug/runTests" "--gtest_filter=TripTest.TestSetTrip" "--gtest_also_run_disabled_tests"
Directory: /home/dinis/CLionProjects/fsoft2025_1DA_2_definitivo/ProjectTester/FleetManagerTest/cmake-build-debug
"TripTest.TestSetTrip" start time: Jun 12 11:02 WEST
Output:
----------------------------------------------------------
Running main() from /home/dinis/CLionProjects/fsoft2025_1DA_2_definitivo/ProjectTester/FleetManagerTest/googleTestLib/googletest-main/googletest/src/gtest_main.cc
Note: Google Test filter = TripTest.TestSetTrip
[==========] Running 1 test from 1 test suite.
[----------] Global test environment set-up.
[----------] 1 test from TripTest
[ RUN      ] TripTest.TestSetTrip
[       OK ] TripTest.TestSetTrip (0 ms)
[----------] 1 test from TripTest (0 ms total)

[----------] Global test environment tear-down
[==========] 1 test from 1 test suite ran. (0 ms total)
[  PASSED  ] 1 test.
<end of output>
Test time =   0.00 sec
----------------------------------------------------------
Test Passed.
"TripTest.TestSetTrip" end time: Jun 12 11:02 WEST
"TripTest.TestSetTrip" time elapsed: 00:00:00
----------------------------------------------------------

20/51 Testing: TripTest.TripSuppressedState
20/51 Test: TripTest.TripSuppressedState
Command: "/home/dinis/CLionProjects/fsoft2025_1DA_2_definitivo/ProjectTester/FleetManagerTest/cmake-build-debug/runTests" "--gtest_filter=TripTest.TripSuppressedState" "--gtest_also_run_disabled_tests"
Directory: /home/dinis/CLionProjects/fsoft2025_1DA_2_definitivo/ProjectTester/FleetManagerTest/cmake-build-debug
"TripTest.TripSuppressedState" start time: Jun 12 11:02 WEST
Output:
----------------------------------------------------------
Running main() from /home/dinis/CLionProjects/fsoft2025_1DA_2_definitivo/ProjectTester/FleetManagerTest/googleTestLib/googletest-main/googletest/src/gtest_main.cc
Note: Google Test filter = TripTest.TripSuppressedState
[==========] Running 1 test from 1 test suite.
[----------] Global test environment set-up.
[----------] 1 test from TripTest
[ RUN      ] TripTest.TripSuppressedState
[       OK ] TripTest.TripSuppressedState (0 ms)
[----------] 1 test from TripTest (0 ms total)

[----------] Global test environment tear-down
[==========] 1 test from 1 test suite ran. (0 ms total)
[  PASSED  ] 1 test.
<end of output>
Test time =   0.00 sec
----------------------------------------------------------
Test Passed.
"TripTest.TripSuppressedState" end time: Jun 12 11:02 WEST
"TripTest.TripSuppressedState" time elapsed: 00:00:00
----------------------------------------------------------

21/51 Testing: TripTest.TripIncomingState
21/51 Test: TripTest.TripIncomingState
Command: "/home/dinis/CLionProjects/fsoft2025_1DA_2_definitivo/ProjectTester/FleetManagerTest/cmake-build-debug/runTests" "--gtest_filter=TripTest.TripIncomingState" "--gtest_also_run_disabled_tests"
Directory: /home/dinis/CLionProjects/fsoft2025_1DA_2_definitivo/ProjectTester/FleetManagerTest/cmake-build-debug
"TripTest.TripIncomingState" start time: Jun 12 11:02 WEST
Output:
----------------------------------------------------------
Running main() from /home/dinis/CLionProjects/fsoft2025_1DA_2_definitivo/ProjectTester/FleetManagerTest/googleTestLib/googletest-main/googletest/src/gtest_main.cc
Note: Google Test filter = TripTest.TripIncomingState
[==========] Running 1 test from 1 test suite.
[----------] Global test environment set-up.
[----------] 1 test from TripTest
[ RUN      ] TripTest.TripIncomingState
[       OK ] TripTest.TripIncomingState (0 ms)
[----------] 1 test from TripTest (0 ms total)

[----------] Global test environment tear-down
[==========] 1 test from 1 test suite ran. (0 ms total)
[  PASSED  ] 1 test.
<end of output>
Test time =   0.00 sec
----------------------------------------------------------
Test Passed.
"TripTest.TripIncomingState" end time: Jun 12 11:02 WEST
"TripTest.TripIncomingState" time elapsed: 00:00:00
----------------------------------------------------------

22/51 Testing: TripTest.TripDeliveredState
22/51 Test: TripTest.TripDeliveredState
Command: "/home/dinis/CLionProjects/fsoft2025_1DA_2_definitivo/ProjectTester/FleetManagerTest/cmake-build-debug/runTests" "--gtest_filter=TripTest.TripDeliveredState" "--gtest_also_run_disabled_tests"
Directory: /home/dinis/CLionProjects/fsoft2025_1DA_2_definitivo/ProjectTester/FleetManagerTest/cmake-build-debug
"TripTest.TripDeliveredState" start time: Jun 12 11:02 WEST
Output:
----------------------------------------------------------
Running main() from /home/dinis/CLionProjects/fsoft2025_1DA_2_definitivo/ProjectTester/FleetManagerTest/googleTestLib/googletest-main/googletest/src/gtest_main.cc
Note: Google Test filter = TripTest.TripDeliveredState
[==========] Running 1 test from 1 test suite.
[----------] Global test environment set-up.
[----------] 1 test from TripTest
[ RUN      ] TripTest.TripDeliveredState
[       OK ] TripTest.TripDeliveredState (0 ms)
[----------] 1 test from TripTest (0 ms total)

[----------] Global test environment tear-down
[==========] 1 test from 1 test suite ran. (0 ms total)
[  PASSED  ] 1 test.
<end of output>
Test time =   0.00 sec
----------------------------------------------------------
Test Passed.
"TripTest.TripDeliveredState" end time: Jun 12 11:02 WEST
"TripTest.TripDeliveredState" time elapsed: 00:00:00
----------------------------------------------------------

23/51 Testing: TripTest.TripFailedState
23/51 Test: TripTest.TripFailedState
Command: "/home/dinis/CLionProjects/fsoft2025_1DA_2_definitivo/ProjectTester/FleetManagerTest/cmake-build-debug/runTests" "--gtest_filter=TripTest.TripFailedState" "--gtest_also_run_disabled_tests"
Directory: /home/dinis/CLionProjects/fsoft2025_1DA_2_definitivo/ProjectTester/FleetManagerTest/cmake-build-debug
"TripTest.TripFailedState" start time: Jun 12 11:02 WEST
Output:
----------------------------------------------------------
Running main() from /home/dinis/CLionProjects/fsoft2025_1DA_2_definitivo/ProjectTester/FleetManagerTest/googleTestLib/googletest-main/googletest/src/gtest_main.cc
Note: Google Test filter = TripTest.TripFailedState
[==========] Running 1 test from 1 test suite.
[----------] Global test environment set-up.
[----------] 1 test from TripTest
[ RUN      ] TripTest.TripFailedState
[       OK ] TripTest.TripFailedState (0 ms)
[----------] 1 test from TripTest (0 ms total)

[----------] Global test environment tear-down
[==========] 1 test from 1 test suite ran. (0 ms total)
[  PASSED  ] 1 test.
<end of output>
Test time =   0.00 sec
----------------------------------------------------------
Test Passed.
"TripTest.TripFailedState" end time: Jun 12 11:02 WEST
"TripTest.TripFailedState" time elapsed: 00:00:00
----------------------------------------------------------

24/51 Testing: driverTest.ConstructorAndInicialization
24/51 Test: driverTest.ConstructorAndInicialization
Command: "/home/dinis/CLionProjects/fsoft2025_1DA_2_definitivo/ProjectTester/FleetManagerTest/cmake-build-debug/runTests" "--gtest_filter=driverTest.ConstructorAndInicialization" "--gtest_also_run_disabled_tests"
Directory: /home/dinis/CLionProjects/fsoft2025_1DA_2_definitivo/ProjectTester/FleetManagerTest/cmake-build-debug
"driverTest.ConstructorAndInicialization" start time: Jun 12 11:02 WEST
Output:
----------------------------------------------------------
Running main() from /home/dinis/CLionProjects/fsoft2025_1DA_2_definitivo/ProjectTester/FleetManagerTest/googleTestLib/googletest-main/googletest/src/gtest_main.cc
Note: Google Test filter = driverTest.ConstructorAndInicialization
[==========] Running 1 test from 1 test suite.
[----------] Global test environment set-up.
[----------] 1 test from driverTest
[ RUN      ] driverTest.ConstructorAndInicialization
[       OK ] driverTest.ConstructorAndInicialization (0 ms)
[----------] 1 test from driverTest (0 ms total)

[----------] Global test environment tear-down
[==========] 1 test from 1 test suite ran. (0 ms total)
[  PASSED  ] 1 test.
<end of output>
Test time =   0.00 sec
----------------------------------------------------------
Test Passed.
"driverTest.ConstructorAndInicialization" end time: Jun 12 11:02 WEST
"driverTest.ConstructorAndInicialization" time elapsed: 00:00:00
----------------------------------------------------------

25/51 Testing: driverTest.TestSetDriver
25/51 Test: driverTest.TestSetDriver
Command: "/home/dinis/CLionProjects/fsoft2025_1DA_2_definitivo/ProjectTester/FleetManagerTest/cmake-build-debug/runTests" "--gtest_filter=driverTest.TestSetDriver" "--gtest_also_run_disabled_tests"
Directory: /home/dinis/CLionProjects/fsoft2025_1DA_2_definitivo/ProjectTester/FleetManagerTest/cmake-build-debug
"driverTest.TestSetDriver" start time: Jun 12 11:02 WEST
Output:
----------------------------------------------------------
Running main() from /home/dinis/CLionProjects/fsoft2025_1DA_2_definitivo/ProjectTester/FleetManagerTest/googleTestLib/googletest-main/googletest/src/gtest_main.cc
Note: Google Test filter = driverTest.TestSetDriver
[==========] Running 1 test from 1 test suite.
[----------] Global test environment set-up.
[----------] 1 test from driverTest
[ RUN      ] driverTest.TestSetDriver
[       OK ] driverTest.TestSetDriver (0 ms)
[----------] 1 test from driverTest (0 ms total)

[----------] Global test environment tear-down
[==========] 1 test from 1 test suite ran. (0 ms total)
[  PASSED  ] 1 test.
<end of output>
Test time =   0.00 sec
----------------------------------------------------------
Test Passed.
"driverTest.TestSetDriver" end time: Jun 12 11:02 WEST
"driverTest.TestSetDriver" time elapsed: 00:00:00
----------------------------------------------------------

26/51 Testing: vacationTest.ConstructorAndInicialization
26/51 Test: vacationTest.ConstructorAndInicialization
Command: "/home/dinis/CLionProjects/fsoft2025_1DA_2_definitivo/ProjectTester/FleetManagerTest/cmake-build-debug/runTests" "--gtest_filter=vacationTest.ConstructorAndInicialization" "--gtest_also_run_disabled_tests"
Directory: /home/dinis/CLionProjects/fsoft2025_1DA_2_definitivo/ProjectTester/FleetManagerTest/cmake-build-debug
"vacationTest.ConstructorAndInicialization" start time: Jun 12 11:02 WEST
Output:
----------------------------------------------------------
Running main() from /home/dinis/CLionProjects/fsoft2025_1DA_2_definitivo/ProjectTester/FleetManagerTest/googleTestLib/googletest-main/googletest/src/gtest_main.cc
Note: Google Test filter = vacationTest.ConstructorAndInicialization
[==========] Running 1 test from 1 test suite.
[----------] Global test environment set-up.
[----------] 1 test from vacationTest
[ RUN      ] vacationTest.ConstructorAndInicialization
[       OK ] vacationTest.ConstructorAndInicialization (0 ms)
[----------] 1 test from vacationTest (0 ms total)

[----------] Global test environment tear-down
[==========] 1 test from 1 test suite ran. (0 ms total)
[  PASSED  ] 1 test.
<end of output>
Test time =   0.00 sec
----------------------------------------------------------
Test Passed.
"vacationTest.ConstructorAndInicialization" end time: Jun 12 11:02 WEST
"vacationTest.ConstructorAndInicialization" time elapsed: 00:00:00
----------------------------------------------------------

27/51 Testing: vacationTest.TestSetVacation
27/51 Test: vacationTest.TestSetVacation
Command: "/home/dinis/CLionProjects/fsoft2025_1DA_2_definitivo/ProjectTester/FleetManagerTest/cmake-build-debug/runTests" "--gtest_filter=vacationTest.TestSetVacation" "--gtest_also_run_disabled_tests"
Directory: /home/dinis/CLionProjects/fsoft2025_1DA_2_definitivo/ProjectTester/FleetManagerTest/cmake-build-debug
"vacationTest.TestSetVacation" start time: Jun 12 11:02 WEST
Output:
----------------------------------------------------------
Running main() from /home/dinis/CLionProjects/fsoft2025_1DA_2_definitivo/ProjectTester/FleetManagerTest/googleTestLib/googletest-main/googletest/src/gtest_main.cc
Note: Google Test filter = vacationTest.TestSetVacation
[==========] Running 1 test from 1 test suite.
[----------] Global test environment set-up.
[----------] 1 test from vacationTest
[ RUN      ] vacationTest.TestSetVacation
[       OK ] vacationTest.TestSetVacation (0 ms)
[----------] 1 test from vacationTest (0 ms total)

[----------] Global test environment tear-down
[==========] 1 test from 1 test suite ran. (0 ms total)
[  PASSED  ] 1 test.
<end of output>
Test time =   0.00 sec
----------------------------------------------------------
Test Passed.
"vacationTest.TestSetVacation" end time: Jun 12 11:02 WEST
"vacationTest.TestSetVacation" time elapsed: 00:00:00
----------------------------------------------------------

28/51 Testing: expenseTest.ConstructorAndInicialization
28/51 Test: expenseTest.ConstructorAndInicialization
Command: "/home/dinis/CLionProjects/fsoft2025_1DA_2_definitivo/ProjectTester/FleetManagerTest/cmake-build-debug/runTests" "--gtest_filter=expenseTest.ConstructorAndInicialization" "--gtest_also_run_disabled_tests"
Directory: /home/dinis/CLionProjects/fsoft2025_1DA_2_definitivo/ProjectTester/FleetManagerTest/cmake-build-debug
"expenseTest.ConstructorAndInicialization" start time: Jun 12 11:02 WEST
Output:
----------------------------------------------------------
Running main() from /home/dinis/CLionProjects/fsoft2025_1DA_2_definitivo/ProjectTester/FleetManagerTest/googleTestLib/googletest-main/googletest/src/gtest_main.cc
Note: Google Test filter = expenseTest.ConstructorAndInicialization
[==========] Running 1 test from 1 test suite.
[----------] Global test environment set-up.
[----------] 1 test from expenseTest
[ RUN      ] expenseTest.ConstructorAndInicialization
[       OK ] expenseTest.ConstructorAndInicialization (0 ms)
[----------] 1 test from expenseTest (0 ms total)

[----------] Global test environment tear-down
[==========] 1 test from 1 test suite ran. (0 ms total)
[  PASSED  ] 1 test.
<end of output>
Test time =   0.00 sec
----------------------------------------------------------
Test Passed.
"expenseTest.ConstructorAndInicialization" end time: Jun 12 11:02 WEST
"expenseTest.ConstructorAndInicialization" time elapsed: 00:00:00
----------------------------------------------------------

29/51 Testing: expenseTest.testSetExpense
29/51 Test: expenseTest.testSetExpense
Command: "/home/dinis/CLionProjects/fsoft2025_1DA_2_definitivo/ProjectTester/FleetManagerTest/cmake-build-debug/runTests" "--gtest_filter=expenseTest.testSetExpense" "--gtest_also_run_disabled_tests"
Directory: /home/dinis/CLionProjects/fsoft2025_1DA_2_definitivo/ProjectTester/FleetManagerTest/cmake-build-debug
"expenseTest.testSetExpense" start time: Jun 12 11:02 WEST
Output:
----------------------------------------------------------
Running main() from /home/dinis/CLionProjects/fsoft2025_1DA_2_definitivo/ProjectTester/FleetManagerTest/googleTestLib/googletest-main/googletest/src/gtest_main.cc
Note: Google Test filter = expenseTest.testSetExpense
[==========] Running 1 test from 1 test suite.
[----------] Global test environment set-up.
[----------] 1 test from expenseTest
[ RUN      ] expenseTest.testSetExpense
[       OK ] expenseTest.testSetExpense (0 ms)
[----------] 1 test from expenseTest (0 ms total)

[----------] Global test environment tear-down
[==========] 1 test from 1 test suite ran. (0 ms total)
[  PASSED  ] 1 test.
<end of output>
Test time =   0.00 sec
----------------------------------------------------------
Test Passed.
"expenseTest.testSetExpense" end time: Jun 12 11:02 WEST
"expenseTest.testSetExpense" time elapsed: 00:00:00
----------------------------------------------------------

30/51 Testing: expenseTest.TestAllExpenseTypes
30/51 Test: expenseTest.TestAllExpenseTypes
Command: "/home/dinis/CLionProjects/fsoft2025_1DA_2_definitivo/ProjectTester/FleetManagerTest/cmake-build-debug/runTests" "--gtest_filter=expenseTest.TestAllExpenseTypes" "--gtest_also_run_disabled_tests"
Directory: /home/dinis/CLionProjects/fsoft2025_1DA_2_definitivo/ProjectTester/FleetManagerTest/cmake-build-debug
"expenseTest.TestAllExpenseTypes" start time: Jun 12 11:02 WEST
Output:
----------------------------------------------------------
Running main() from /home/dinis/CLionProjects/fsoft2025_1DA_2_definitivo/ProjectTester/FleetManagerTest/googleTestLib/googletest-main/googletest/src/gtest_main.cc
Note: Google Test filter = expenseTest.TestAllExpenseTypes
[==========] Running 1 test from 1 test suite.
[----------] Global test environment set-up.
[----------] 1 test from expenseTest
[ RUN      ] expenseTest.TestAllExpenseTypes
[       OK ] expenseTest.TestAllExpenseTypes (0 ms)
[----------] 1 test from expenseTest (0 ms total)

[----------] Global test environment tear-down
[==========] 1 test from 1 test suite ran. (0 ms total)
[  PASSED  ] 1 test.
<end of output>
Test time =   0.00 sec
----------------------------------------------------------
Test Passed.
"expenseTest.TestAllExpenseTypes" end time: Jun 12 11:02 WEST
"expenseTest.TestAllExpenseTypes" time elapsed: 00:00:00
----------------------------------------------------------

31/51 Testing: revenueTest.ConstructorAndInicialization
31/51 Test: revenueTest.ConstructorAndInicialization
Command: "/home/dinis/CLionProjects/fsoft2025_1DA_2_definitivo/ProjectTester/FleetManagerTest/cmake-build-debug/runTests" "--gtest_filter=revenueTest.ConstructorAndInicialization" "--gtest_also_run_disabled_tests"
Directory: /home/dinis/CLionProjects/fsoft2025_1DA_2_definitivo/ProjectTester/FleetManagerTest/cmake-build-debug
"revenueTest.ConstructorAndInicialization" start time: Jun 12 11:02 WEST
Output:
----------------------------------------------------------
Running main() from /home/dinis/CLionProjects/fsoft2025_1DA_2_definitivo/ProjectTester/FleetManagerTest/googleTestLib/googletest-main/googletest/src/gtest_main.cc
Note: Google Test filter = revenueTest.ConstructorAndInicialization
[==========] Running 1 test from 1 test suite.
[----------] Global test environment set-up.
[----------] 1 test from revenueTest
[ RUN      ] revenueTest.ConstructorAndInicialization
[       OK ] revenueTest.ConstructorAndInicialization (0 ms)
[----------] 1 test from revenueTest (0 ms total)

[----------] Global test environment tear-down
[==========] 1 test from 1 test suite ran. (0 ms total)
[  PASSED  ] 1 test.
<end of output>
Test time =   0.00 sec
----------------------------------------------------------
Test Passed.
"revenueTest.ConstructorAndInicialization" end time: Jun 12 11:02 WEST
"revenueTest.ConstructorAndInicialization" time elapsed: 00:00:00
----------------------------------------------------------

32/51 Testing: revenueTest.testSetRevenue
32/51 Test: revenueTest.testSetRevenue
Command: "/home/dinis/CLionProjects/fsoft2025_1DA_2_definitivo/ProjectTester/FleetManagerTest/cmake-build-debug/runTests" "--gtest_filter=revenueTest.testSetRevenue" "--gtest_also_run_disabled_tests"
Directory: /home/dinis/CLionProjects/fsoft2025_1DA_2_definitivo/ProjectTester/FleetManagerTest/cmake-build-debug
"revenueTest.testSetRevenue" start time: Jun 12 11:02 WEST
Output:
----------------------------------------------------------
Running main() from /home/dinis/CLionProjects/fsoft2025_1DA_2_definitivo/ProjectTester/FleetManagerTest/googleTestLib/googletest-main/googletest/src/gtest_main.cc
Note: Google Test filter = revenueTest.testSetRevenue
[==========] Running 1 test from 1 test suite.
[----------] Global test environment set-up.
[----------] 1 test from revenueTest
[ RUN      ] revenueTest.testSetRevenue
[       OK ] revenueTest.testSetRevenue (0 ms)
[----------] 1 test from revenueTest (0 ms total)

[----------] Global test environment tear-down
[==========] 1 test from 1 test suite ran. (0 ms total)
[  PASSED  ] 1 test.
<end of output>
Test time =   0.00 sec
----------------------------------------------------------
Test Passed.
"revenueTest.testSetRevenue" end time: Jun 12 11:02 WEST
"revenueTest.testSetRevenue" time elapsed: 00:00:00
----------------------------------------------------------

33/51 Testing: VehicleTest.FuelVehicle
33/51 Test: VehicleTest.FuelVehicle
Command: "/home/dinis/CLionProjects/fsoft2025_1DA_2_definitivo/ProjectTester/FleetManagerTest/cmake-build-debug/runTests" "--gtest_filter=VehicleTest.FuelVehicle" "--gtest_also_run_disabled_tests"
Directory: /home/dinis/CLionProjects/fsoft2025_1DA_2_definitivo/ProjectTester/FleetManagerTest/cmake-build-debug
"VehicleTest.FuelVehicle" start time: Jun 12 11:02 WEST
Output:
----------------------------------------------------------
Running main() from /home/dinis/CLionProjects/fsoft2025_1DA_2_definitivo/ProjectTester/FleetManagerTest/googleTestLib/googletest-main/googletest/src/gtest_main.cc
Note: Google Test filter = VehicleTest.FuelVehicle
[==========] Running 1 test from 1 test suite.
[----------] Global test environment set-up.
[----------] 1 test from VehicleTest
[ RUN      ] VehicleTest.FuelVehicle
[       OK ] VehicleTest.FuelVehicle (0 ms)
[----------] 1 test from VehicleTest (0 ms total)

[----------] Global test environment tear-down
[==========] 1 test from 1 test suite ran. (0 ms total)
[  PASSED  ] 1 test.
<end of output>
Test time =   0.00 sec
----------------------------------------------------------
Test Passed.
"VehicleTest.FuelVehicle" end time: Jun 12 11:02 WEST
"VehicleTest.FuelVehicle" time elapsed: 00:00:00
----------------------------------------------------------

34/51 Testing: VehicleTest.UpdateMileage
34/51 Test: VehicleTest.UpdateMileage
Command: "/home/dinis/CLionProjects/fsoft2025_1DA_2_definitivo/ProjectTester/FleetManagerTest/cmake-build-debug/runTests" "--gtest_filter=VehicleTest.UpdateMileage" "--gtest_also_run_disabled_tests"
Directory: /home/dinis/CLionProjects/fsoft2025_1DA_2_definitivo/ProjectTester/FleetManagerTest/cmake-build-debug
"VehicleTest.UpdateMileage" start time: Jun 12 11:02 WEST
Output:
----------------------------------------------------------
Running main() from /home/dinis/CLionProjects/fsoft2025_1DA_2_definitivo/ProjectTester/FleetManagerTest/googleTestLib/googletest-main/googletest/src/gtest_main.cc
Note: Google Test filter = VehicleTest.UpdateMileage
[==========] Running 1 test from 1 test suite.
[----------] Global test environment set-up.
[----------] 1 test from VehicleTest
[ RUN      ] VehicleTest.UpdateMileage
[       OK ] VehicleTest.UpdateMileage (0 ms)
[----------] 1 test from VehicleTest (0 ms total)

[----------] Global test environment tear-down
[==========] 1 test from 1 test suite ran. (0 ms total)
[  PASSED  ] 1 test.
<end of output>
Test time =   0.00 sec
----------------------------------------------------------
Test Passed.
"VehicleTest.UpdateMileage" end time: Jun 12 11:02 WEST
"VehicleTest.UpdateMileage" time elapsed: 00:00:00
----------------------------------------------------------

35/51 Testing: VehicleTest.IsAvailable
35/51 Test: VehicleTest.IsAvailable
Command: "/home/dinis/CLionProjects/fsoft2025_1DA_2_definitivo/ProjectTester/FleetManagerTest/cmake-build-debug/runTests" "--gtest_filter=VehicleTest.IsAvailable" "--gtest_also_run_disabled_tests"
Directory: /home/dinis/CLionProjects/fsoft2025_1DA_2_definitivo/ProjectTester/FleetManagerTest/cmake-build-debug
"VehicleTest.IsAvailable" start time: Jun 12 11:02 WEST
Output:
----------------------------------------------------------
Running main() from /home/dinis/CLionProjects/fsoft2025_1DA_2_definitivo/ProjectTester/FleetManagerTest/googleTestLib/googletest-main/googletest/src/gtest_main.cc
Note: Google Test filter = VehicleTest.IsAvailable
[==========] Running 1 test from 1 test suite.
[----------] Global test environment set-up.
[----------] 1 test from VehicleTest
[ RUN      ] VehicleTest.IsAvailable
[       OK ] VehicleTest.IsAvailable (0 ms)
[----------] 1 test from VehicleTest (0 ms total)

[----------] Global test environment tear-down
[==========] 1 test from 1 test suite ran. (0 ms total)
[  PASSED  ] 1 test.
<end of output>
Test time =   0.00 sec
----------------------------------------------------------
Test Passed.
"VehicleTest.IsAvailable" end time: Jun 12 11:02 WEST
"VehicleTest.IsAvailable" time elapsed: 00:00:00
----------------------------------------------------------

36/51 Testing: VehicleTest.AddInsurance
36/51 Test: VehicleTest.AddInsurance
Command: "/home/dinis/CLionProjects/fsoft2025_1DA_2_definitivo/ProjectTester/FleetManagerTest/cmake-build-debug/runTests" "--gtest_filter=VehicleTest.AddInsurance" "--gtest_also_run_disabled_tests"
Directory: /home/dinis/CLionProjects/fsoft2025_1DA_2_definitivo/ProjectTester/FleetManagerTest/cmake-build-debug
"VehicleTest.AddInsurance" start time: Jun 12 11:02 WEST
Output:
----------------------------------------------------------
Running main() from /home/dinis/CLionProjects/fsoft2025_1DA_2_definitivo/ProjectTester/FleetManagerTest/googleTestLib/googletest-main/googletest/src/gtest_main.cc
Note: Google Test filter = VehicleTest.AddInsurance
[==========] Running 1 test from 1 test suite.
[----------] Global test environment set-up.
[----------] 1 test from VehicleTest
[ RUN      ] VehicleTest.AddInsurance
[       OK ] VehicleTest.AddInsurance (0 ms)
[----------] 1 test from VehicleTest (0 ms total)

[----------] Global test environment tear-down
[==========] 1 test from 1 test suite ran. (0 ms total)
[  PASSED  ] 1 test.
<end of output>
Test time =   0.00 sec
----------------------------------------------------------
Test Passed.
"VehicleTest.AddInsurance" end time: Jun 12 11:02 WEST
"VehicleTest.AddInsurance" time elapsed: 00:00:00
----------------------------------------------------------

37/51 Testing: VehicleTest.InsuranceExpiredMinus
37/51 Test: VehicleTest.InsuranceExpiredMinus
Command: "/home/dinis/CLionProjects/fsoft2025_1DA_2_definitivo/ProjectTester/FleetManagerTest/cmake-build-debug/runTests" "--gtest_filter=VehicleTest.InsuranceExpiredMinus" "--gtest_also_run_disabled_tests"
Directory: /home/dinis/CLionProjects/fsoft2025_1DA_2_definitivo/ProjectTester/FleetManagerTest/cmake-build-debug
"VehicleTest.InsuranceExpiredMinus" start time: Jun 12 11:02 WEST
Output:
----------------------------------------------------------
Running main() from /home/dinis/CLionProjects/fsoft2025_1DA_2_definitivo/ProjectTester/FleetManagerTest/googleTestLib/googletest-main/googletest/src/gtest_main.cc
Note: Google Test filter = VehicleTest.InsuranceExpiredMinus
[==========] Running 1 test from 1 test suite.
[----------] Global test environment set-up.
[----------] 1 test from VehicleTest
[ RUN      ] VehicleTest.InsuranceExpiredMinus
[       OK ] VehicleTest.InsuranceExpiredMinus (0 ms)
[----------] 1 test from VehicleTest (0 ms total)

[----------] Global test environment tear-down
[==========] 1 test from 1 test suite ran. (0 ms total)
[  PASSED  ] 1 test.
<end of output>
Test time =   0.00 sec
----------------------------------------------------------
Test Passed.
"VehicleTest.InsuranceExpiredMinus" end time: Jun 12 11:02 WEST
"VehicleTest.InsuranceExpiredMinus" time elapsed: 00:00:00
----------------------------------------------------------

38/51 Testing: VehicleTest.InsuranceExpiredToday
38/51 Test: VehicleTest.InsuranceExpiredToday
Command: "/home/dinis/CLionProjects/fsoft2025_1DA_2_definitivo/ProjectTester/FleetManagerTest/cmake-build-debug/runTests" "--gtest_filter=VehicleTest.InsuranceExpiredToday" "--gtest_also_run_disabled_tests"
Directory: /home/dinis/CLionProjects/fsoft2025_1DA_2_definitivo/ProjectTester/FleetManagerTest/cmake-build-debug
"VehicleTest.InsuranceExpiredToday" start time: Jun 12 11:02 WEST
Output:
----------------------------------------------------------
Running main() from /home/dinis/CLionProjects/fsoft2025_1DA_2_definitivo/ProjectTester/FleetManagerTest/googleTestLib/googletest-main/googletest/src/gtest_main.cc
Note: Google Test filter = VehicleTest.InsuranceExpiredToday
[==========] Running 1 test from 1 test suite.
[----------] Global test environment set-up.
[----------] 1 test from VehicleTest
[ RUN      ] VehicleTest.InsuranceExpiredToday
[       OK ] VehicleTest.InsuranceExpiredToday (0 ms)
[----------] 1 test from VehicleTest (0 ms total)

[----------] Global test environment tear-down
[==========] 1 test from 1 test suite ran. (0 ms total)
[  PASSED  ] 1 test.
<end of output>
Test time =   0.00 sec
----------------------------------------------------------
Test Passed.
"VehicleTest.InsuranceExpiredToday" end time: Jun 12 11:02 WEST
"VehicleTest.InsuranceExpiredToday" time elapsed: 00:00:00
----------------------------------------------------------

39/51 Testing: VehicleTest.InsuranceRemainingDays
39/51 Test: VehicleTest.InsuranceRemainingDays
Command: "/home/dinis/CLionProjects/fsoft2025_1DA_2_definitivo/ProjectTester/FleetManagerTest/cmake-build-debug/runTests" "--gtest_filter=VehicleTest.InsuranceRemainingDays" "--gtest_also_run_disabled_tests"
Directory: /home/dinis/CLionProjects/fsoft2025_1DA_2_definitivo/ProjectTester/FleetManagerTest/cmake-build-debug
"VehicleTest.InsuranceRemainingDays" start time: Jun 12 11:02 WEST
Output:
----------------------------------------------------------
Running main() from /home/dinis/CLionProjects/fsoft2025_1DA_2_definitivo/ProjectTester/FleetManagerTest/googleTestLib/googletest-main/googletest/src/gtest_main.cc
Note: Google Test filter = VehicleTest.InsuranceRemainingDays
[==========] Running 1 test from 1 test suite.
[----------] Global test environment set-up.
[----------] 1 test from VehicleTest
[ RUN      ] VehicleTest.InsuranceRemainingDays
[       OK ] VehicleTest.InsuranceRemainingDays (0 ms)
[----------] 1 test from VehicleTest (0 ms total)

[----------] Global test environment tear-down
[==========] 1 test from 1 test suite ran. (0 ms total)
[  PASSED  ] 1 test.
<end of output>
Test time =   0.00 sec
----------------------------------------------------------
Test Passed.
"VehicleTest.InsuranceRemainingDays" end time: Jun 12 11:02 WEST
"VehicleTest.InsuranceRemainingDays" time elapsed: 00:00:00
----------------------------------------------------------

40/51 Testing: VehicleTest.AddInspection
40/51 Test: VehicleTest.AddInspection
Command: "/home/dinis/CLionProjects/fsoft2025_1DA_2_definitivo/ProjectTester/FleetManagerTest/cmake-build-debug/runTests" "--gtest_filter=VehicleTest.AddInspection" "--gtest_also_run_disabled_tests"
Directory: /home/dinis/CLionProjects/fsoft2025_1DA_2_definitivo/ProjectTester/FleetManagerTest/cmake-build-debug
"VehicleTest.AddInspection" start time: Jun 12 11:02 WEST
Output:
----------------------------------------------------------
Running main() from /home/dinis/CLionProjects/fsoft2025_1DA_2_definitivo/ProjectTester/FleetManagerTest/googleTestLib/googletest-main/googletest/src/gtest_main.cc
Note: Google Test filter = VehicleTest.AddInspection
[==========] Running 1 test from 1 test suite.
[----------] Global test environment set-up.
[----------] 1 test from VehicleTest
[ RUN      ] VehicleTest.AddInspection
[       OK ] VehicleTest.AddInspection (0 ms)
[----------] 1 test from VehicleTest (0 ms total)

[----------] Global test environment tear-down
[==========] 1 test from 1 test suite ran. (0 ms total)
[  PASSED  ] 1 test.
<end of output>
Test time =   0.00 sec
----------------------------------------------------------
Test Passed.
"VehicleTest.AddInspection" end time: Jun 12 11:02 WEST
"VehicleTest.AddInspection" time elapsed: 00:00:00
----------------------------------------------------------

41/51 Testing: VehicleTest.InspectionDuedMinus
41/51 Test: VehicleTest.InspectionDuedMinus
Command: "/home/dinis/CLionProjects/fsoft2025_1DA_2_definitivo/ProjectTester/FleetManagerTest/cmake-build-debug/runTests" "--gtest_filter=VehicleTest.InspectionDuedMinus" "--gtest_also_run_disabled_tests"
Directory: /home/dinis/CLionProjects/fsoft2025_1DA_2_definitivo/ProjectTester/FleetManagerTest/cmake-build-debug
"VehicleTest.InspectionDuedMinus" start time: Jun 12 11:02 WEST
Output:
----------------------------------------------------------
Running main() from /home/dinis/CLionProjects/fsoft2025_1DA_2_definitivo/ProjectTester/FleetManagerTest/googleTestLib/googletest-main/googletest/src/gtest_main.cc
Note: Google Test filter = VehicleTest.InspectionDuedMinus
[==========] Running 1 test from 1 test suite.
[----------] Global test environment set-up.
[----------] 1 test from VehicleTest
[ RUN      ] VehicleTest.InspectionDuedMinus
[       OK ] VehicleTest.InspectionDuedMinus (0 ms)
[----------] 1 test from VehicleTest (0 ms total)

[----------] Global test environment tear-down
[==========] 1 test from 1 test suite ran. (0 ms total)
[  PASSED  ] 1 test.
<end of output>
Test time =   0.00 sec
----------------------------------------------------------
Test Passed.
"VehicleTest.InspectionDuedMinus" end time: Jun 12 11:02 WEST
"VehicleTest.InspectionDuedMinus" time elapsed: 00:00:00
----------------------------------------------------------

42/51 Testing: VehicleTest.InspectionExpiredToday
42/51 Test: VehicleTest.InspectionExpiredToday
Command: "/home/dinis/CLionProjects/fsoft2025_1DA_2_definitivo/ProjectTester/FleetManagerTest/cmake-build-debug/runTests" "--gtest_filter=VehicleTest.InspectionExpiredToday" "--gtest_also_run_disabled_tests"
Directory: /home/dinis/CLionProjects/fsoft2025_1DA_2_definitivo/ProjectTester/FleetManagerTest/cmake-build-debug
"VehicleTest.InspectionExpiredToday" start time: Jun 12 11:02 WEST
Output:
----------------------------------------------------------
Running main() from /home/dinis/CLionProjects/fsoft2025_1DA_2_definitivo/ProjectTester/FleetManagerTest/googleTestLib/googletest-main/googletest/src/gtest_main.cc
Note: Google Test filter = VehicleTest.InspectionExpiredToday
[==========] Running 1 test from 1 test suite.
[----------] Global test environment set-up.
[----------] 1 test from VehicleTest
[ RUN      ] VehicleTest.InspectionExpiredToday
[       OK ] VehicleTest.InspectionExpiredToday (0 ms)
[----------] 1 test from VehicleTest (0 ms total)

[----------] Global test environment tear-down
[==========] 1 test from 1 test suite ran. (0 ms total)
[  PASSED  ] 1 test.
<end of output>
Test time =   0.00 sec
----------------------------------------------------------
Test Passed.
"VehicleTest.InspectionExpiredToday" end time: Jun 12 11:02 WEST
"VehicleTest.InspectionExpiredToday" time elapsed: 00:00:00
----------------------------------------------------------

43/51 Testing: VehicleTest.InspectionRemainingDays
43/51 Test: VehicleTest.InspectionRemainingDays
Command: "/home/dinis/CLionProjects/fsoft2025_1DA_2_definitivo/ProjectTester/FleetManagerTest/cmake-build-debug/runTests" "--gtest_filter=VehicleTest.InspectionRemainingDays" "--gtest_also_run_disabled_tests"
Directory: /home/dinis/CLionProjects/fsoft2025_1DA_2_definitivo/ProjectTester/FleetManagerTest/cmake-build-debug
"VehicleTest.InspectionRemainingDays" start time: Jun 12 11:02 WEST
Output:
----------------------------------------------------------
Running main() from /home/dinis/CLionProjects/fsoft2025_1DA_2_definitivo/ProjectTester/FleetManagerTest/googleTestLib/googletest-main/googletest/src/gtest_main.cc
Note: Google Test filter = VehicleTest.InspectionRemainingDays
[==========] Running 1 test from 1 test suite.
[----------] Global test environment set-up.
[----------] 1 test from VehicleTest
[ RUN      ] VehicleTest.InspectionRemainingDays
[       OK ] VehicleTest.InspectionRemainingDays (0 ms)
[----------] 1 test from VehicleTest (0 ms total)

[----------] Global test environment tear-down
[==========] 1 test from 1 test suite ran. (0 ms total)
[  PASSED  ] 1 test.
<end of output>
Test time =   0.00 sec
----------------------------------------------------------
Test Passed.
"VehicleTest.InspectionRemainingDays" end time: Jun 12 11:02 WEST
"VehicleTest.InspectionRemainingDays" time elapsed: 00:00:00
----------------------------------------------------------

44/51 Testing: TruckTest.EmptyConstructorInicialization
44/51 Test: TruckTest.EmptyConstructorInicialization
Command: "/home/dinis/CLionProjects/fsoft2025_1DA_2_definitivo/ProjectTester/FleetManagerTest/cmake-build-debug/runTests" "--gtest_filter=TruckTest.EmptyConstructorInicialization" "--gtest_also_run_disabled_tests"
Directory: /home/dinis/CLionProjects/fsoft2025_1DA_2_definitivo/ProjectTester/FleetManagerTest/cmake-build-debug
"TruckTest.EmptyConstructorInicialization" start time: Jun 12 11:02 WEST
Output:
----------------------------------------------------------
Running main() from /home/dinis/CLionProjects/fsoft2025_1DA_2_definitivo/ProjectTester/FleetManagerTest/googleTestLib/googletest-main/googletest/src/gtest_main.cc
Note: Google Test filter = TruckTest.EmptyConstructorInicialization
[==========] Running 1 test from 1 test suite.
[----------] Global test environment set-up.
[----------] 1 test from TruckTest
[ RUN      ] TruckTest.EmptyConstructorInicialization
[       OK ] TruckTest.EmptyConstructorInicialization (0 ms)
[----------] 1 test from TruckTest (0 ms total)

[----------] Global test environment tear-down
[==========] 1 test from 1 test suite ran. (0 ms total)
[  PASSED  ] 1 test.
<end of output>
Test time =   0.00 sec
----------------------------------------------------------
Test Passed.
"TruckTest.EmptyConstructorInicialization" end time: Jun 12 11:02 WEST
"TruckTest.EmptyConstructorInicialization" time elapsed: 00:00:00
----------------------------------------------------------

45/51 Testing: TruckTest.CreateTruck
45/51 Test: TruckTest.CreateTruck
Command: "/home/dinis/CLionProjects/fsoft2025_1DA_2_definitivo/ProjectTester/FleetManagerTest/cmake-build-debug/runTests" "--gtest_filter=TruckTest.CreateTruck" "--gtest_also_run_disabled_tests"
Directory: /home/dinis/CLionProjects/fsoft2025_1DA_2_definitivo/ProjectTester/FleetManagerTest/cmake-build-debug
"TruckTest.CreateTruck" start time: Jun 12 11:02 WEST
Output:
----------------------------------------------------------
Running main() from /home/dinis/CLionProjects/fsoft2025_1DA_2_definitivo/ProjectTester/FleetManagerTest/googleTestLib/googletest-main/googletest/src/gtest_main.cc
Note: Google Test filter = TruckTest.CreateTruck
[==========] Running 1 test from 1 test suite.
[----------] Global test environment set-up.
[----------] 1 test from TruckTest
[ RUN      ] TruckTest.CreateTruck
[       OK ] TruckTest.CreateTruck (0 ms)
[----------] 1 test from TruckTest (0 ms total)

[----------] Global test environment tear-down
[==========] 1 test from 1 test suite ran. (0 ms total)
[  PASSED  ] 1 test.
<end of output>
Test time =   0.00 sec
----------------------------------------------------------
Test Passed.
"TruckTest.CreateTruck" end time: Jun 12 11:02 WEST
"TruckTest.CreateTruck" time elapsed: 00:00:00
----------------------------------------------------------

46/51 Testing: VanTest.EmptyConstructorInicialization
46/51 Test: VanTest.EmptyConstructorInicialization
Command: "/home/dinis/CLionProjects/fsoft2025_1DA_2_definitivo/ProjectTester/FleetManagerTest/cmake-build-debug/runTests" "--gtest_filter=VanTest.EmptyConstructorInicialization" "--gtest_also_run_disabled_tests"
Directory: /home/dinis/CLionProjects/fsoft2025_1DA_2_definitivo/ProjectTester/FleetManagerTest/cmake-build-debug
"VanTest.EmptyConstructorInicialization" start time: Jun 12 11:02 WEST
Output:
----------------------------------------------------------
Running main() from /home/dinis/CLionProjects/fsoft2025_1DA_2_definitivo/ProjectTester/FleetManagerTest/googleTestLib/googletest-main/googletest/src/gtest_main.cc
Note: Google Test filter = VanTest.EmptyConstructorInicialization
[==========] Running 1 test from 1 test suite.
[----------] Global test environment set-up.
[----------] 1 test from VanTest
[ RUN      ] VanTest.EmptyConstructorInicialization
[       OK ] VanTest.EmptyConstructorInicialization (0 ms)
[----------] 1 test from VanTest (0 ms total)

[----------] Global test environment tear-down
[==========] 1 test from 1 test suite ran. (0 ms total)
[  PASSED  ] 1 test.
<end of output>
Test time =   0.00 sec
----------------------------------------------------------
Test Passed.
"VanTest.EmptyConstructorInicialization" end time: Jun 12 11:02 WEST
"VanTest.EmptyConstructorInicialization" time elapsed: 00:00:00
----------------------------------------------------------

47/51 Testing: VanTest.CreateVan
47/51 Test: VanTest.CreateVan
Command: "/home/dinis/CLionProjects/fsoft2025_1DA_2_definitivo/ProjectTester/FleetManagerTest/cmake-build-debug/runTests" "--gtest_filter=VanTest.CreateVan" "--gtest_also_run_disabled_tests"
Directory: /home/dinis/CLionProjects/fsoft2025_1DA_2_definitivo/ProjectTester/FleetManagerTest/cmake-build-debug
"VanTest.CreateVan" start time: Jun 12 11:02 WEST
Output:
----------------------------------------------------------
Running main() from /home/dinis/CLionProjects/fsoft2025_1DA_2_definitivo/ProjectTester/FleetManagerTest/googleTestLib/googletest-main/googletest/src/gtest_main.cc
Note: Google Test filter = VanTest.CreateVan
[==========] Running 1 test from 1 test suite.
[----------] Global test environment set-up.
[----------] 1 test from VanTest
[ RUN      ] VanTest.CreateVan
[       OK ] VanTest.CreateVan (0 ms)
[----------] 1 test from VanTest (0 ms total)

[----------] Global test environment tear-down
[==========] 1 test from 1 test suite ran. (0 ms total)
[  PASSED  ] 1 test.
<end of output>
Test time =   0.00 sec
----------------------------------------------------------
Test Passed.
"VanTest.CreateVan" end time: Jun 12 11:02 WEST
"VanTest.CreateVan" time elapsed: 00:00:00
----------------------------------------------------------

48/51 Testing: VSLTest.EmptyConstructorInitialization
48/51 Test: VSLTest.EmptyConstructorInitialization
Command: "/home/dinis/CLionProjects/fsoft2025_1DA_2_definitivo/ProjectTester/FleetManagerTest/cmake-build-debug/runTests" "--gtest_filter=VSLTest.EmptyConstructorInitialization" "--gtest_also_run_disabled_tests"
Directory: /home/dinis/CLionProjects/fsoft2025_1DA_2_definitivo/ProjectTester/FleetManagerTest/cmake-build-debug
"VSLTest.EmptyConstructorInitialization" start time: Jun 12 11:02 WEST
Output:
----------------------------------------------------------
Running main() from /home/dinis/CLionProjects/fsoft2025_1DA_2_definitivo/ProjectTester/FleetManagerTest/googleTestLib/googletest-main/googletest/src/gtest_main.cc
Note: Google Test filter = VSLTest.EmptyConstructorInitialization
[==========] Running 1 test from 1 test suite.
[----------] Global test environment set-up.
[----------] 1 test from VSLTest
[ RUN      ] VSLTest.EmptyConstructorInitialization
[       OK ] VSLTest.EmptyConstructorInitialization (0 ms)
[----------] 1 test from VSLTest (0 ms total)

[----------] Global test environment tear-down
[==========] 1 test from 1 test suite ran. (0 ms total)
[  PASSED  ] 1 test.
<end of output>
Test time =   0.00 sec
----------------------------------------------------------
Test Passed.
"VSLTest.EmptyConstructorInitialization" end time: Jun 12 11:02 WEST
"VSLTest.EmptyConstructorInitialization" time elapsed: 00:00:00
----------------------------------------------------------

49/51 Testing: VSLTest.IncrementVehicleCount
49/51 Test: VSLTest.IncrementVehicleCount
Command: "/home/dinis/CLionProjects/fsoft2025_1DA_2_definitivo/ProjectTester/FleetManagerTest/cmake-build-debug/runTests" "--gtest_filter=VSLTest.IncrementVehicleCount" "--gtest_also_run_disabled_tests"
Directory: /home/dinis/CLionProjects/fsoft2025_1DA_2_definitivo/ProjectTester/FleetManagerTest/cmake-build-debug
"VSLTest.IncrementVehicleCount" start time: Jun 12 11:02 WEST
Output:
----------------------------------------------------------
Running main() from /home/dinis/CLionProjects/fsoft2025_1DA_2_definitivo/ProjectTester/FleetManagerTest/googleTestLib/googletest-main/googletest/src/gtest_main.cc
Note: Google Test filter = VSLTest.IncrementVehicleCount
[==========] Running 1 test from 1 test suite.
[----------] Global test environment set-up.
[----------] 1 test from VSLTest
[ RUN      ] VSLTest.IncrementVehicleCount
[       OK ] VSLTest.IncrementVehicleCount (0 ms)
[----------] 1 test from VSLTest (0 ms total)

[----------] Global test environment tear-down
[==========] 1 test from 1 test suite ran. (0 ms total)
[  PASSED  ] 1 test.
<end of output>
Test time =   0.01 sec
----------------------------------------------------------
Test Passed.
"VSLTest.IncrementVehicleCount" end time: Jun 12 11:02 WEST
"VSLTest.IncrementVehicleCount" time elapsed: 00:00:00
----------------------------------------------------------

50/51 Testing: VSLTest.DecrementVehicleCount
50/51 Test: VSLTest.DecrementVehicleCount
Command: "/home/dinis/CLionProjects/fsoft2025_1DA_2_definitivo/ProjectTester/FleetManagerTest/cmake-build-debug/runTests" "--gtest_filter=VSLTest.DecrementVehicleCount" "--gtest_also_run_disabled_tests"
Directory: /home/dinis/CLionProjects/fsoft2025_1DA_2_definitivo/ProjectTester/FleetManagerTest/cmake-build-debug
"VSLTest.DecrementVehicleCount" start time: Jun 12 11:02 WEST
Output:
----------------------------------------------------------
Running main() from /home/dinis/CLionProjects/fsoft2025_1DA_2_definitivo/ProjectTester/FleetManagerTest/googleTestLib/googletest-main/googletest/src/gtest_main.cc
Note: Google Test filter = VSLTest.DecrementVehicleCount
[==========] Running 1 test from 1 test suite.
[----------] Global test environment set-up.
[----------] 1 test from VSLTest
[ RUN      ] VSLTest.DecrementVehicleCount
[       OK ] VSLTest.DecrementVehicleCount (0 ms)
[----------] 1 test from VSLTest (0 ms total)

[----------] Global test environment tear-down
[==========] 1 test from 1 test suite ran. (0 ms total)
[  PASSED  ] 1 test.
<end of output>
Test time =   0.00 sec
----------------------------------------------------------
Test Passed.
"VSLTest.DecrementVehicleCount" end time: Jun 12 11:02 WEST
"VSLTest.DecrementVehicleCount" time elapsed: 00:00:00
----------------------------------------------------------

51/51 Testing: VSLTest.AddVehicleToStorageLocation
51/51 Test: VSLTest.AddVehicleToStorageLocation
Command: "/home/dinis/CLionProjects/fsoft2025_1DA_2_definitivo/ProjectTester/FleetManagerTest/cmake-build-debug/runTests" "--gtest_filter=VSLTest.AddVehicleToStorageLocation" "--gtest_also_run_disabled_tests"
Directory: /home/dinis/CLionProjects/fsoft2025_1DA_2_definitivo/ProjectTester/FleetManagerTest/cmake-build-debug
"VSLTest.AddVehicleToStorageLocation" start time: Jun 12 11:02 WEST
Output:
----------------------------------------------------------
Running main() from /home/dinis/CLionProjects/fsoft2025_1DA_2_definitivo/ProjectTester/FleetManagerTest/googleTestLib/googletest-main/googletest/src/gtest_main.cc
Note: Google Test filter = VSLTest.AddVehicleToStorageLocation
[==========] Running 1 test from 1 test suite.
[----------] Global test environment set-up.
[----------] 1 test from VSLTest
[ RUN      ] VSLTest.AddVehicleToStorageLocation
unknown file: Failure
C++ exception with description "!! Error: "VSL ID" does not exist !!" thrown in the test body.

[  FAILED  ] VSLTest.AddVehicleToStorageLocation (0 ms)
[----------] 1 test from VSLTest (0 ms total)

[----------] Global test environment tear-down
[==========] 1 test from 1 test suite ran. (0 ms total)
[  PASSED  ] 0 tests.
[  FAILED  ] 1 test, listed below:
[  FAILED  ] VSLTest.AddVehicleToStorageLocation

 1 FAILED TEST
<end of output>
Test time =   0.00 sec
----------------------------------------------------------
Test Failed.
"VSLTest.AddVehicleToStorageLocation" end time: Jun 12 11:02 WEST
"VSLTest.AddVehicleToStorageLocation" time elapsed: 00:00:00
----------------------------------------------------------

End testing: Jun 12 11:02 WEST
