Start testing: Jun 12 22:53 WEST
----------------------------------------------------------
1/63 Testing: OrderTest.ConstructorAndInicialization
1/63 Test: OrderTest.ConstructorAndInicialization
Command: "/Users/vitorteixeira/Desktop/FSOFT/PL3/fsoft2025_1DA_2/ProjectTester/FleetManagerTest/cmake-build-debug/runTests" "--gtest_filter=OrderTest.ConstructorAndInicialization" "--gtest_also_run_disabled_tests"
Directory: /Users/vitorteixeira/Desktop/FSOFT/PL3/fsoft2025_1DA_2/ProjectTester/FleetManagerTest/cmake-build-debug
"OrderTest.ConstructorAndInicialization" start time: Jun 12 22:53 WEST
Output:
----------------------------------------------------------
Running main() from /Users/vitorteixeira/Desktop/FSOFT/PL3/fsoft2025_1DA_2/ProjectTester/FleetManagerTest/googleTestLib/googletest-main/googletest/src/gtest_main.cc
Note: Google Test filter = OrderTest.ConstructorAndInicialization
[==========] Running 1 test from 1 test suite.
[----------] Global test environment set-up.
[----------] 1 test from OrderTest
[ RUN      ] OrderTest.ConstructorAndInicialization
[       OK ] OrderTest.ConstructorAndInicialization (0 ms)
[----------] 1 test from OrderTest (0 ms total)

[----------] Global test environment tear-down
[==========] 1 test from 1 test suite ran. (0 ms total)
[  PASSED  ] 1 test.
<end of output>
Test time =   0.08 sec
----------------------------------------------------------
Test Passed.
"OrderTest.ConstructorAndInicialization" end time: Jun 12 22:53 WEST
"OrderTest.ConstructorAndInicialization" time elapsed: 00:00:00
----------------------------------------------------------

2/63 Testing: OrderTest.TestSetOrder
2/63 Test: OrderTest.TestSetOrder
Command: "/Users/vitorteixeira/Desktop/FSOFT/PL3/fsoft2025_1DA_2/ProjectTester/FleetManagerTest/cmake-build-debug/runTests" "--gtest_filter=OrderTest.TestSetOrder" "--gtest_also_run_disabled_tests"
Directory: /Users/vitorteixeira/Desktop/FSOFT/PL3/fsoft2025_1DA_2/ProjectTester/FleetManagerTest/cmake-build-debug
"OrderTest.TestSetOrder" start time: Jun 12 22:53 WEST
Output:
----------------------------------------------------------
Running main() from /Users/vitorteixeira/Desktop/FSOFT/PL3/fsoft2025_1DA_2/ProjectTester/FleetManagerTest/googleTestLib/googletest-main/googletest/src/gtest_main.cc
Note: Google Test filter = OrderTest.TestSetOrder
[==========] Running 1 test from 1 test suite.
[----------] Global test environment set-up.
[----------] 1 test from OrderTest
[ RUN      ] OrderTest.TestSetOrder
[       OK ] OrderTest.TestSetOrder (0 ms)
[----------] 1 test from OrderTest (0 ms total)

[----------] Global test environment tear-down
[==========] 1 test from 1 test suite ran. (0 ms total)
[  PASSED  ] 1 test.
<end of output>
Test time =   0.01 sec
----------------------------------------------------------
Test Passed.
"OrderTest.TestSetOrder" end time: Jun 12 22:53 WEST
"OrderTest.TestSetOrder" time elapsed: 00:00:00
----------------------------------------------------------

3/63 Testing: OrderTest.TestOrderStatusDefault
3/63 Test: OrderTest.TestOrderStatusDefault
Command: "/Users/vitorteixeira/Desktop/FSOFT/PL3/fsoft2025_1DA_2/ProjectTester/FleetManagerTest/cmake-build-debug/runTests" "--gtest_filter=OrderTest.TestOrderStatusDefault" "--gtest_also_run_disabled_tests"
Directory: /Users/vitorteixeira/Desktop/FSOFT/PL3/fsoft2025_1DA_2/ProjectTester/FleetManagerTest/cmake-build-debug
"OrderTest.TestOrderStatusDefault" start time: Jun 12 22:53 WEST
Output:
----------------------------------------------------------
Running main() from /Users/vitorteixeira/Desktop/FSOFT/PL3/fsoft2025_1DA_2/ProjectTester/FleetManagerTest/googleTestLib/googletest-main/googletest/src/gtest_main.cc
Note: Google Test filter = OrderTest.TestOrderStatusDefault
[==========] Running 1 test from 1 test suite.
[----------] Global test environment set-up.
[----------] 1 test from OrderTest
[ RUN      ] OrderTest.TestOrderStatusDefault
[       OK ] OrderTest.TestOrderStatusDefault (0 ms)
[----------] 1 test from OrderTest (0 ms total)

[----------] Global test environment tear-down
[==========] 1 test from 1 test suite ran. (0 ms total)
[  PASSED  ] 1 test.
<end of output>
Test time =   0.01 sec
----------------------------------------------------------
Test Passed.
"OrderTest.TestOrderStatusDefault" end time: Jun 12 22:53 WEST
"OrderTest.TestOrderStatusDefault" time elapsed: 00:00:00
----------------------------------------------------------

4/63 Testing: OrderTest.TestOrderStatusChange
4/63 Test: OrderTest.TestOrderStatusChange
Command: "/Users/vitorteixeira/Desktop/FSOFT/PL3/fsoft2025_1DA_2/ProjectTester/FleetManagerTest/cmake-build-debug/runTests" "--gtest_filter=OrderTest.TestOrderStatusChange" "--gtest_also_run_disabled_tests"
Directory: /Users/vitorteixeira/Desktop/FSOFT/PL3/fsoft2025_1DA_2/ProjectTester/FleetManagerTest/cmake-build-debug
"OrderTest.TestOrderStatusChange" start time: Jun 12 22:53 WEST
Output:
----------------------------------------------------------
Running main() from /Users/vitorteixeira/Desktop/FSOFT/PL3/fsoft2025_1DA_2/ProjectTester/FleetManagerTest/googleTestLib/googletest-main/googletest/src/gtest_main.cc
Note: Google Test filter = OrderTest.TestOrderStatusChange
[==========] Running 1 test from 1 test suite.
[----------] Global test environment set-up.
[----------] 1 test from OrderTest
[ RUN      ] OrderTest.TestOrderStatusChange
[       OK ] OrderTest.TestOrderStatusChange (0 ms)
[----------] 1 test from OrderTest (0 ms total)

[----------] Global test environment tear-down
[==========] 1 test from 1 test suite ran. (0 ms total)
[  PASSED  ] 1 test.
<end of output>
Test time =   0.01 sec
----------------------------------------------------------
Test Passed.
"OrderTest.TestOrderStatusChange" end time: Jun 12 22:53 WEST
"OrderTest.TestOrderStatusChange" time elapsed: 00:00:00
----------------------------------------------------------

5/63 Testing: DateConstructorTest.ValidDate
5/63 Test: DateConstructorTest.ValidDate
Command: "/Users/vitorteixeira/Desktop/FSOFT/PL3/fsoft2025_1DA_2/ProjectTester/FleetManagerTest/cmake-build-debug/runTests" "--gtest_filter=DateConstructorTest.ValidDate" "--gtest_also_run_disabled_tests"
Directory: /Users/vitorteixeira/Desktop/FSOFT/PL3/fsoft2025_1DA_2/ProjectTester/FleetManagerTest/cmake-build-debug
"DateConstructorTest.ValidDate" start time: Jun 12 22:53 WEST
Output:
----------------------------------------------------------
Running main() from /Users/vitorteixeira/Desktop/FSOFT/PL3/fsoft2025_1DA_2/ProjectTester/FleetManagerTest/googleTestLib/googletest-main/googletest/src/gtest_main.cc
Note: Google Test filter = DateConstructorTest.ValidDate
[==========] Running 1 test from 1 test suite.
[----------] Global test environment set-up.
[----------] 1 test from DateConstructorTest
[ RUN      ] DateConstructorTest.ValidDate
[       OK ] DateConstructorTest.ValidDate (0 ms)
[----------] 1 test from DateConstructorTest (0 ms total)

[----------] Global test environment tear-down
[==========] 1 test from 1 test suite ran. (0 ms total)
[  PASSED  ] 1 test.
<end of output>
Test time =   0.01 sec
----------------------------------------------------------
Test Passed.
"DateConstructorTest.ValidDate" end time: Jun 12 22:53 WEST
"DateConstructorTest.ValidDate" time elapsed: 00:00:00
----------------------------------------------------------

6/63 Testing: DateConstructorTest.InvalidDate
6/63 Test: DateConstructorTest.InvalidDate
Command: "/Users/vitorteixeira/Desktop/FSOFT/PL3/fsoft2025_1DA_2/ProjectTester/FleetManagerTest/cmake-build-debug/runTests" "--gtest_filter=DateConstructorTest.InvalidDate" "--gtest_also_run_disabled_tests"
Directory: /Users/vitorteixeira/Desktop/FSOFT/PL3/fsoft2025_1DA_2/ProjectTester/FleetManagerTest/cmake-build-debug
"DateConstructorTest.InvalidDate" start time: Jun 12 22:53 WEST
Output:
----------------------------------------------------------
Running main() from /Users/vitorteixeira/Desktop/FSOFT/PL3/fsoft2025_1DA_2/ProjectTester/FleetManagerTest/googleTestLib/googletest-main/googletest/src/gtest_main.cc
Note: Google Test filter = DateConstructorTest.InvalidDate
[==========] Running 1 test from 1 test suite.
[----------] Global test environment set-up.
[----------] 1 test from DateConstructorTest
[ RUN      ] DateConstructorTest.InvalidDate
[       OK ] DateConstructorTest.InvalidDate (0 ms)
[----------] 1 test from DateConstructorTest (0 ms total)

[----------] Global test environment tear-down
[==========] 1 test from 1 test suite ran. (0 ms total)
[  PASSED  ] 1 test.
<end of output>
Test time =   0.01 sec
----------------------------------------------------------
Test Passed.
"DateConstructorTest.InvalidDate" end time: Jun 12 22:53 WEST
"DateConstructorTest.InvalidDate" time elapsed: 00:00:00
----------------------------------------------------------

7/63 Testing: DateSetTest.ValidDate
7/63 Test: DateSetTest.ValidDate
Command: "/Users/vitorteixeira/Desktop/FSOFT/PL3/fsoft2025_1DA_2/ProjectTester/FleetManagerTest/cmake-build-debug/runTests" "--gtest_filter=DateSetTest.ValidDate" "--gtest_also_run_disabled_tests"
Directory: /Users/vitorteixeira/Desktop/FSOFT/PL3/fsoft2025_1DA_2/ProjectTester/FleetManagerTest/cmake-build-debug
"DateSetTest.ValidDate" start time: Jun 12 22:53 WEST
Output:
----------------------------------------------------------
Running main() from /Users/vitorteixeira/Desktop/FSOFT/PL3/fsoft2025_1DA_2/ProjectTester/FleetManagerTest/googleTestLib/googletest-main/googletest/src/gtest_main.cc
Note: Google Test filter = DateSetTest.ValidDate
[==========] Running 1 test from 1 test suite.
[----------] Global test environment set-up.
[----------] 1 test from DateSetTest
[ RUN      ] DateSetTest.ValidDate
[       OK ] DateSetTest.ValidDate (0 ms)
[----------] 1 test from DateSetTest (0 ms total)

[----------] Global test environment tear-down
[==========] 1 test from 1 test suite ran. (0 ms total)
[  PASSED  ] 1 test.
<end of output>
Test time =   0.01 sec
----------------------------------------------------------
Test Passed.
"DateSetTest.ValidDate" end time: Jun 12 22:53 WEST
"DateSetTest.ValidDate" time elapsed: 00:00:00
----------------------------------------------------------

8/63 Testing: DateSetTest.InvalidDate
8/63 Test: DateSetTest.InvalidDate
Command: "/Users/vitorteixeira/Desktop/FSOFT/PL3/fsoft2025_1DA_2/ProjectTester/FleetManagerTest/cmake-build-debug/runTests" "--gtest_filter=DateSetTest.InvalidDate" "--gtest_also_run_disabled_tests"
Directory: /Users/vitorteixeira/Desktop/FSOFT/PL3/fsoft2025_1DA_2/ProjectTester/FleetManagerTest/cmake-build-debug
"DateSetTest.InvalidDate" start time: Jun 12 22:53 WEST
Output:
----------------------------------------------------------
Running main() from /Users/vitorteixeira/Desktop/FSOFT/PL3/fsoft2025_1DA_2/ProjectTester/FleetManagerTest/googleTestLib/googletest-main/googletest/src/gtest_main.cc
Note: Google Test filter = DateSetTest.InvalidDate
[==========] Running 1 test from 1 test suite.
[----------] Global test environment set-up.
[----------] 1 test from DateSetTest
[ RUN      ] DateSetTest.InvalidDate
[       OK ] DateSetTest.InvalidDate (1 ms)
[----------] 1 test from DateSetTest (1 ms total)

[----------] Global test environment tear-down
[==========] 1 test from 1 test suite ran. (1 ms total)
[  PASSED  ] 1 test.
<end of output>
Test time =   0.02 sec
----------------------------------------------------------
Test Passed.
"DateSetTest.InvalidDate" end time: Jun 12 22:53 WEST
"DateSetTest.InvalidDate" time elapsed: 00:00:00
----------------------------------------------------------

9/63 Testing: DateEqualTest.EqualDate
9/63 Test: DateEqualTest.EqualDate
Command: "/Users/vitorteixeira/Desktop/FSOFT/PL3/fsoft2025_1DA_2/ProjectTester/FleetManagerTest/cmake-build-debug/runTests" "--gtest_filter=DateEqualTest.EqualDate" "--gtest_also_run_disabled_tests"
Directory: /Users/vitorteixeira/Desktop/FSOFT/PL3/fsoft2025_1DA_2/ProjectTester/FleetManagerTest/cmake-build-debug
"DateEqualTest.EqualDate" start time: Jun 12 22:53 WEST
Output:
----------------------------------------------------------
Running main() from /Users/vitorteixeira/Desktop/FSOFT/PL3/fsoft2025_1DA_2/ProjectTester/FleetManagerTest/googleTestLib/googletest-main/googletest/src/gtest_main.cc
Note: Google Test filter = DateEqualTest.EqualDate
[==========] Running 1 test from 1 test suite.
[----------] Global test environment set-up.
[----------] 1 test from DateEqualTest
[ RUN      ] DateEqualTest.EqualDate
[       OK ] DateEqualTest.EqualDate (0 ms)
[----------] 1 test from DateEqualTest (0 ms total)

[----------] Global test environment tear-down
[==========] 1 test from 1 test suite ran. (0 ms total)
[  PASSED  ] 1 test.
<end of output>
Test time =   0.01 sec
----------------------------------------------------------
Test Passed.
"DateEqualTest.EqualDate" end time: Jun 12 22:53 WEST
"DateEqualTest.EqualDate" time elapsed: 00:00:00
----------------------------------------------------------

10/63 Testing: DateOperatorHigherTest.HigherDate
10/63 Test: DateOperatorHigherTest.HigherDate
Command: "/Users/vitorteixeira/Desktop/FSOFT/PL3/fsoft2025_1DA_2/ProjectTester/FleetManagerTest/cmake-build-debug/runTests" "--gtest_filter=DateOperatorHigherTest.HigherDate" "--gtest_also_run_disabled_tests"
Directory: /Users/vitorteixeira/Desktop/FSOFT/PL3/fsoft2025_1DA_2/ProjectTester/FleetManagerTest/cmake-build-debug
"DateOperatorHigherTest.HigherDate" start time: Jun 12 22:53 WEST
Output:
----------------------------------------------------------
Running main() from /Users/vitorteixeira/Desktop/FSOFT/PL3/fsoft2025_1DA_2/ProjectTester/FleetManagerTest/googleTestLib/googletest-main/googletest/src/gtest_main.cc
Note: Google Test filter = DateOperatorHigherTest.HigherDate
[==========] Running 1 test from 1 test suite.
[----------] Global test environment set-up.
[----------] 1 test from DateOperatorHigherTest
[ RUN      ] DateOperatorHigherTest.HigherDate
[       OK ] DateOperatorHigherTest.HigherDate (0 ms)
[----------] 1 test from DateOperatorHigherTest (0 ms total)

[----------] Global test environment tear-down
[==========] 1 test from 1 test suite ran. (0 ms total)
[  PASSED  ] 1 test.
<end of output>
Test time =   0.01 sec
----------------------------------------------------------
Test Passed.
"DateOperatorHigherTest.HigherDate" end time: Jun 12 22:53 WEST
"DateOperatorHigherTest.HigherDate" time elapsed: 00:00:00
----------------------------------------------------------

11/63 Testing: DateOperatorHigherTest.LowerDate
11/63 Test: DateOperatorHigherTest.LowerDate
Command: "/Users/vitorteixeira/Desktop/FSOFT/PL3/fsoft2025_1DA_2/ProjectTester/FleetManagerTest/cmake-build-debug/runTests" "--gtest_filter=DateOperatorHigherTest.LowerDate" "--gtest_also_run_disabled_tests"
Directory: /Users/vitorteixeira/Desktop/FSOFT/PL3/fsoft2025_1DA_2/ProjectTester/FleetManagerTest/cmake-build-debug
"DateOperatorHigherTest.LowerDate" start time: Jun 12 22:53 WEST
Output:
----------------------------------------------------------
Running main() from /Users/vitorteixeira/Desktop/FSOFT/PL3/fsoft2025_1DA_2/ProjectTester/FleetManagerTest/googleTestLib/googletest-main/googletest/src/gtest_main.cc
Note: Google Test filter = DateOperatorHigherTest.LowerDate
[==========] Running 1 test from 1 test suite.
[----------] Global test environment set-up.
[----------] 1 test from DateOperatorHigherTest
[ RUN      ] DateOperatorHigherTest.LowerDate
[       OK ] DateOperatorHigherTest.LowerDate (0 ms)
[----------] 1 test from DateOperatorHigherTest (0 ms total)

[----------] Global test environment tear-down
[==========] 1 test from 1 test suite ran. (0 ms total)
[  PASSED  ] 1 test.
<end of output>
Test time =   0.01 sec
----------------------------------------------------------
Test Passed.
"DateOperatorHigherTest.LowerDate" end time: Jun 12 22:53 WEST
"DateOperatorHigherTest.LowerDate" time elapsed: 00:00:00
----------------------------------------------------------

12/63 Testing: DateOperatorLowerTest.HigherDate
12/63 Test: DateOperatorLowerTest.HigherDate
Command: "/Users/vitorteixeira/Desktop/FSOFT/PL3/fsoft2025_1DA_2/ProjectTester/FleetManagerTest/cmake-build-debug/runTests" "--gtest_filter=DateOperatorLowerTest.HigherDate" "--gtest_also_run_disabled_tests"
Directory: /Users/vitorteixeira/Desktop/FSOFT/PL3/fsoft2025_1DA_2/ProjectTester/FleetManagerTest/cmake-build-debug
"DateOperatorLowerTest.HigherDate" start time: Jun 12 22:53 WEST
Output:
----------------------------------------------------------
Running main() from /Users/vitorteixeira/Desktop/FSOFT/PL3/fsoft2025_1DA_2/ProjectTester/FleetManagerTest/googleTestLib/googletest-main/googletest/src/gtest_main.cc
Note: Google Test filter = DateOperatorLowerTest.HigherDate
[==========] Running 1 test from 1 test suite.
[----------] Global test environment set-up.
[----------] 1 test from DateOperatorLowerTest
[ RUN      ] DateOperatorLowerTest.HigherDate
[       OK ] DateOperatorLowerTest.HigherDate (0 ms)
[----------] 1 test from DateOperatorLowerTest (0 ms total)

[----------] Global test environment tear-down
[==========] 1 test from 1 test suite ran. (0 ms total)
[  PASSED  ] 1 test.
<end of output>
Test time =   0.01 sec
----------------------------------------------------------
Test Passed.
"DateOperatorLowerTest.HigherDate" end time: Jun 12 22:53 WEST
"DateOperatorLowerTest.HigherDate" time elapsed: 00:00:00
----------------------------------------------------------

13/63 Testing: DateOperatorLowerTest.LowerDate
13/63 Test: DateOperatorLowerTest.LowerDate
Command: "/Users/vitorteixeira/Desktop/FSOFT/PL3/fsoft2025_1DA_2/ProjectTester/FleetManagerTest/cmake-build-debug/runTests" "--gtest_filter=DateOperatorLowerTest.LowerDate" "--gtest_also_run_disabled_tests"
Directory: /Users/vitorteixeira/Desktop/FSOFT/PL3/fsoft2025_1DA_2/ProjectTester/FleetManagerTest/cmake-build-debug
"DateOperatorLowerTest.LowerDate" start time: Jun 12 22:53 WEST
Output:
----------------------------------------------------------
Running main() from /Users/vitorteixeira/Desktop/FSOFT/PL3/fsoft2025_1DA_2/ProjectTester/FleetManagerTest/googleTestLib/googletest-main/googletest/src/gtest_main.cc
Note: Google Test filter = DateOperatorLowerTest.LowerDate
[==========] Running 1 test from 1 test suite.
[----------] Global test environment set-up.
[----------] 1 test from DateOperatorLowerTest
[ RUN      ] DateOperatorLowerTest.LowerDate
[       OK ] DateOperatorLowerTest.LowerDate (0 ms)
[----------] 1 test from DateOperatorLowerTest (0 ms total)

[----------] Global test environment tear-down
[==========] 1 test from 1 test suite ran. (0 ms total)
[  PASSED  ] 1 test.
<end of output>
Test time =   0.01 sec
----------------------------------------------------------
Test Passed.
"DateOperatorLowerTest.LowerDate" end time: Jun 12 22:53 WEST
"DateOperatorLowerTest.LowerDate" time elapsed: 00:00:00
----------------------------------------------------------

14/63 Testing: TripTest.ConstructorAndInicialization
14/63 Test: TripTest.ConstructorAndInicialization
Command: "/Users/vitorteixeira/Desktop/FSOFT/PL3/fsoft2025_1DA_2/ProjectTester/FleetManagerTest/cmake-build-debug/runTests" "--gtest_filter=TripTest.ConstructorAndInicialization" "--gtest_also_run_disabled_tests"
Directory: /Users/vitorteixeira/Desktop/FSOFT/PL3/fsoft2025_1DA_2/ProjectTester/FleetManagerTest/cmake-build-debug
"TripTest.ConstructorAndInicialization" start time: Jun 12 22:53 WEST
Output:
----------------------------------------------------------
Running main() from /Users/vitorteixeira/Desktop/FSOFT/PL3/fsoft2025_1DA_2/ProjectTester/FleetManagerTest/googleTestLib/googletest-main/googletest/src/gtest_main.cc
Note: Google Test filter = TripTest.ConstructorAndInicialization
[==========] Running 1 test from 1 test suite.
[----------] Global test environment set-up.
[----------] 1 test from TripTest
[ RUN      ] TripTest.ConstructorAndInicialization
[       OK ] TripTest.ConstructorAndInicialization (0 ms)
[----------] 1 test from TripTest (0 ms total)

[----------] Global test environment tear-down
[==========] 1 test from 1 test suite ran. (0 ms total)
[  PASSED  ] 1 test.
<end of output>
Test time =   0.01 sec
----------------------------------------------------------
Test Passed.
"TripTest.ConstructorAndInicialization" end time: Jun 12 22:53 WEST
"TripTest.ConstructorAndInicialization" time elapsed: 00:00:00
----------------------------------------------------------

15/63 Testing: TripTest.TestSetTrip
15/63 Test: TripTest.TestSetTrip
Command: "/Users/vitorteixeira/Desktop/FSOFT/PL3/fsoft2025_1DA_2/ProjectTester/FleetManagerTest/cmake-build-debug/runTests" "--gtest_filter=TripTest.TestSetTrip" "--gtest_also_run_disabled_tests"
Directory: /Users/vitorteixeira/Desktop/FSOFT/PL3/fsoft2025_1DA_2/ProjectTester/FleetManagerTest/cmake-build-debug
"TripTest.TestSetTrip" start time: Jun 12 22:53 WEST
Output:
----------------------------------------------------------
Running main() from /Users/vitorteixeira/Desktop/FSOFT/PL3/fsoft2025_1DA_2/ProjectTester/FleetManagerTest/googleTestLib/googletest-main/googletest/src/gtest_main.cc
Note: Google Test filter = TripTest.TestSetTrip
[==========] Running 1 test from 1 test suite.
[----------] Global test environment set-up.
[----------] 1 test from TripTest
[ RUN      ] TripTest.TestSetTrip
[       OK ] TripTest.TestSetTrip (0 ms)
[----------] 1 test from TripTest (0 ms total)

[----------] Global test environment tear-down
[==========] 1 test from 1 test suite ran. (0 ms total)
[  PASSED  ] 1 test.
<end of output>
Test time =   0.01 sec
----------------------------------------------------------
Test Passed.
"TripTest.TestSetTrip" end time: Jun 12 22:53 WEST
"TripTest.TestSetTrip" time elapsed: 00:00:00
----------------------------------------------------------

16/63 Testing: TripTest.TripSuppressedState
16/63 Test: TripTest.TripSuppressedState
Command: "/Users/vitorteixeira/Desktop/FSOFT/PL3/fsoft2025_1DA_2/ProjectTester/FleetManagerTest/cmake-build-debug/runTests" "--gtest_filter=TripTest.TripSuppressedState" "--gtest_also_run_disabled_tests"
Directory: /Users/vitorteixeira/Desktop/FSOFT/PL3/fsoft2025_1DA_2/ProjectTester/FleetManagerTest/cmake-build-debug
"TripTest.TripSuppressedState" start time: Jun 12 22:53 WEST
Output:
----------------------------------------------------------
Running main() from /Users/vitorteixeira/Desktop/FSOFT/PL3/fsoft2025_1DA_2/ProjectTester/FleetManagerTest/googleTestLib/googletest-main/googletest/src/gtest_main.cc
Note: Google Test filter = TripTest.TripSuppressedState
[==========] Running 1 test from 1 test suite.
[----------] Global test environment set-up.
[----------] 1 test from TripTest
[ RUN      ] TripTest.TripSuppressedState
[       OK ] TripTest.TripSuppressedState (0 ms)
[----------] 1 test from TripTest (0 ms total)

[----------] Global test environment tear-down
[==========] 1 test from 1 test suite ran. (0 ms total)
[  PASSED  ] 1 test.
<end of output>
Test time =   0.01 sec
----------------------------------------------------------
Test Passed.
"TripTest.TripSuppressedState" end time: Jun 12 22:53 WEST
"TripTest.TripSuppressedState" time elapsed: 00:00:00
----------------------------------------------------------

17/63 Testing: TripTest.TripIncomingState
17/63 Test: TripTest.TripIncomingState
Command: "/Users/vitorteixeira/Desktop/FSOFT/PL3/fsoft2025_1DA_2/ProjectTester/FleetManagerTest/cmake-build-debug/runTests" "--gtest_filter=TripTest.TripIncomingState" "--gtest_also_run_disabled_tests"
Directory: /Users/vitorteixeira/Desktop/FSOFT/PL3/fsoft2025_1DA_2/ProjectTester/FleetManagerTest/cmake-build-debug
"TripTest.TripIncomingState" start time: Jun 12 22:53 WEST
Output:
----------------------------------------------------------
Running main() from /Users/vitorteixeira/Desktop/FSOFT/PL3/fsoft2025_1DA_2/ProjectTester/FleetManagerTest/googleTestLib/googletest-main/googletest/src/gtest_main.cc
Note: Google Test filter = TripTest.TripIncomingState
[==========] Running 1 test from 1 test suite.
[----------] Global test environment set-up.
[----------] 1 test from TripTest
[ RUN      ] TripTest.TripIncomingState
[       OK ] TripTest.TripIncomingState (0 ms)
[----------] 1 test from TripTest (0 ms total)

[----------] Global test environment tear-down
[==========] 1 test from 1 test suite ran. (0 ms total)
[  PASSED  ] 1 test.
<end of output>
Test time =   0.01 sec
----------------------------------------------------------
Test Passed.
"TripTest.TripIncomingState" end time: Jun 12 22:53 WEST
"TripTest.TripIncomingState" time elapsed: 00:00:00
----------------------------------------------------------

18/63 Testing: TripTest.TripDeliveredState
18/63 Test: TripTest.TripDeliveredState
Command: "/Users/vitorteixeira/Desktop/FSOFT/PL3/fsoft2025_1DA_2/ProjectTester/FleetManagerTest/cmake-build-debug/runTests" "--gtest_filter=TripTest.TripDeliveredState" "--gtest_also_run_disabled_tests"
Directory: /Users/vitorteixeira/Desktop/FSOFT/PL3/fsoft2025_1DA_2/ProjectTester/FleetManagerTest/cmake-build-debug
"TripTest.TripDeliveredState" start time: Jun 12 22:53 WEST
Output:
----------------------------------------------------------
Running main() from /Users/vitorteixeira/Desktop/FSOFT/PL3/fsoft2025_1DA_2/ProjectTester/FleetManagerTest/googleTestLib/googletest-main/googletest/src/gtest_main.cc
Note: Google Test filter = TripTest.TripDeliveredState
[==========] Running 1 test from 1 test suite.
[----------] Global test environment set-up.
[----------] 1 test from TripTest
[ RUN      ] TripTest.TripDeliveredState
[       OK ] TripTest.TripDeliveredState (0 ms)
[----------] 1 test from TripTest (0 ms total)

[----------] Global test environment tear-down
[==========] 1 test from 1 test suite ran. (0 ms total)
[  PASSED  ] 1 test.
<end of output>
Test time =   0.01 sec
----------------------------------------------------------
Test Passed.
"TripTest.TripDeliveredState" end time: Jun 12 22:53 WEST
"TripTest.TripDeliveredState" time elapsed: 00:00:00
----------------------------------------------------------

19/63 Testing: TripTest.TripFailedState
19/63 Test: TripTest.TripFailedState
Command: "/Users/vitorteixeira/Desktop/FSOFT/PL3/fsoft2025_1DA_2/ProjectTester/FleetManagerTest/cmake-build-debug/runTests" "--gtest_filter=TripTest.TripFailedState" "--gtest_also_run_disabled_tests"
Directory: /Users/vitorteixeira/Desktop/FSOFT/PL3/fsoft2025_1DA_2/ProjectTester/FleetManagerTest/cmake-build-debug
"TripTest.TripFailedState" start time: Jun 12 22:53 WEST
Output:
----------------------------------------------------------
Running main() from /Users/vitorteixeira/Desktop/FSOFT/PL3/fsoft2025_1DA_2/ProjectTester/FleetManagerTest/googleTestLib/googletest-main/googletest/src/gtest_main.cc
Note: Google Test filter = TripTest.TripFailedState
[==========] Running 1 test from 1 test suite.
[----------] Global test environment set-up.
[----------] 1 test from TripTest
[ RUN      ] TripTest.TripFailedState
[       OK ] TripTest.TripFailedState (0 ms)
[----------] 1 test from TripTest (0 ms total)

[----------] Global test environment tear-down
[==========] 1 test from 1 test suite ran. (0 ms total)
[  PASSED  ] 1 test.
<end of output>
Test time =   0.01 sec
----------------------------------------------------------
Test Passed.
"TripTest.TripFailedState" end time: Jun 12 22:53 WEST
"TripTest.TripFailedState" time elapsed: 00:00:00
----------------------------------------------------------

20/63 Testing: DriverTest.ConstructorAndInicialization
20/63 Test: DriverTest.ConstructorAndInicialization
Command: "/Users/vitorteixeira/Desktop/FSOFT/PL3/fsoft2025_1DA_2/ProjectTester/FleetManagerTest/cmake-build-debug/runTests" "--gtest_filter=DriverTest.ConstructorAndInicialization" "--gtest_also_run_disabled_tests"
Directory: /Users/vitorteixeira/Desktop/FSOFT/PL3/fsoft2025_1DA_2/ProjectTester/FleetManagerTest/cmake-build-debug
"DriverTest.ConstructorAndInicialization" start time: Jun 12 22:53 WEST
Output:
----------------------------------------------------------
Running main() from /Users/vitorteixeira/Desktop/FSOFT/PL3/fsoft2025_1DA_2/ProjectTester/FleetManagerTest/googleTestLib/googletest-main/googletest/src/gtest_main.cc
Note: Google Test filter = DriverTest.ConstructorAndInicialization
[==========] Running 1 test from 1 test suite.
[----------] Global test environment set-up.
[----------] 1 test from DriverTest
[ RUN      ] DriverTest.ConstructorAndInicialization
[       OK ] DriverTest.ConstructorAndInicialization (0 ms)
[----------] 1 test from DriverTest (0 ms total)

[----------] Global test environment tear-down
[==========] 1 test from 1 test suite ran. (0 ms total)
[  PASSED  ] 1 test.
<end of output>
Test time =   0.01 sec
----------------------------------------------------------
Test Passed.
"DriverTest.ConstructorAndInicialization" end time: Jun 12 22:53 WEST
"DriverTest.ConstructorAndInicialization" time elapsed: 00:00:00
----------------------------------------------------------

21/63 Testing: DriverTest.TestSetDriver
21/63 Test: DriverTest.TestSetDriver
Command: "/Users/vitorteixeira/Desktop/FSOFT/PL3/fsoft2025_1DA_2/ProjectTester/FleetManagerTest/cmake-build-debug/runTests" "--gtest_filter=DriverTest.TestSetDriver" "--gtest_also_run_disabled_tests"
Directory: /Users/vitorteixeira/Desktop/FSOFT/PL3/fsoft2025_1DA_2/ProjectTester/FleetManagerTest/cmake-build-debug
"DriverTest.TestSetDriver" start time: Jun 12 22:53 WEST
Output:
----------------------------------------------------------
Running main() from /Users/vitorteixeira/Desktop/FSOFT/PL3/fsoft2025_1DA_2/ProjectTester/FleetManagerTest/googleTestLib/googletest-main/googletest/src/gtest_main.cc
Note: Google Test filter = DriverTest.TestSetDriver
[==========] Running 1 test from 1 test suite.
[----------] Global test environment set-up.
[----------] 1 test from DriverTest
[ RUN      ] DriverTest.TestSetDriver
[       OK ] DriverTest.TestSetDriver (0 ms)
[----------] 1 test from DriverTest (0 ms total)

[----------] Global test environment tear-down
[==========] 1 test from 1 test suite ran. (0 ms total)
[  PASSED  ] 1 test.
<end of output>
Test time =   0.01 sec
----------------------------------------------------------
Test Passed.
"DriverTest.TestSetDriver" end time: Jun 12 22:53 WEST
"DriverTest.TestSetDriver" time elapsed: 00:00:00
----------------------------------------------------------

22/63 Testing: VacationTest.ConstructorAndInicialization
22/63 Test: VacationTest.ConstructorAndInicialization
Command: "/Users/vitorteixeira/Desktop/FSOFT/PL3/fsoft2025_1DA_2/ProjectTester/FleetManagerTest/cmake-build-debug/runTests" "--gtest_filter=VacationTest.ConstructorAndInicialization" "--gtest_also_run_disabled_tests"
Directory: /Users/vitorteixeira/Desktop/FSOFT/PL3/fsoft2025_1DA_2/ProjectTester/FleetManagerTest/cmake-build-debug
"VacationTest.ConstructorAndInicialization" start time: Jun 12 22:53 WEST
Output:
----------------------------------------------------------
Running main() from /Users/vitorteixeira/Desktop/FSOFT/PL3/fsoft2025_1DA_2/ProjectTester/FleetManagerTest/googleTestLib/googletest-main/googletest/src/gtest_main.cc
Note: Google Test filter = VacationTest.ConstructorAndInicialization
[==========] Running 1 test from 1 test suite.
[----------] Global test environment set-up.
[----------] 1 test from VacationTest
[ RUN      ] VacationTest.ConstructorAndInicialization
[       OK ] VacationTest.ConstructorAndInicialization (0 ms)
[----------] 1 test from VacationTest (0 ms total)

[----------] Global test environment tear-down
[==========] 1 test from 1 test suite ran. (0 ms total)
[  PASSED  ] 1 test.
<end of output>
Test time =   0.01 sec
----------------------------------------------------------
Test Passed.
"VacationTest.ConstructorAndInicialization" end time: Jun 12 22:53 WEST
"VacationTest.ConstructorAndInicialization" time elapsed: 00:00:00
----------------------------------------------------------

23/63 Testing: VacationTest.TestSetVacation
23/63 Test: VacationTest.TestSetVacation
Command: "/Users/vitorteixeira/Desktop/FSOFT/PL3/fsoft2025_1DA_2/ProjectTester/FleetManagerTest/cmake-build-debug/runTests" "--gtest_filter=VacationTest.TestSetVacation" "--gtest_also_run_disabled_tests"
Directory: /Users/vitorteixeira/Desktop/FSOFT/PL3/fsoft2025_1DA_2/ProjectTester/FleetManagerTest/cmake-build-debug
"VacationTest.TestSetVacation" start time: Jun 12 22:53 WEST
Output:
----------------------------------------------------------
Running main() from /Users/vitorteixeira/Desktop/FSOFT/PL3/fsoft2025_1DA_2/ProjectTester/FleetManagerTest/googleTestLib/googletest-main/googletest/src/gtest_main.cc
Note: Google Test filter = VacationTest.TestSetVacation
[==========] Running 1 test from 1 test suite.
[----------] Global test environment set-up.
[----------] 1 test from VacationTest
[ RUN      ] VacationTest.TestSetVacation
[       OK ] VacationTest.TestSetVacation (0 ms)
[----------] 1 test from VacationTest (0 ms total)

[----------] Global test environment tear-down
[==========] 1 test from 1 test suite ran. (0 ms total)
[  PASSED  ] 1 test.
<end of output>
Test time =   0.01 sec
----------------------------------------------------------
Test Passed.
"VacationTest.TestSetVacation" end time: Jun 12 22:53 WEST
"VacationTest.TestSetVacation" time elapsed: 00:00:00
----------------------------------------------------------

24/63 Testing: ExpenseTest.ConstructorAndInicialization
24/63 Test: ExpenseTest.ConstructorAndInicialization
Command: "/Users/vitorteixeira/Desktop/FSOFT/PL3/fsoft2025_1DA_2/ProjectTester/FleetManagerTest/cmake-build-debug/runTests" "--gtest_filter=ExpenseTest.ConstructorAndInicialization" "--gtest_also_run_disabled_tests"
Directory: /Users/vitorteixeira/Desktop/FSOFT/PL3/fsoft2025_1DA_2/ProjectTester/FleetManagerTest/cmake-build-debug
"ExpenseTest.ConstructorAndInicialization" start time: Jun 12 22:53 WEST
Output:
----------------------------------------------------------
Running main() from /Users/vitorteixeira/Desktop/FSOFT/PL3/fsoft2025_1DA_2/ProjectTester/FleetManagerTest/googleTestLib/googletest-main/googletest/src/gtest_main.cc
Note: Google Test filter = ExpenseTest.ConstructorAndInicialization
[==========] Running 1 test from 1 test suite.
[----------] Global test environment set-up.
[----------] 1 test from ExpenseTest
[ RUN      ] ExpenseTest.ConstructorAndInicialization
[       OK ] ExpenseTest.ConstructorAndInicialization (0 ms)
[----------] 1 test from ExpenseTest (0 ms total)

[----------] Global test environment tear-down
[==========] 1 test from 1 test suite ran. (0 ms total)
[  PASSED  ] 1 test.
<end of output>
Test time =   0.01 sec
----------------------------------------------------------
Test Passed.
"ExpenseTest.ConstructorAndInicialization" end time: Jun 12 22:53 WEST
"ExpenseTest.ConstructorAndInicialization" time elapsed: 00:00:00
----------------------------------------------------------

25/63 Testing: ExpenseTest.testSetExpense
25/63 Test: ExpenseTest.testSetExpense
Command: "/Users/vitorteixeira/Desktop/FSOFT/PL3/fsoft2025_1DA_2/ProjectTester/FleetManagerTest/cmake-build-debug/runTests" "--gtest_filter=ExpenseTest.testSetExpense" "--gtest_also_run_disabled_tests"
Directory: /Users/vitorteixeira/Desktop/FSOFT/PL3/fsoft2025_1DA_2/ProjectTester/FleetManagerTest/cmake-build-debug
"ExpenseTest.testSetExpense" start time: Jun 12 22:53 WEST
Output:
----------------------------------------------------------
Running main() from /Users/vitorteixeira/Desktop/FSOFT/PL3/fsoft2025_1DA_2/ProjectTester/FleetManagerTest/googleTestLib/googletest-main/googletest/src/gtest_main.cc
Note: Google Test filter = ExpenseTest.testSetExpense
[==========] Running 1 test from 1 test suite.
[----------] Global test environment set-up.
[----------] 1 test from ExpenseTest
[ RUN      ] ExpenseTest.testSetExpense
[       OK ] ExpenseTest.testSetExpense (0 ms)
[----------] 1 test from ExpenseTest (0 ms total)

[----------] Global test environment tear-down
[==========] 1 test from 1 test suite ran. (0 ms total)
[  PASSED  ] 1 test.
<end of output>
Test time =   0.01 sec
----------------------------------------------------------
Test Passed.
"ExpenseTest.testSetExpense" end time: Jun 12 22:53 WEST
"ExpenseTest.testSetExpense" time elapsed: 00:00:00
----------------------------------------------------------

26/63 Testing: ExpenseTest.TestAllExpenseTypes
26/63 Test: ExpenseTest.TestAllExpenseTypes
Command: "/Users/vitorteixeira/Desktop/FSOFT/PL3/fsoft2025_1DA_2/ProjectTester/FleetManagerTest/cmake-build-debug/runTests" "--gtest_filter=ExpenseTest.TestAllExpenseTypes" "--gtest_also_run_disabled_tests"
Directory: /Users/vitorteixeira/Desktop/FSOFT/PL3/fsoft2025_1DA_2/ProjectTester/FleetManagerTest/cmake-build-debug
"ExpenseTest.TestAllExpenseTypes" start time: Jun 12 22:53 WEST
Output:
----------------------------------------------------------
Running main() from /Users/vitorteixeira/Desktop/FSOFT/PL3/fsoft2025_1DA_2/ProjectTester/FleetManagerTest/googleTestLib/googletest-main/googletest/src/gtest_main.cc
Note: Google Test filter = ExpenseTest.TestAllExpenseTypes
[==========] Running 1 test from 1 test suite.
[----------] Global test environment set-up.
[----------] 1 test from ExpenseTest
[ RUN      ] ExpenseTest.TestAllExpenseTypes
[       OK ] ExpenseTest.TestAllExpenseTypes (0 ms)
[----------] 1 test from ExpenseTest (0 ms total)

[----------] Global test environment tear-down
[==========] 1 test from 1 test suite ran. (0 ms total)
[  PASSED  ] 1 test.
<end of output>
Test time =   0.01 sec
----------------------------------------------------------
Test Passed.
"ExpenseTest.TestAllExpenseTypes" end time: Jun 12 22:53 WEST
"ExpenseTest.TestAllExpenseTypes" time elapsed: 00:00:00
----------------------------------------------------------

27/63 Testing: ExpenseTest.TestRecordExpense
27/63 Test: ExpenseTest.TestRecordExpense
Command: "/Users/vitorteixeira/Desktop/FSOFT/PL3/fsoft2025_1DA_2/ProjectTester/FleetManagerTest/cmake-build-debug/runTests" "--gtest_filter=ExpenseTest.TestRecordExpense" "--gtest_also_run_disabled_tests"
Directory: /Users/vitorteixeira/Desktop/FSOFT/PL3/fsoft2025_1DA_2/ProjectTester/FleetManagerTest/cmake-build-debug
"ExpenseTest.TestRecordExpense" start time: Jun 12 22:53 WEST
Output:
----------------------------------------------------------
Running main() from /Users/vitorteixeira/Desktop/FSOFT/PL3/fsoft2025_1DA_2/ProjectTester/FleetManagerTest/googleTestLib/googletest-main/googletest/src/gtest_main.cc
Note: Google Test filter = ExpenseTest.TestRecordExpense
[==========] Running 1 test from 1 test suite.
[----------] Global test environment set-up.
[----------] 1 test from ExpenseTest
[ RUN      ] ExpenseTest.TestRecordExpense
[       OK ] ExpenseTest.TestRecordExpense (0 ms)
[----------] 1 test from ExpenseTest (0 ms total)

[----------] Global test environment tear-down
[==========] 1 test from 1 test suite ran. (0 ms total)
[  PASSED  ] 1 test.
<end of output>
Test time =   0.01 sec
----------------------------------------------------------
Test Passed.
"ExpenseTest.TestRecordExpense" end time: Jun 12 22:53 WEST
"ExpenseTest.TestRecordExpense" time elapsed: 00:00:00
----------------------------------------------------------

28/63 Testing: ExpenseTest.TestRemoveExpense
28/63 Test: ExpenseTest.TestRemoveExpense
Command: "/Users/vitorteixeira/Desktop/FSOFT/PL3/fsoft2025_1DA_2/ProjectTester/FleetManagerTest/cmake-build-debug/runTests" "--gtest_filter=ExpenseTest.TestRemoveExpense" "--gtest_also_run_disabled_tests"
Directory: /Users/vitorteixeira/Desktop/FSOFT/PL3/fsoft2025_1DA_2/ProjectTester/FleetManagerTest/cmake-build-debug
"ExpenseTest.TestRemoveExpense" start time: Jun 12 22:53 WEST
Output:
----------------------------------------------------------
Running main() from /Users/vitorteixeira/Desktop/FSOFT/PL3/fsoft2025_1DA_2/ProjectTester/FleetManagerTest/googleTestLib/googletest-main/googletest/src/gtest_main.cc
Note: Google Test filter = ExpenseTest.TestRemoveExpense
[==========] Running 1 test from 1 test suite.
[----------] Global test environment set-up.
[----------] 1 test from ExpenseTest
[ RUN      ] ExpenseTest.TestRemoveExpense
[       OK ] ExpenseTest.TestRemoveExpense (0 ms)
[----------] 1 test from ExpenseTest (0 ms total)

[----------] Global test environment tear-down
[==========] 1 test from 1 test suite ran. (0 ms total)
[  PASSED  ] 1 test.
<end of output>
Test time =   0.01 sec
----------------------------------------------------------
Test Passed.
"ExpenseTest.TestRemoveExpense" end time: Jun 12 22:53 WEST
"ExpenseTest.TestRemoveExpense" time elapsed: 00:00:00
----------------------------------------------------------

29/63 Testing: ExpenseTest.TestListExpenses
29/63 Test: ExpenseTest.TestListExpenses
Command: "/Users/vitorteixeira/Desktop/FSOFT/PL3/fsoft2025_1DA_2/ProjectTester/FleetManagerTest/cmake-build-debug/runTests" "--gtest_filter=ExpenseTest.TestListExpenses" "--gtest_also_run_disabled_tests"
Directory: /Users/vitorteixeira/Desktop/FSOFT/PL3/fsoft2025_1DA_2/ProjectTester/FleetManagerTest/cmake-build-debug
"ExpenseTest.TestListExpenses" start time: Jun 12 22:53 WEST
Output:
----------------------------------------------------------
Running main() from /Users/vitorteixeira/Desktop/FSOFT/PL3/fsoft2025_1DA_2/ProjectTester/FleetManagerTest/googleTestLib/googletest-main/googletest/src/gtest_main.cc
Note: Google Test filter = ExpenseTest.TestListExpenses
[==========] Running 1 test from 1 test suite.
[----------] Global test environment set-up.
[----------] 1 test from ExpenseTest
[ RUN      ] ExpenseTest.TestListExpenses
[       OK ] ExpenseTest.TestListExpenses (0 ms)
[----------] 1 test from ExpenseTest (0 ms total)

[----------] Global test environment tear-down
[==========] 1 test from 1 test suite ran. (0 ms total)
[  PASSED  ] 1 test.
<end of output>
Test time =   0.01 sec
----------------------------------------------------------
Test Passed.
"ExpenseTest.TestListExpenses" end time: Jun 12 22:53 WEST
"ExpenseTest.TestListExpenses" time elapsed: 00:00:00
----------------------------------------------------------

30/63 Testing: ExpenseTest.TestListExpensesByType
30/63 Test: ExpenseTest.TestListExpensesByType
Command: "/Users/vitorteixeira/Desktop/FSOFT/PL3/fsoft2025_1DA_2/ProjectTester/FleetManagerTest/cmake-build-debug/runTests" "--gtest_filter=ExpenseTest.TestListExpensesByType" "--gtest_also_run_disabled_tests"
Directory: /Users/vitorteixeira/Desktop/FSOFT/PL3/fsoft2025_1DA_2/ProjectTester/FleetManagerTest/cmake-build-debug
"ExpenseTest.TestListExpensesByType" start time: Jun 12 22:53 WEST
Output:
----------------------------------------------------------
Running main() from /Users/vitorteixeira/Desktop/FSOFT/PL3/fsoft2025_1DA_2/ProjectTester/FleetManagerTest/googleTestLib/googletest-main/googletest/src/gtest_main.cc
Note: Google Test filter = ExpenseTest.TestListExpensesByType
[==========] Running 1 test from 1 test suite.
[----------] Global test environment set-up.
[----------] 1 test from ExpenseTest
[ RUN      ] ExpenseTest.TestListExpensesByType
[       OK ] ExpenseTest.TestListExpensesByType (0 ms)
[----------] 1 test from ExpenseTest (0 ms total)

[----------] Global test environment tear-down
[==========] 1 test from 1 test suite ran. (0 ms total)
[  PASSED  ] 1 test.
<end of output>
Test time =   0.01 sec
----------------------------------------------------------
Test Passed.
"ExpenseTest.TestListExpensesByType" end time: Jun 12 22:53 WEST
"ExpenseTest.TestListExpensesByType" time elapsed: 00:00:00
----------------------------------------------------------

31/63 Testing: RevenueTest.ConstructorAndInicialization
31/63 Test: RevenueTest.ConstructorAndInicialization
Command: "/Users/vitorteixeira/Desktop/FSOFT/PL3/fsoft2025_1DA_2/ProjectTester/FleetManagerTest/cmake-build-debug/runTests" "--gtest_filter=RevenueTest.ConstructorAndInicialization" "--gtest_also_run_disabled_tests"
Directory: /Users/vitorteixeira/Desktop/FSOFT/PL3/fsoft2025_1DA_2/ProjectTester/FleetManagerTest/cmake-build-debug
"RevenueTest.ConstructorAndInicialization" start time: Jun 12 22:53 WEST
Output:
----------------------------------------------------------
Running main() from /Users/vitorteixeira/Desktop/FSOFT/PL3/fsoft2025_1DA_2/ProjectTester/FleetManagerTest/googleTestLib/googletest-main/googletest/src/gtest_main.cc
Note: Google Test filter = RevenueTest.ConstructorAndInicialization
[==========] Running 1 test from 1 test suite.
[----------] Global test environment set-up.
[----------] 1 test from RevenueTest
[ RUN      ] RevenueTest.ConstructorAndInicialization
[       OK ] RevenueTest.ConstructorAndInicialization (0 ms)
[----------] 1 test from RevenueTest (0 ms total)

[----------] Global test environment tear-down
[==========] 1 test from 1 test suite ran. (0 ms total)
[  PASSED  ] 1 test.
<end of output>
Test time =   0.01 sec
----------------------------------------------------------
Test Passed.
"RevenueTest.ConstructorAndInicialization" end time: Jun 12 22:53 WEST
"RevenueTest.ConstructorAndInicialization" time elapsed: 00:00:00
----------------------------------------------------------

32/63 Testing: RevenueTest.testSetRevenue
32/63 Test: RevenueTest.testSetRevenue
Command: "/Users/vitorteixeira/Desktop/FSOFT/PL3/fsoft2025_1DA_2/ProjectTester/FleetManagerTest/cmake-build-debug/runTests" "--gtest_filter=RevenueTest.testSetRevenue" "--gtest_also_run_disabled_tests"
Directory: /Users/vitorteixeira/Desktop/FSOFT/PL3/fsoft2025_1DA_2/ProjectTester/FleetManagerTest/cmake-build-debug
"RevenueTest.testSetRevenue" start time: Jun 12 22:53 WEST
Output:
----------------------------------------------------------
Running main() from /Users/vitorteixeira/Desktop/FSOFT/PL3/fsoft2025_1DA_2/ProjectTester/FleetManagerTest/googleTestLib/googletest-main/googletest/src/gtest_main.cc
Note: Google Test filter = RevenueTest.testSetRevenue
[==========] Running 1 test from 1 test suite.
[----------] Global test environment set-up.
[----------] 1 test from RevenueTest
[ RUN      ] RevenueTest.testSetRevenue
[       OK ] RevenueTest.testSetRevenue (0 ms)
[----------] 1 test from RevenueTest (0 ms total)

[----------] Global test environment tear-down
[==========] 1 test from 1 test suite ran. (0 ms total)
[  PASSED  ] 1 test.
<end of output>
Test time =   0.01 sec
----------------------------------------------------------
Test Passed.
"RevenueTest.testSetRevenue" end time: Jun 12 22:53 WEST
"RevenueTest.testSetRevenue" time elapsed: 00:00:00
----------------------------------------------------------

33/63 Testing: RevenueTest.testRecordRevenue
33/63 Test: RevenueTest.testRecordRevenue
Command: "/Users/vitorteixeira/Desktop/FSOFT/PL3/fsoft2025_1DA_2/ProjectTester/FleetManagerTest/cmake-build-debug/runTests" "--gtest_filter=RevenueTest.testRecordRevenue" "--gtest_also_run_disabled_tests"
Directory: /Users/vitorteixeira/Desktop/FSOFT/PL3/fsoft2025_1DA_2/ProjectTester/FleetManagerTest/cmake-build-debug
"RevenueTest.testRecordRevenue" start time: Jun 12 22:53 WEST
Output:
----------------------------------------------------------
Running main() from /Users/vitorteixeira/Desktop/FSOFT/PL3/fsoft2025_1DA_2/ProjectTester/FleetManagerTest/googleTestLib/googletest-main/googletest/src/gtest_main.cc
Note: Google Test filter = RevenueTest.testRecordRevenue
[==========] Running 1 test from 1 test suite.
[----------] Global test environment set-up.
[----------] 1 test from RevenueTest
[ RUN      ] RevenueTest.testRecordRevenue
[       OK ] RevenueTest.testRecordRevenue (0 ms)
[----------] 1 test from RevenueTest (0 ms total)

[----------] Global test environment tear-down
[==========] 1 test from 1 test suite ran. (0 ms total)
[  PASSED  ] 1 test.
<end of output>
Test time =   0.01 sec
----------------------------------------------------------
Test Passed.
"RevenueTest.testRecordRevenue" end time: Jun 12 22:53 WEST
"RevenueTest.testRecordRevenue" time elapsed: 00:00:00
----------------------------------------------------------

34/63 Testing: RevenueTest.testRemoveRevenue
34/63 Test: RevenueTest.testRemoveRevenue
Command: "/Users/vitorteixeira/Desktop/FSOFT/PL3/fsoft2025_1DA_2/ProjectTester/FleetManagerTest/cmake-build-debug/runTests" "--gtest_filter=RevenueTest.testRemoveRevenue" "--gtest_also_run_disabled_tests"
Directory: /Users/vitorteixeira/Desktop/FSOFT/PL3/fsoft2025_1DA_2/ProjectTester/FleetManagerTest/cmake-build-debug
"RevenueTest.testRemoveRevenue" start time: Jun 12 22:53 WEST
Output:
----------------------------------------------------------
Running main() from /Users/vitorteixeira/Desktop/FSOFT/PL3/fsoft2025_1DA_2/ProjectTester/FleetManagerTest/googleTestLib/googletest-main/googletest/src/gtest_main.cc
Note: Google Test filter = RevenueTest.testRemoveRevenue
[==========] Running 1 test from 1 test suite.
[----------] Global test environment set-up.
[----------] 1 test from RevenueTest
[ RUN      ] RevenueTest.testRemoveRevenue
[       OK ] RevenueTest.testRemoveRevenue (0 ms)
[----------] 1 test from RevenueTest (0 ms total)

[----------] Global test environment tear-down
[==========] 1 test from 1 test suite ran. (0 ms total)
[  PASSED  ] 1 test.
<end of output>
Test time =   0.01 sec
----------------------------------------------------------
Test Passed.
"RevenueTest.testRemoveRevenue" end time: Jun 12 22:53 WEST
"RevenueTest.testRemoveRevenue" time elapsed: 00:00:00
----------------------------------------------------------

35/63 Testing: RevenueTest.testListRevenues
35/63 Test: RevenueTest.testListRevenues
Command: "/Users/vitorteixeira/Desktop/FSOFT/PL3/fsoft2025_1DA_2/ProjectTester/FleetManagerTest/cmake-build-debug/runTests" "--gtest_filter=RevenueTest.testListRevenues" "--gtest_also_run_disabled_tests"
Directory: /Users/vitorteixeira/Desktop/FSOFT/PL3/fsoft2025_1DA_2/ProjectTester/FleetManagerTest/cmake-build-debug
"RevenueTest.testListRevenues" start time: Jun 12 22:53 WEST
Output:
----------------------------------------------------------
Running main() from /Users/vitorteixeira/Desktop/FSOFT/PL3/fsoft2025_1DA_2/ProjectTester/FleetManagerTest/googleTestLib/googletest-main/googletest/src/gtest_main.cc
Note: Google Test filter = RevenueTest.testListRevenues
[==========] Running 1 test from 1 test suite.
[----------] Global test environment set-up.
[----------] 1 test from RevenueTest
[ RUN      ] RevenueTest.testListRevenues
[       OK ] RevenueTest.testListRevenues (0 ms)
[----------] 1 test from RevenueTest (0 ms total)

[----------] Global test environment tear-down
[==========] 1 test from 1 test suite ran. (0 ms total)
[  PASSED  ] 1 test.
<end of output>
Test time =   0.01 sec
----------------------------------------------------------
Test Passed.
"RevenueTest.testListRevenues" end time: Jun 12 22:53 WEST
"RevenueTest.testListRevenues" time elapsed: 00:00:00
----------------------------------------------------------

36/63 Testing: RevenueTest.testListTransactions
36/63 Test: RevenueTest.testListTransactions
Command: "/Users/vitorteixeira/Desktop/FSOFT/PL3/fsoft2025_1DA_2/ProjectTester/FleetManagerTest/cmake-build-debug/runTests" "--gtest_filter=RevenueTest.testListTransactions" "--gtest_also_run_disabled_tests"
Directory: /Users/vitorteixeira/Desktop/FSOFT/PL3/fsoft2025_1DA_2/ProjectTester/FleetManagerTest/cmake-build-debug
"RevenueTest.testListTransactions" start time: Jun 12 22:53 WEST
Output:
----------------------------------------------------------
Running main() from /Users/vitorteixeira/Desktop/FSOFT/PL3/fsoft2025_1DA_2/ProjectTester/FleetManagerTest/googleTestLib/googletest-main/googletest/src/gtest_main.cc
Note: Google Test filter = RevenueTest.testListTransactions
[==========] Running 1 test from 1 test suite.
[----------] Global test environment set-up.
[----------] 1 test from RevenueTest
[ RUN      ] RevenueTest.testListTransactions
[       OK ] RevenueTest.testListTransactions (0 ms)
[----------] 1 test from RevenueTest (0 ms total)

[----------] Global test environment tear-down
[==========] 1 test from 1 test suite ran. (0 ms total)
[  PASSED  ] 1 test.
<end of output>
Test time =   0.01 sec
----------------------------------------------------------
Test Passed.
"RevenueTest.testListTransactions" end time: Jun 12 22:53 WEST
"RevenueTest.testListTransactions" time elapsed: 00:00:00
----------------------------------------------------------

37/63 Testing: RevenueTest.testShowBalance
37/63 Test: RevenueTest.testShowBalance
Command: "/Users/vitorteixeira/Desktop/FSOFT/PL3/fsoft2025_1DA_2/ProjectTester/FleetManagerTest/cmake-build-debug/runTests" "--gtest_filter=RevenueTest.testShowBalance" "--gtest_also_run_disabled_tests"
Directory: /Users/vitorteixeira/Desktop/FSOFT/PL3/fsoft2025_1DA_2/ProjectTester/FleetManagerTest/cmake-build-debug
"RevenueTest.testShowBalance" start time: Jun 12 22:53 WEST
Output:
----------------------------------------------------------
Running main() from /Users/vitorteixeira/Desktop/FSOFT/PL3/fsoft2025_1DA_2/ProjectTester/FleetManagerTest/googleTestLib/googletest-main/googletest/src/gtest_main.cc
Note: Google Test filter = RevenueTest.testShowBalance
[==========] Running 1 test from 1 test suite.
[----------] Global test environment set-up.
[----------] 1 test from RevenueTest
[ RUN      ] RevenueTest.testShowBalance
[       OK ] RevenueTest.testShowBalance (0 ms)
[----------] 1 test from RevenueTest (0 ms total)

[----------] Global test environment tear-down
[==========] 1 test from 1 test suite ran. (0 ms total)
[  PASSED  ] 1 test.
<end of output>
Test time =   0.01 sec
----------------------------------------------------------
Test Passed.
"RevenueTest.testShowBalance" end time: Jun 12 22:53 WEST
"RevenueTest.testShowBalance" time elapsed: 00:00:00
----------------------------------------------------------

38/63 Testing: VehicleTest.FuelVehicle
38/63 Test: VehicleTest.FuelVehicle
Command: "/Users/vitorteixeira/Desktop/FSOFT/PL3/fsoft2025_1DA_2/ProjectTester/FleetManagerTest/cmake-build-debug/runTests" "--gtest_filter=VehicleTest.FuelVehicle" "--gtest_also_run_disabled_tests"
Directory: /Users/vitorteixeira/Desktop/FSOFT/PL3/fsoft2025_1DA_2/ProjectTester/FleetManagerTest/cmake-build-debug
"VehicleTest.FuelVehicle" start time: Jun 12 22:53 WEST
Output:
----------------------------------------------------------
Running main() from /Users/vitorteixeira/Desktop/FSOFT/PL3/fsoft2025_1DA_2/ProjectTester/FleetManagerTest/googleTestLib/googletest-main/googletest/src/gtest_main.cc
Note: Google Test filter = VehicleTest.FuelVehicle
[==========] Running 1 test from 1 test suite.
[----------] Global test environment set-up.
[----------] 1 test from VehicleTest
[ RUN      ] VehicleTest.FuelVehicle
[       OK ] VehicleTest.FuelVehicle (0 ms)
[----------] 1 test from VehicleTest (0 ms total)

[----------] Global test environment tear-down
[==========] 1 test from 1 test suite ran. (0 ms total)
[  PASSED  ] 1 test.
<end of output>
Test time =   0.01 sec
----------------------------------------------------------
Test Passed.
"VehicleTest.FuelVehicle" end time: Jun 12 22:53 WEST
"VehicleTest.FuelVehicle" time elapsed: 00:00:00
----------------------------------------------------------

39/63 Testing: VehicleTest.UpdateMileage
39/63 Test: VehicleTest.UpdateMileage
Command: "/Users/vitorteixeira/Desktop/FSOFT/PL3/fsoft2025_1DA_2/ProjectTester/FleetManagerTest/cmake-build-debug/runTests" "--gtest_filter=VehicleTest.UpdateMileage" "--gtest_also_run_disabled_tests"
Directory: /Users/vitorteixeira/Desktop/FSOFT/PL3/fsoft2025_1DA_2/ProjectTester/FleetManagerTest/cmake-build-debug
"VehicleTest.UpdateMileage" start time: Jun 12 22:53 WEST
Output:
----------------------------------------------------------
Running main() from /Users/vitorteixeira/Desktop/FSOFT/PL3/fsoft2025_1DA_2/ProjectTester/FleetManagerTest/googleTestLib/googletest-main/googletest/src/gtest_main.cc
Note: Google Test filter = VehicleTest.UpdateMileage
[==========] Running 1 test from 1 test suite.
[----------] Global test environment set-up.
[----------] 1 test from VehicleTest
[ RUN      ] VehicleTest.UpdateMileage
[       OK ] VehicleTest.UpdateMileage (0 ms)
[----------] 1 test from VehicleTest (0 ms total)

[----------] Global test environment tear-down
[==========] 1 test from 1 test suite ran. (0 ms total)
[  PASSED  ] 1 test.
<end of output>
Test time =   0.01 sec
----------------------------------------------------------
Test Passed.
"VehicleTest.UpdateMileage" end time: Jun 12 22:53 WEST
"VehicleTest.UpdateMileage" time elapsed: 00:00:00
----------------------------------------------------------

40/63 Testing: VehicleTest.IsAvailable
40/63 Test: VehicleTest.IsAvailable
Command: "/Users/vitorteixeira/Desktop/FSOFT/PL3/fsoft2025_1DA_2/ProjectTester/FleetManagerTest/cmake-build-debug/runTests" "--gtest_filter=VehicleTest.IsAvailable" "--gtest_also_run_disabled_tests"
Directory: /Users/vitorteixeira/Desktop/FSOFT/PL3/fsoft2025_1DA_2/ProjectTester/FleetManagerTest/cmake-build-debug
"VehicleTest.IsAvailable" start time: Jun 12 22:53 WEST
Output:
----------------------------------------------------------
Running main() from /Users/vitorteixeira/Desktop/FSOFT/PL3/fsoft2025_1DA_2/ProjectTester/FleetManagerTest/googleTestLib/googletest-main/googletest/src/gtest_main.cc
Note: Google Test filter = VehicleTest.IsAvailable
[==========] Running 1 test from 1 test suite.
[----------] Global test environment set-up.
[----------] 1 test from VehicleTest
[ RUN      ] VehicleTest.IsAvailable
[       OK ] VehicleTest.IsAvailable (0 ms)
[----------] 1 test from VehicleTest (0 ms total)

[----------] Global test environment tear-down
[==========] 1 test from 1 test suite ran. (0 ms total)
[  PASSED  ] 1 test.
<end of output>
Test time =   0.01 sec
----------------------------------------------------------
Test Passed.
"VehicleTest.IsAvailable" end time: Jun 12 22:53 WEST
"VehicleTest.IsAvailable" time elapsed: 00:00:00
----------------------------------------------------------

41/63 Testing: VehicleTest.AddInsurance
41/63 Test: VehicleTest.AddInsurance
Command: "/Users/vitorteixeira/Desktop/FSOFT/PL3/fsoft2025_1DA_2/ProjectTester/FleetManagerTest/cmake-build-debug/runTests" "--gtest_filter=VehicleTest.AddInsurance" "--gtest_also_run_disabled_tests"
Directory: /Users/vitorteixeira/Desktop/FSOFT/PL3/fsoft2025_1DA_2/ProjectTester/FleetManagerTest/cmake-build-debug
"VehicleTest.AddInsurance" start time: Jun 12 22:53 WEST
Output:
----------------------------------------------------------
Running main() from /Users/vitorteixeira/Desktop/FSOFT/PL3/fsoft2025_1DA_2/ProjectTester/FleetManagerTest/googleTestLib/googletest-main/googletest/src/gtest_main.cc
Note: Google Test filter = VehicleTest.AddInsurance
[==========] Running 1 test from 1 test suite.
[----------] Global test environment set-up.
[----------] 1 test from VehicleTest
[ RUN      ] VehicleTest.AddInsurance
[       OK ] VehicleTest.AddInsurance (0 ms)
[----------] 1 test from VehicleTest (0 ms total)

[----------] Global test environment tear-down
[==========] 1 test from 1 test suite ran. (0 ms total)
[  PASSED  ] 1 test.
<end of output>
Test time =   0.01 sec
----------------------------------------------------------
Test Passed.
"VehicleTest.AddInsurance" end time: Jun 12 22:53 WEST
"VehicleTest.AddInsurance" time elapsed: 00:00:00
----------------------------------------------------------

42/63 Testing: VehicleTest.InsuranceExpiredMinus
42/63 Test: VehicleTest.InsuranceExpiredMinus
Command: "/Users/vitorteixeira/Desktop/FSOFT/PL3/fsoft2025_1DA_2/ProjectTester/FleetManagerTest/cmake-build-debug/runTests" "--gtest_filter=VehicleTest.InsuranceExpiredMinus" "--gtest_also_run_disabled_tests"
Directory: /Users/vitorteixeira/Desktop/FSOFT/PL3/fsoft2025_1DA_2/ProjectTester/FleetManagerTest/cmake-build-debug
"VehicleTest.InsuranceExpiredMinus" start time: Jun 12 22:53 WEST
Output:
----------------------------------------------------------
Running main() from /Users/vitorteixeira/Desktop/FSOFT/PL3/fsoft2025_1DA_2/ProjectTester/FleetManagerTest/googleTestLib/googletest-main/googletest/src/gtest_main.cc
Note: Google Test filter = VehicleTest.InsuranceExpiredMinus
[==========] Running 1 test from 1 test suite.
[----------] Global test environment set-up.
[----------] 1 test from VehicleTest
[ RUN      ] VehicleTest.InsuranceExpiredMinus
[       OK ] VehicleTest.InsuranceExpiredMinus (0 ms)
[----------] 1 test from VehicleTest (0 ms total)

[----------] Global test environment tear-down
[==========] 1 test from 1 test suite ran. (0 ms total)
[  PASSED  ] 1 test.
<end of output>
Test time =   0.01 sec
----------------------------------------------------------
Test Passed.
"VehicleTest.InsuranceExpiredMinus" end time: Jun 12 22:53 WEST
"VehicleTest.InsuranceExpiredMinus" time elapsed: 00:00:00
----------------------------------------------------------

43/63 Testing: VehicleTest.InsuranceExpiredToday
43/63 Test: VehicleTest.InsuranceExpiredToday
Command: "/Users/vitorteixeira/Desktop/FSOFT/PL3/fsoft2025_1DA_2/ProjectTester/FleetManagerTest/cmake-build-debug/runTests" "--gtest_filter=VehicleTest.InsuranceExpiredToday" "--gtest_also_run_disabled_tests"
Directory: /Users/vitorteixeira/Desktop/FSOFT/PL3/fsoft2025_1DA_2/ProjectTester/FleetManagerTest/cmake-build-debug
"VehicleTest.InsuranceExpiredToday" start time: Jun 12 22:53 WEST
Output:
----------------------------------------------------------
Running main() from /Users/vitorteixeira/Desktop/FSOFT/PL3/fsoft2025_1DA_2/ProjectTester/FleetManagerTest/googleTestLib/googletest-main/googletest/src/gtest_main.cc
Note: Google Test filter = VehicleTest.InsuranceExpiredToday
[==========] Running 1 test from 1 test suite.
[----------] Global test environment set-up.
[----------] 1 test from VehicleTest
[ RUN      ] VehicleTest.InsuranceExpiredToday
[       OK ] VehicleTest.InsuranceExpiredToday (0 ms)
[----------] 1 test from VehicleTest (0 ms total)

[----------] Global test environment tear-down
[==========] 1 test from 1 test suite ran. (0 ms total)
[  PASSED  ] 1 test.
<end of output>
Test time =   0.01 sec
----------------------------------------------------------
Test Passed.
"VehicleTest.InsuranceExpiredToday" end time: Jun 12 22:53 WEST
"VehicleTest.InsuranceExpiredToday" time elapsed: 00:00:00
----------------------------------------------------------

44/63 Testing: VehicleTest.InsuranceRemainingDays
44/63 Test: VehicleTest.InsuranceRemainingDays
Command: "/Users/vitorteixeira/Desktop/FSOFT/PL3/fsoft2025_1DA_2/ProjectTester/FleetManagerTest/cmake-build-debug/runTests" "--gtest_filter=VehicleTest.InsuranceRemainingDays" "--gtest_also_run_disabled_tests"
Directory: /Users/vitorteixeira/Desktop/FSOFT/PL3/fsoft2025_1DA_2/ProjectTester/FleetManagerTest/cmake-build-debug
"VehicleTest.InsuranceRemainingDays" start time: Jun 12 22:53 WEST
Output:
----------------------------------------------------------
Running main() from /Users/vitorteixeira/Desktop/FSOFT/PL3/fsoft2025_1DA_2/ProjectTester/FleetManagerTest/googleTestLib/googletest-main/googletest/src/gtest_main.cc
Note: Google Test filter = VehicleTest.InsuranceRemainingDays
[==========] Running 1 test from 1 test suite.
[----------] Global test environment set-up.
[----------] 1 test from VehicleTest
[ RUN      ] VehicleTest.InsuranceRemainingDays
[       OK ] VehicleTest.InsuranceRemainingDays (0 ms)
[----------] 1 test from VehicleTest (0 ms total)

[----------] Global test environment tear-down
[==========] 1 test from 1 test suite ran. (0 ms total)
[  PASSED  ] 1 test.
<end of output>
Test time =   0.01 sec
----------------------------------------------------------
Test Passed.
"VehicleTest.InsuranceRemainingDays" end time: Jun 12 22:53 WEST
"VehicleTest.InsuranceRemainingDays" time elapsed: 00:00:00
----------------------------------------------------------

45/63 Testing: VehicleTest.AddInspection
45/63 Test: VehicleTest.AddInspection
Command: "/Users/vitorteixeira/Desktop/FSOFT/PL3/fsoft2025_1DA_2/ProjectTester/FleetManagerTest/cmake-build-debug/runTests" "--gtest_filter=VehicleTest.AddInspection" "--gtest_also_run_disabled_tests"
Directory: /Users/vitorteixeira/Desktop/FSOFT/PL3/fsoft2025_1DA_2/ProjectTester/FleetManagerTest/cmake-build-debug
"VehicleTest.AddInspection" start time: Jun 12 22:53 WEST
Output:
----------------------------------------------------------
Running main() from /Users/vitorteixeira/Desktop/FSOFT/PL3/fsoft2025_1DA_2/ProjectTester/FleetManagerTest/googleTestLib/googletest-main/googletest/src/gtest_main.cc
Note: Google Test filter = VehicleTest.AddInspection
[==========] Running 1 test from 1 test suite.
[----------] Global test environment set-up.
[----------] 1 test from VehicleTest
[ RUN      ] VehicleTest.AddInspection
[       OK ] VehicleTest.AddInspection (0 ms)
[----------] 1 test from VehicleTest (0 ms total)

[----------] Global test environment tear-down
[==========] 1 test from 1 test suite ran. (0 ms total)
[  PASSED  ] 1 test.
<end of output>
Test time =   0.01 sec
----------------------------------------------------------
Test Passed.
"VehicleTest.AddInspection" end time: Jun 12 22:53 WEST
"VehicleTest.AddInspection" time elapsed: 00:00:00
----------------------------------------------------------

46/63 Testing: VehicleTest.InspectionDuedMinus
46/63 Test: VehicleTest.InspectionDuedMinus
Command: "/Users/vitorteixeira/Desktop/FSOFT/PL3/fsoft2025_1DA_2/ProjectTester/FleetManagerTest/cmake-build-debug/runTests" "--gtest_filter=VehicleTest.InspectionDuedMinus" "--gtest_also_run_disabled_tests"
Directory: /Users/vitorteixeira/Desktop/FSOFT/PL3/fsoft2025_1DA_2/ProjectTester/FleetManagerTest/cmake-build-debug
"VehicleTest.InspectionDuedMinus" start time: Jun 12 22:53 WEST
Output:
----------------------------------------------------------
Running main() from /Users/vitorteixeira/Desktop/FSOFT/PL3/fsoft2025_1DA_2/ProjectTester/FleetManagerTest/googleTestLib/googletest-main/googletest/src/gtest_main.cc
Note: Google Test filter = VehicleTest.InspectionDuedMinus
[==========] Running 1 test from 1 test suite.
[----------] Global test environment set-up.
[----------] 1 test from VehicleTest
[ RUN      ] VehicleTest.InspectionDuedMinus
[       OK ] VehicleTest.InspectionDuedMinus (0 ms)
[----------] 1 test from VehicleTest (0 ms total)

[----------] Global test environment tear-down
[==========] 1 test from 1 test suite ran. (0 ms total)
[  PASSED  ] 1 test.
<end of output>
Test time =   0.01 sec
----------------------------------------------------------
Test Passed.
"VehicleTest.InspectionDuedMinus" end time: Jun 12 22:53 WEST
"VehicleTest.InspectionDuedMinus" time elapsed: 00:00:00
----------------------------------------------------------

47/63 Testing: VehicleTest.InspectionExpiredToday
47/63 Test: VehicleTest.InspectionExpiredToday
Command: "/Users/vitorteixeira/Desktop/FSOFT/PL3/fsoft2025_1DA_2/ProjectTester/FleetManagerTest/cmake-build-debug/runTests" "--gtest_filter=VehicleTest.InspectionExpiredToday" "--gtest_also_run_disabled_tests"
Directory: /Users/vitorteixeira/Desktop/FSOFT/PL3/fsoft2025_1DA_2/ProjectTester/FleetManagerTest/cmake-build-debug
"VehicleTest.InspectionExpiredToday" start time: Jun 12 22:53 WEST
Output:
----------------------------------------------------------
Running main() from /Users/vitorteixeira/Desktop/FSOFT/PL3/fsoft2025_1DA_2/ProjectTester/FleetManagerTest/googleTestLib/googletest-main/googletest/src/gtest_main.cc
Note: Google Test filter = VehicleTest.InspectionExpiredToday
[==========] Running 1 test from 1 test suite.
[----------] Global test environment set-up.
[----------] 1 test from VehicleTest
[ RUN      ] VehicleTest.InspectionExpiredToday
[       OK ] VehicleTest.InspectionExpiredToday (0 ms)
[----------] 1 test from VehicleTest (0 ms total)

[----------] Global test environment tear-down
[==========] 1 test from 1 test suite ran. (0 ms total)
[  PASSED  ] 1 test.
<end of output>
Test time =   0.01 sec
----------------------------------------------------------
Test Passed.
"VehicleTest.InspectionExpiredToday" end time: Jun 12 22:53 WEST
"VehicleTest.InspectionExpiredToday" time elapsed: 00:00:00
----------------------------------------------------------

48/63 Testing: VehicleTest.InspectionRemainingDays
48/63 Test: VehicleTest.InspectionRemainingDays
Command: "/Users/vitorteixeira/Desktop/FSOFT/PL3/fsoft2025_1DA_2/ProjectTester/FleetManagerTest/cmake-build-debug/runTests" "--gtest_filter=VehicleTest.InspectionRemainingDays" "--gtest_also_run_disabled_tests"
Directory: /Users/vitorteixeira/Desktop/FSOFT/PL3/fsoft2025_1DA_2/ProjectTester/FleetManagerTest/cmake-build-debug
"VehicleTest.InspectionRemainingDays" start time: Jun 12 22:53 WEST
Output:
----------------------------------------------------------
Running main() from /Users/vitorteixeira/Desktop/FSOFT/PL3/fsoft2025_1DA_2/ProjectTester/FleetManagerTest/googleTestLib/googletest-main/googletest/src/gtest_main.cc
Note: Google Test filter = VehicleTest.InspectionRemainingDays
[==========] Running 1 test from 1 test suite.
[----------] Global test environment set-up.
[----------] 1 test from VehicleTest
[ RUN      ] VehicleTest.InspectionRemainingDays
[       OK ] VehicleTest.InspectionRemainingDays (0 ms)
[----------] 1 test from VehicleTest (0 ms total)

[----------] Global test environment tear-down
[==========] 1 test from 1 test suite ran. (0 ms total)
[  PASSED  ] 1 test.
<end of output>
Test time =   0.02 sec
----------------------------------------------------------
Test Passed.
"VehicleTest.InspectionRemainingDays" end time: Jun 12 22:53 WEST
"VehicleTest.InspectionRemainingDays" time elapsed: 00:00:00
----------------------------------------------------------

49/63 Testing: VanTest.EmptyConstructorInicialization
49/63 Test: VanTest.EmptyConstructorInicialization
Command: "/Users/vitorteixeira/Desktop/FSOFT/PL3/fsoft2025_1DA_2/ProjectTester/FleetManagerTest/cmake-build-debug/runTests" "--gtest_filter=VanTest.EmptyConstructorInicialization" "--gtest_also_run_disabled_tests"
Directory: /Users/vitorteixeira/Desktop/FSOFT/PL3/fsoft2025_1DA_2/ProjectTester/FleetManagerTest/cmake-build-debug
"VanTest.EmptyConstructorInicialization" start time: Jun 12 22:53 WEST
Output:
----------------------------------------------------------
Running main() from /Users/vitorteixeira/Desktop/FSOFT/PL3/fsoft2025_1DA_2/ProjectTester/FleetManagerTest/googleTestLib/googletest-main/googletest/src/gtest_main.cc
Note: Google Test filter = VanTest.EmptyConstructorInicialization
[==========] Running 1 test from 1 test suite.
[----------] Global test environment set-up.
[----------] 1 test from VanTest
[ RUN      ] VanTest.EmptyConstructorInicialization
[       OK ] VanTest.EmptyConstructorInicialization (0 ms)
[----------] 1 test from VanTest (0 ms total)

[----------] Global test environment tear-down
[==========] 1 test from 1 test suite ran. (0 ms total)
[  PASSED  ] 1 test.
<end of output>
Test time =   0.01 sec
----------------------------------------------------------
Test Passed.
"VanTest.EmptyConstructorInicialization" end time: Jun 12 22:53 WEST
"VanTest.EmptyConstructorInicialization" time elapsed: 00:00:00
----------------------------------------------------------

50/63 Testing: VanTest.CreateVan
50/63 Test: VanTest.CreateVan
Command: "/Users/vitorteixeira/Desktop/FSOFT/PL3/fsoft2025_1DA_2/ProjectTester/FleetManagerTest/cmake-build-debug/runTests" "--gtest_filter=VanTest.CreateVan" "--gtest_also_run_disabled_tests"
Directory: /Users/vitorteixeira/Desktop/FSOFT/PL3/fsoft2025_1DA_2/ProjectTester/FleetManagerTest/cmake-build-debug
"VanTest.CreateVan" start time: Jun 12 22:53 WEST
Output:
----------------------------------------------------------
Running main() from /Users/vitorteixeira/Desktop/FSOFT/PL3/fsoft2025_1DA_2/ProjectTester/FleetManagerTest/googleTestLib/googletest-main/googletest/src/gtest_main.cc
Note: Google Test filter = VanTest.CreateVan
[==========] Running 1 test from 1 test suite.
[----------] Global test environment set-up.
[----------] 1 test from VanTest
[ RUN      ] VanTest.CreateVan
[       OK ] VanTest.CreateVan (0 ms)
[----------] 1 test from VanTest (0 ms total)

[----------] Global test environment tear-down
[==========] 1 test from 1 test suite ran. (0 ms total)
[  PASSED  ] 1 test.
<end of output>
Test time =   0.01 sec
----------------------------------------------------------
Test Passed.
"VanTest.CreateVan" end time: Jun 12 22:53 WEST
"VanTest.CreateVan" time elapsed: 00:00:00
----------------------------------------------------------

51/63 Testing: TruckTest.EmptyConstructorInicialization
51/63 Test: TruckTest.EmptyConstructorInicialization
Command: "/Users/vitorteixeira/Desktop/FSOFT/PL3/fsoft2025_1DA_2/ProjectTester/FleetManagerTest/cmake-build-debug/runTests" "--gtest_filter=TruckTest.EmptyConstructorInicialization" "--gtest_also_run_disabled_tests"
Directory: /Users/vitorteixeira/Desktop/FSOFT/PL3/fsoft2025_1DA_2/ProjectTester/FleetManagerTest/cmake-build-debug
"TruckTest.EmptyConstructorInicialization" start time: Jun 12 22:53 WEST
Output:
----------------------------------------------------------
Running main() from /Users/vitorteixeira/Desktop/FSOFT/PL3/fsoft2025_1DA_2/ProjectTester/FleetManagerTest/googleTestLib/googletest-main/googletest/src/gtest_main.cc
Note: Google Test filter = TruckTest.EmptyConstructorInicialization
[==========] Running 1 test from 1 test suite.
[----------] Global test environment set-up.
[----------] 1 test from TruckTest
[ RUN      ] TruckTest.EmptyConstructorInicialization
[       OK ] TruckTest.EmptyConstructorInicialization (0 ms)
[----------] 1 test from TruckTest (0 ms total)

[----------] Global test environment tear-down
[==========] 1 test from 1 test suite ran. (0 ms total)
[  PASSED  ] 1 test.
<end of output>
Test time =   0.01 sec
----------------------------------------------------------
Test Passed.
"TruckTest.EmptyConstructorInicialization" end time: Jun 12 22:53 WEST
"TruckTest.EmptyConstructorInicialization" time elapsed: 00:00:00
----------------------------------------------------------

52/63 Testing: TruckTest.CreateTruck
52/63 Test: TruckTest.CreateTruck
Command: "/Users/vitorteixeira/Desktop/FSOFT/PL3/fsoft2025_1DA_2/ProjectTester/FleetManagerTest/cmake-build-debug/runTests" "--gtest_filter=TruckTest.CreateTruck" "--gtest_also_run_disabled_tests"
Directory: /Users/vitorteixeira/Desktop/FSOFT/PL3/fsoft2025_1DA_2/ProjectTester/FleetManagerTest/cmake-build-debug
"TruckTest.CreateTruck" start time: Jun 12 22:53 WEST
Output:
----------------------------------------------------------
Running main() from /Users/vitorteixeira/Desktop/FSOFT/PL3/fsoft2025_1DA_2/ProjectTester/FleetManagerTest/googleTestLib/googletest-main/googletest/src/gtest_main.cc
Note: Google Test filter = TruckTest.CreateTruck
[==========] Running 1 test from 1 test suite.
[----------] Global test environment set-up.
[----------] 1 test from TruckTest
[ RUN      ] TruckTest.CreateTruck
[       OK ] TruckTest.CreateTruck (0 ms)
[----------] 1 test from TruckTest (0 ms total)

[----------] Global test environment tear-down
[==========] 1 test from 1 test suite ran. (0 ms total)
[  PASSED  ] 1 test.
<end of output>
Test time =   0.01 sec
----------------------------------------------------------
Test Passed.
"TruckTest.CreateTruck" end time: Jun 12 22:53 WEST
"TruckTest.CreateTruck" time elapsed: 00:00:00
----------------------------------------------------------

53/63 Testing: VSLTest.EmptyConstructorInitialization
53/63 Test: VSLTest.EmptyConstructorInitialization
Command: "/Users/vitorteixeira/Desktop/FSOFT/PL3/fsoft2025_1DA_2/ProjectTester/FleetManagerTest/cmake-build-debug/runTests" "--gtest_filter=VSLTest.EmptyConstructorInitialization" "--gtest_also_run_disabled_tests"
Directory: /Users/vitorteixeira/Desktop/FSOFT/PL3/fsoft2025_1DA_2/ProjectTester/FleetManagerTest/cmake-build-debug
"VSLTest.EmptyConstructorInitialization" start time: Jun 12 22:53 WEST
Output:
----------------------------------------------------------
Running main() from /Users/vitorteixeira/Desktop/FSOFT/PL3/fsoft2025_1DA_2/ProjectTester/FleetManagerTest/googleTestLib/googletest-main/googletest/src/gtest_main.cc
Note: Google Test filter = VSLTest.EmptyConstructorInitialization
[==========] Running 1 test from 1 test suite.
[----------] Global test environment set-up.
[----------] 1 test from VSLTest
[ RUN      ] VSLTest.EmptyConstructorInitialization
[       OK ] VSLTest.EmptyConstructorInitialization (0 ms)
[----------] 1 test from VSLTest (0 ms total)

[----------] Global test environment tear-down
[==========] 1 test from 1 test suite ran. (0 ms total)
[  PASSED  ] 1 test.
<end of output>
Test time =   0.01 sec
----------------------------------------------------------
Test Passed.
"VSLTest.EmptyConstructorInitialization" end time: Jun 12 22:53 WEST
"VSLTest.EmptyConstructorInitialization" time elapsed: 00:00:00
----------------------------------------------------------

54/63 Testing: VSLTest.IncrementVehicleCount
54/63 Test: VSLTest.IncrementVehicleCount
Command: "/Users/vitorteixeira/Desktop/FSOFT/PL3/fsoft2025_1DA_2/ProjectTester/FleetManagerTest/cmake-build-debug/runTests" "--gtest_filter=VSLTest.IncrementVehicleCount" "--gtest_also_run_disabled_tests"
Directory: /Users/vitorteixeira/Desktop/FSOFT/PL3/fsoft2025_1DA_2/ProjectTester/FleetManagerTest/cmake-build-debug
"VSLTest.IncrementVehicleCount" start time: Jun 12 22:53 WEST
Output:
----------------------------------------------------------
Running main() from /Users/vitorteixeira/Desktop/FSOFT/PL3/fsoft2025_1DA_2/ProjectTester/FleetManagerTest/googleTestLib/googletest-main/googletest/src/gtest_main.cc
Note: Google Test filter = VSLTest.IncrementVehicleCount
[==========] Running 1 test from 1 test suite.
[----------] Global test environment set-up.
[----------] 1 test from VSLTest
[ RUN      ] VSLTest.IncrementVehicleCount
[       OK ] VSLTest.IncrementVehicleCount (0 ms)
[----------] 1 test from VSLTest (0 ms total)

[----------] Global test environment tear-down
[==========] 1 test from 1 test suite ran. (0 ms total)
[  PASSED  ] 1 test.
<end of output>
Test time =   0.01 sec
----------------------------------------------------------
Test Passed.
"VSLTest.IncrementVehicleCount" end time: Jun 12 22:53 WEST
"VSLTest.IncrementVehicleCount" time elapsed: 00:00:00
----------------------------------------------------------

55/63 Testing: VSLTest.DecrementVehicleCount
55/63 Test: VSLTest.DecrementVehicleCount
Command: "/Users/vitorteixeira/Desktop/FSOFT/PL3/fsoft2025_1DA_2/ProjectTester/FleetManagerTest/cmake-build-debug/runTests" "--gtest_filter=VSLTest.DecrementVehicleCount" "--gtest_also_run_disabled_tests"
Directory: /Users/vitorteixeira/Desktop/FSOFT/PL3/fsoft2025_1DA_2/ProjectTester/FleetManagerTest/cmake-build-debug
"VSLTest.DecrementVehicleCount" start time: Jun 12 22:53 WEST
Output:
----------------------------------------------------------
Running main() from /Users/vitorteixeira/Desktop/FSOFT/PL3/fsoft2025_1DA_2/ProjectTester/FleetManagerTest/googleTestLib/googletest-main/googletest/src/gtest_main.cc
Note: Google Test filter = VSLTest.DecrementVehicleCount
[==========] Running 1 test from 1 test suite.
[----------] Global test environment set-up.
[----------] 1 test from VSLTest
[ RUN      ] VSLTest.DecrementVehicleCount
[       OK ] VSLTest.DecrementVehicleCount (0 ms)
[----------] 1 test from VSLTest (0 ms total)

[----------] Global test environment tear-down
[==========] 1 test from 1 test suite ran. (0 ms total)
[  PASSED  ] 1 test.
<end of output>
Test time =   0.01 sec
----------------------------------------------------------
Test Passed.
"VSLTest.DecrementVehicleCount" end time: Jun 12 22:53 WEST
"VSLTest.DecrementVehicleCount" time elapsed: 00:00:00
----------------------------------------------------------

56/63 Testing: VSLTest.AddVehicleToStorageLocation
56/63 Test: VSLTest.AddVehicleToStorageLocation
Command: "/Users/vitorteixeira/Desktop/FSOFT/PL3/fsoft2025_1DA_2/ProjectTester/FleetManagerTest/cmake-build-debug/runTests" "--gtest_filter=VSLTest.AddVehicleToStorageLocation" "--gtest_also_run_disabled_tests"
Directory: /Users/vitorteixeira/Desktop/FSOFT/PL3/fsoft2025_1DA_2/ProjectTester/FleetManagerTest/cmake-build-debug
"VSLTest.AddVehicleToStorageLocation" start time: Jun 12 22:53 WEST
Output:
----------------------------------------------------------
Running main() from /Users/vitorteixeira/Desktop/FSOFT/PL3/fsoft2025_1DA_2/ProjectTester/FleetManagerTest/googleTestLib/googletest-main/googletest/src/gtest_main.cc
Note: Google Test filter = VSLTest.AddVehicleToStorageLocation
[==========] Running 1 test from 1 test suite.
[----------] Global test environment set-up.
[----------] 1 test from VSLTest
[ RUN      ] VSLTest.AddVehicleToStorageLocation
[       OK ] VSLTest.AddVehicleToStorageLocation (0 ms)
[----------] 1 test from VSLTest (0 ms total)

[----------] Global test environment tear-down
[==========] 1 test from 1 test suite ran. (0 ms total)
[  PASSED  ] 1 test.
<end of output>
Test time =   0.01 sec
----------------------------------------------------------
Test Passed.
"VSLTest.AddVehicleToStorageLocation" end time: Jun 12 22:53 WEST
"VSLTest.AddVehicleToStorageLocation" time elapsed: 00:00:00
----------------------------------------------------------

57/63 Testing: OrderContainerTest.TestRemoveOrderFromContainer
57/63 Test: OrderContainerTest.TestRemoveOrderFromContainer
Command: "/Users/vitorteixeira/Desktop/FSOFT/PL3/fsoft2025_1DA_2/ProjectTester/FleetManagerTest/cmake-build-debug/runTests" "--gtest_filter=OrderContainerTest.TestRemoveOrderFromContainer" "--gtest_also_run_disabled_tests"
Directory: /Users/vitorteixeira/Desktop/FSOFT/PL3/fsoft2025_1DA_2/ProjectTester/FleetManagerTest/cmake-build-debug
"OrderContainerTest.TestRemoveOrderFromContainer" start time: Jun 12 22:53 WEST
Output:
----------------------------------------------------------
Running main() from /Users/vitorteixeira/Desktop/FSOFT/PL3/fsoft2025_1DA_2/ProjectTester/FleetManagerTest/googleTestLib/googletest-main/googletest/src/gtest_main.cc
Note: Google Test filter = OrderContainerTest.TestRemoveOrderFromContainer
[==========] Running 1 test from 1 test suite.
[----------] Global test environment set-up.
[----------] 1 test from OrderContainerTest
[ RUN      ] OrderContainerTest.TestRemoveOrderFromContainer
[       OK ] OrderContainerTest.TestRemoveOrderFromContainer (0 ms)
[----------] 1 test from OrderContainerTest (0 ms total)

[----------] Global test environment tear-down
[==========] 1 test from 1 test suite ran. (0 ms total)
[  PASSED  ] 1 test.
<end of output>
Test time =   0.01 sec
----------------------------------------------------------
Test Passed.
"OrderContainerTest.TestRemoveOrderFromContainer" end time: Jun 12 22:53 WEST
"OrderContainerTest.TestRemoveOrderFromContainer" time elapsed: 00:00:00
----------------------------------------------------------

58/63 Testing: OrderContainerTest.TestFindOrderInContainer
58/63 Test: OrderContainerTest.TestFindOrderInContainer
Command: "/Users/vitorteixeira/Desktop/FSOFT/PL3/fsoft2025_1DA_2/ProjectTester/FleetManagerTest/cmake-build-debug/runTests" "--gtest_filter=OrderContainerTest.TestFindOrderInContainer" "--gtest_also_run_disabled_tests"
Directory: /Users/vitorteixeira/Desktop/FSOFT/PL3/fsoft2025_1DA_2/ProjectTester/FleetManagerTest/cmake-build-debug
"OrderContainerTest.TestFindOrderInContainer" start time: Jun 12 22:53 WEST
Output:
----------------------------------------------------------
Running main() from /Users/vitorteixeira/Desktop/FSOFT/PL3/fsoft2025_1DA_2/ProjectTester/FleetManagerTest/googleTestLib/googletest-main/googletest/src/gtest_main.cc
Note: Google Test filter = OrderContainerTest.TestFindOrderInContainer
[==========] Running 1 test from 1 test suite.
[----------] Global test environment set-up.
[----------] 1 test from OrderContainerTest
[ RUN      ] OrderContainerTest.TestFindOrderInContainer
[       OK ] OrderContainerTest.TestFindOrderInContainer (0 ms)
[----------] 1 test from OrderContainerTest (0 ms total)

[----------] Global test environment tear-down
[==========] 1 test from 1 test suite ran. (0 ms total)
[  PASSED  ] 1 test.
<end of output>
Test time =   0.01 sec
----------------------------------------------------------
Test Passed.
"OrderContainerTest.TestFindOrderInContainer" end time: Jun 12 22:53 WEST
"OrderContainerTest.TestFindOrderInContainer" time elapsed: 00:00:00
----------------------------------------------------------

59/63 Testing: OrderContainerTest.TestListOrders
59/63 Test: OrderContainerTest.TestListOrders
Command: "/Users/vitorteixeira/Desktop/FSOFT/PL3/fsoft2025_1DA_2/ProjectTester/FleetManagerTest/cmake-build-debug/runTests" "--gtest_filter=OrderContainerTest.TestListOrders" "--gtest_also_run_disabled_tests"
Directory: /Users/vitorteixeira/Desktop/FSOFT/PL3/fsoft2025_1DA_2/ProjectTester/FleetManagerTest/cmake-build-debug
"OrderContainerTest.TestListOrders" start time: Jun 12 22:53 WEST
Output:
----------------------------------------------------------
Running main() from /Users/vitorteixeira/Desktop/FSOFT/PL3/fsoft2025_1DA_2/ProjectTester/FleetManagerTest/googleTestLib/googletest-main/googletest/src/gtest_main.cc
Note: Google Test filter = OrderContainerTest.TestListOrders
[==========] Running 1 test from 1 test suite.
[----------] Global test environment set-up.
[----------] 1 test from OrderContainerTest
[ RUN      ] OrderContainerTest.TestListOrders
[       OK ] OrderContainerTest.TestListOrders (0 ms)
[----------] 1 test from OrderContainerTest (0 ms total)

[----------] Global test environment tear-down
[==========] 1 test from 1 test suite ran. (0 ms total)
[  PASSED  ] 1 test.
<end of output>
Test time =   0.01 sec
----------------------------------------------------------
Test Passed.
"OrderContainerTest.TestListOrders" end time: Jun 12 22:53 WEST
"OrderContainerTest.TestListOrders" time elapsed: 00:00:00
----------------------------------------------------------

60/63 Testing: OrderContainerTest.TestListOrdersByClient
60/63 Test: OrderContainerTest.TestListOrdersByClient
Command: "/Users/vitorteixeira/Desktop/FSOFT/PL3/fsoft2025_1DA_2/ProjectTester/FleetManagerTest/cmake-build-debug/runTests" "--gtest_filter=OrderContainerTest.TestListOrdersByClient" "--gtest_also_run_disabled_tests"
Directory: /Users/vitorteixeira/Desktop/FSOFT/PL3/fsoft2025_1DA_2/ProjectTester/FleetManagerTest/cmake-build-debug
"OrderContainerTest.TestListOrdersByClient" start time: Jun 12 22:53 WEST
Output:
----------------------------------------------------------
Running main() from /Users/vitorteixeira/Desktop/FSOFT/PL3/fsoft2025_1DA_2/ProjectTester/FleetManagerTest/googleTestLib/googletest-main/googletest/src/gtest_main.cc
Note: Google Test filter = OrderContainerTest.TestListOrdersByClient
[==========] Running 1 test from 1 test suite.
[----------] Global test environment set-up.
[----------] 1 test from OrderContainerTest
[ RUN      ] OrderContainerTest.TestListOrdersByClient
[       OK ] OrderContainerTest.TestListOrdersByClient (0 ms)
[----------] 1 test from OrderContainerTest (0 ms total)

[----------] Global test environment tear-down
[==========] 1 test from 1 test suite ran. (0 ms total)
[  PASSED  ] 1 test.
<end of output>
Test time =   0.01 sec
----------------------------------------------------------
Test Passed.
"OrderContainerTest.TestListOrdersByClient" end time: Jun 12 22:53 WEST
"OrderContainerTest.TestListOrdersByClient" time elapsed: 00:00:00
----------------------------------------------------------

61/63 Testing: DriverContainerTest.TestAddDriver
61/63 Test: DriverContainerTest.TestAddDriver
Command: "/Users/vitorteixeira/Desktop/FSOFT/PL3/fsoft2025_1DA_2/ProjectTester/FleetManagerTest/cmake-build-debug/runTests" "--gtest_filter=DriverContainerTest.TestAddDriver" "--gtest_also_run_disabled_tests"
Directory: /Users/vitorteixeira/Desktop/FSOFT/PL3/fsoft2025_1DA_2/ProjectTester/FleetManagerTest/cmake-build-debug
"DriverContainerTest.TestAddDriver" start time: Jun 12 22:53 WEST
Output:
----------------------------------------------------------
Running main() from /Users/vitorteixeira/Desktop/FSOFT/PL3/fsoft2025_1DA_2/ProjectTester/FleetManagerTest/googleTestLib/googletest-main/googletest/src/gtest_main.cc
Note: Google Test filter = DriverContainerTest.TestAddDriver
[==========] Running 1 test from 1 test suite.
[----------] Global test environment set-up.
[----------] 1 test from DriverContainerTest
[ RUN      ] DriverContainerTest.TestAddDriver
[       OK ] DriverContainerTest.TestAddDriver (0 ms)
[----------] 1 test from DriverContainerTest (0 ms total)

[----------] Global test environment tear-down
[==========] 1 test from 1 test suite ran. (0 ms total)
[  PASSED  ] 1 test.
<end of output>
Test time =   0.01 sec
----------------------------------------------------------
Test Passed.
"DriverContainerTest.TestAddDriver" end time: Jun 12 22:53 WEST
"DriverContainerTest.TestAddDriver" time elapsed: 00:00:00
----------------------------------------------------------

62/63 Testing: DriverContainerTest.TestRemoveDriver
62/63 Test: DriverContainerTest.TestRemoveDriver
Command: "/Users/vitorteixeira/Desktop/FSOFT/PL3/fsoft2025_1DA_2/ProjectTester/FleetManagerTest/cmake-build-debug/runTests" "--gtest_filter=DriverContainerTest.TestRemoveDriver" "--gtest_also_run_disabled_tests"
Directory: /Users/vitorteixeira/Desktop/FSOFT/PL3/fsoft2025_1DA_2/ProjectTester/FleetManagerTest/cmake-build-debug
"DriverContainerTest.TestRemoveDriver" start time: Jun 12 22:53 WEST
Output:
----------------------------------------------------------
Running main() from /Users/vitorteixeira/Desktop/FSOFT/PL3/fsoft2025_1DA_2/ProjectTester/FleetManagerTest/googleTestLib/googletest-main/googletest/src/gtest_main.cc
Note: Google Test filter = DriverContainerTest.TestRemoveDriver
[==========] Running 1 test from 1 test suite.
[----------] Global test environment set-up.
[----------] 1 test from DriverContainerTest
[ RUN      ] DriverContainerTest.TestRemoveDriver
[       OK ] DriverContainerTest.TestRemoveDriver (0 ms)
[----------] 1 test from DriverContainerTest (0 ms total)

[----------] Global test environment tear-down
[==========] 1 test from 1 test suite ran. (0 ms total)
[  PASSED  ] 1 test.
<end of output>
Test time =   0.01 sec
----------------------------------------------------------
Test Passed.
"DriverContainerTest.TestRemoveDriver" end time: Jun 12 22:53 WEST
"DriverContainerTest.TestRemoveDriver" time elapsed: 00:00:00
----------------------------------------------------------

63/63 Testing: DriverContainerTest.TestAddVacation
63/63 Test: DriverContainerTest.TestAddVacation
Command: "/Users/vitorteixeira/Desktop/FSOFT/PL3/fsoft2025_1DA_2/ProjectTester/FleetManagerTest/cmake-build-debug/runTests" "--gtest_filter=DriverContainerTest.TestAddVacation" "--gtest_also_run_disabled_tests"
Directory: /Users/vitorteixeira/Desktop/FSOFT/PL3/fsoft2025_1DA_2/ProjectTester/FleetManagerTest/cmake-build-debug
"DriverContainerTest.TestAddVacation" start time: Jun 12 22:53 WEST
Output:
----------------------------------------------------------
Running main() from /Users/vitorteixeira/Desktop/FSOFT/PL3/fsoft2025_1DA_2/ProjectTester/FleetManagerTest/googleTestLib/googletest-main/googletest/src/gtest_main.cc
Note: Google Test filter = DriverContainerTest.TestAddVacation
[==========] Running 1 test from 1 test suite.
[----------] Global test environment set-up.
[----------] 1 test from DriverContainerTest
[ RUN      ] DriverContainerTest.TestAddVacation
[       OK ] DriverContainerTest.TestAddVacation (0 ms)
[----------] 1 test from DriverContainerTest (0 ms total)

[----------] Global test environment tear-down
[==========] 1 test from 1 test suite ran. (0 ms total)
[  PASSED  ] 1 test.
<end of output>
Test time =   0.01 sec
----------------------------------------------------------
Test Passed.
"DriverContainerTest.TestAddVacation" end time: Jun 12 22:53 WEST
"DriverContainerTest.TestAddVacation" time elapsed: 00:00:00
----------------------------------------------------------

End testing: Jun 12 22:53 WEST
